13:05:36 **** Build of configuration Debug for project MiniLab00 ****
make -j8 all 
arm-none-eabi-gcc "../Drivers/STM32L4xx_HAL_Driver/Src/stm32l4xx_hal.c" -mcpu=cortex-m4 -std=gnu11 -g3 -DDEBUG -DUSE_HAL_DRIVER -DSTM32L476xx -c -I../Core/Inc -I../Drivers/STM32L4xx_HAL_Driver/Inc -I../Drivers/STM32L4xx_HAL_Driver/Inc/Legacy -I../Drivers/CMSIS/Device/ST/STM32L4xx/Include -I../Drivers/CMSIS/Include -O0 -ffunction-sections -fdata-sections -Wall -fstack-usage -fcyclomatic-complexity -MMD -MP -MF"Drivers/STM32L4xx_HAL_Driver/Src/stm32l4xx_hal.d" -MT"Drivers/STM32L4xx_HAL_Driver/Src/stm32l4xx_hal.o" --specs=nano.specs -mfpu=fpv4-sp-d16 -mfloat-abi=hard -mthumb -o "Drivers/STM32L4xx_HAL_Driver/Src/stm32l4xx_hal.o"
arm-none-eabi-gcc "../Drivers/STM32L4xx_HAL_Driver/Src/stm32l4xx_hal_cortex.c" -mcpu=cortex-m4 -std=gnu11 -g3 -DDEBUG -DUSE_HAL_DRIVER -DSTM32L476xx -c -I../Core/Inc -I../Drivers/STM32L4xx_HAL_Driver/Inc -I../Drivers/STM32L4xx_HAL_Driver/Inc/Legacy -I../Drivers/CMSIS/Device/ST/STM32L4xx/Include -I../Drivers/CMSIS/Include -O0 -ffunction-sections -fdata-sections -Wall -fstack-usage -fcyclomatic-complexity -MMD -MP -MF"Drivers/STM32L4xx_HAL_Driver/Src/stm32l4xx_hal_cortex.d" -MT"Drivers/STM32L4xx_HAL_Driver/Src/stm32l4xx_hal_cortex.o" --specs=nano.specs -mfpu=fpv4-sp-d16 -mfloat-abi=hard -mthumb -o "Drivers/STM32L4xx_HAL_Driver/Src/stm32l4xx_hal_cortex.o"
arm-none-eabi-gcc "../Drivers/STM32L4xx_HAL_Driver/Src/stm32l4xx_hal_dma.c" -mcpu=cortex-m4 -std=gnu11 -g3 -DDEBUG -DUSE_HAL_DRIVER -DSTM32L476xx -c -I../Core/Inc -I../Drivers/STM32L4xx_HAL_Driver/Inc -I../Drivers/STM32L4xx_HAL_Driver/Inc/Legacy -I../Drivers/CMSIS/Device/ST/STM32L4xx/Include -I../Drivers/CMSIS/Include -O0 -ffunction-sections -fdata-sections -Wall -fstack-usage -fcyclomatic-complexity -MMD -MP -MF"Drivers/STM32L4xx_HAL_Driver/Src/stm32l4xx_hal_dma.d" -MT"Drivers/STM32L4xx_HAL_Driver/Src/stm32l4xx_hal_dma.o" --specs=nano.specs -mfpu=fpv4-sp-d16 -mfloat-abi=hard -mthumb -o "Drivers/STM32L4xx_HAL_Driver/Src/stm32l4xx_hal_dma.o"
arm-none-eabi-gcc "../Drivers/STM32L4xx_HAL_Driver/Src/stm32l4xx_hal_dma_ex.c" -mcpu=cortex-m4 -std=gnu11 -g3 -DDEBUG -DUSE_HAL_DRIVER -DSTM32L476xx -c -I../Core/Inc -I../Drivers/STM32L4xx_HAL_Driver/Inc -I../Drivers/STM32L4xx_HAL_Driver/Inc/Legacy -I../Drivers/CMSIS/Device/ST/STM32L4xx/Include -I../Drivers/CMSIS/Include -O0 -ffunction-sections -fdata-sections -Wall -fstack-usage -fcyclomatic-complexity -MMD -MP -MF"Drivers/STM32L4xx_HAL_Driver/Src/stm32l4xx_hal_dma_ex.d" -MT"Drivers/STM32L4xx_HAL_Driver/Src/stm32l4xx_hal_dma_ex.o" --specs=nano.specs -mfpu=fpv4-sp-d16 -mfloat-abi=hard -mthumb -o "Drivers/STM32L4xx_HAL_Driver/Src/stm32l4xx_hal_dma_ex.o"
arm-none-eabi-gcc "../Drivers/STM32L4xx_HAL_Driver/Src/stm32l4xx_hal_exti.c" -mcpu=cortex-m4 -std=gnu11 -g3 -DDEBUG -DUSE_HAL_DRIVER -DSTM32L476xx -c -I../Core/Inc -I../Drivers/STM32L4xx_HAL_Driver/Inc -I../Drivers/STM32L4xx_HAL_Driver/Inc/Legacy -I../Drivers/CMSIS/Device/ST/STM32L4xx/Include -I../Drivers/CMSIS/Include -O0 -ffunction-sections -fdata-sections -Wall -fstack-usage -fcyclomatic-complexity -MMD -MP -MF"Drivers/STM32L4xx_HAL_Driver/Src/stm32l4xx_hal_exti.d" -MT"Drivers/STM32L4xx_HAL_Driver/Src/stm32l4xx_hal_exti.o" --specs=nano.specs -mfpu=fpv4-sp-d16 -mfloat-abi=hard -mthumb -o "Drivers/STM32L4xx_HAL_Driver/Src/stm32l4xx_hal_exti.o"
arm-none-eabi-gcc "../Drivers/STM32L4xx_HAL_Driver/Src/stm32l4xx_hal_flash.c" -mcpu=cortex-m4 -std=gnu11 -g3 -DDEBUG -DUSE_HAL_DRIVER -DSTM32L476xx -c -I../Core/Inc -I../Drivers/STM32L4xx_HAL_Driver/Inc -I../Drivers/STM32L4xx_HAL_Driver/Inc/Legacy -I../Drivers/CMSIS/Device/ST/STM32L4xx/Include -I../Drivers/CMSIS/Include -O0 -ffunction-sections -fdata-sections -Wall -fstack-usage -fcyclomatic-complexity -MMD -MP -MF"Drivers/STM32L4xx_HAL_Driver/Src/stm32l4xx_hal_flash.d" -MT"Drivers/STM32L4xx_HAL_Driver/Src/stm32l4xx_hal_flash.o" --specs=nano.specs -mfpu=fpv4-sp-d16 -mfloat-abi=hard -mthumb -o "Drivers/STM32L4xx_HAL_Driver/Src/stm32l4xx_hal_flash.o"
arm-none-eabi-gcc "../Drivers/STM32L4xx_HAL_Driver/Src/stm32l4xx_hal_flash_ex.c" -mcpu=cortex-m4 -std=gnu11 -g3 -DDEBUG -DUSE_HAL_DRIVER -DSTM32L476xx -c -I../Core/Inc -I../Drivers/STM32L4xx_HAL_Driver/Inc -I../Drivers/STM32L4xx_HAL_Driver/Inc/Legacy -I../Drivers/CMSIS/Device/ST/STM32L4xx/Include -I../Drivers/CMSIS/Include -O0 -ffunction-sections -fdata-sections -Wall -fstack-usage -fcyclomatic-complexity -MMD -MP -MF"Drivers/STM32L4xx_HAL_Driver/Src/stm32l4xx_hal_flash_ex.d" -MT"Drivers/STM32L4xx_HAL_Driver/Src/stm32l4xx_hal_flash_ex.o" --specs=nano.specs -mfpu=fpv4-sp-d16 -mfloat-abi=hard -mthumb -o "Drivers/STM32L4xx_HAL_Driver/Src/stm32l4xx_hal_flash_ex.o"
arm-none-eabi-gcc "../Drivers/STM32L4xx_HAL_Driver/Src/stm32l4xx_hal_flash_ramfunc.c" -mcpu=cortex-m4 -std=gnu11 -g3 -DDEBUG -DUSE_HAL_DRIVER -DSTM32L476xx -c -I../Core/Inc -I../Drivers/STM32L4xx_HAL_Driver/Inc -I../Drivers/STM32L4xx_HAL_Driver/Inc/Legacy -I../Drivers/CMSIS/Device/ST/STM32L4xx/Include -I../Drivers/CMSIS/Include -O0 -ffunction-sections -fdata-sections -Wall -fstack-usage -fcyclomatic-complexity -MMD -MP -MF"Drivers/STM32L4xx_HAL_Driver/Src/stm32l4xx_hal_flash_ramfunc.d" -MT"Drivers/STM32L4xx_HAL_Driver/Src/stm32l4xx_hal_flash_ramfunc.o" --specs=nano.specs -mfpu=fpv4-sp-d16 -mfloat-abi=hard -mthumb -o "Drivers/STM32L4xx_HAL_Driver/Src/stm32l4xx_hal_flash_ramfunc.o"
arm-none-eabi-gcc "../Drivers/STM32L4xx_HAL_Driver/Src/stm32l4xx_hal_gpio.c" -mcpu=cortex-m4 -std=gnu11 -g3 -DDEBUG -DUSE_HAL_DRIVER -DSTM32L476xx -c -I../Core/Inc -I../Drivers/STM32L4xx_HAL_Driver/Inc -I../Drivers/STM32L4xx_HAL_Driver/Inc/Legacy -I../Drivers/CMSIS/Device/ST/STM32L4xx/Include -I../Drivers/CMSIS/Include -O0 -ffunction-sections -fdata-sections -Wall -fstack-usage -fcyclomatic-complexity -MMD -MP -MF"Drivers/STM32L4xx_HAL_Driver/Src/stm32l4xx_hal_gpio.d" -MT"Drivers/STM32L4xx_HAL_Driver/Src/stm32l4xx_hal_gpio.o" --specs=nano.specs -mfpu=fpv4-sp-d16 -mfloat-abi=hard -mthumb -o "Drivers/STM32L4xx_HAL_Driver/Src/stm32l4xx_hal_gpio.o"
arm-none-eabi-gcc "../Drivers/STM32L4xx_HAL_Driver/Src/stm32l4xx_hal_i2c.c" -mcpu=cortex-m4 -std=gnu11 -g3 -DDEBUG -DUSE_HAL_DRIVER -DSTM32L476xx -c -I../Core/Inc -I../Drivers/STM32L4xx_HAL_Driver/Inc -I../Drivers/STM32L4xx_HAL_Driver/Inc/Legacy -I../Drivers/CMSIS/Device/ST/STM32L4xx/Include -I../Drivers/CMSIS/Include -O0 -ffunction-sections -fdata-sections -Wall -fstack-usage -fcyclomatic-complexity -MMD -MP -MF"Drivers/STM32L4xx_HAL_Driver/Src/stm32l4xx_hal_i2c.d" -MT"Drivers/STM32L4xx_HAL_Driver/Src/stm32l4xx_hal_i2c.o" --specs=nano.specs -mfpu=fpv4-sp-d16 -mfloat-abi=hard -mthumb -o "Drivers/STM32L4xx_HAL_Driver/Src/stm32l4xx_hal_i2c.o"
arm-none-eabi-gcc "../Drivers/STM32L4xx_HAL_Driver/Src/stm32l4xx_hal_i2c_ex.c" -mcpu=cortex-m4 -std=gnu11 -g3 -DDEBUG -DUSE_HAL_DRIVER -DSTM32L476xx -c -I../Core/Inc -I../Drivers/STM32L4xx_HAL_Driver/Inc -I../Drivers/STM32L4xx_HAL_Driver/Inc/Legacy -I../Drivers/CMSIS/Device/ST/STM32L4xx/Include -I../Drivers/CMSIS/Include -O0 -ffunction-sections -fdata-sections -Wall -fstack-usage -fcyclomatic-complexity -MMD -MP -MF"Drivers/STM32L4xx_HAL_Driver/Src/stm32l4xx_hal_i2c_ex.d" -MT"Drivers/STM32L4xx_HAL_Driver/Src/stm32l4xx_hal_i2c_ex.o" --specs=nano.specs -mfpu=fpv4-sp-d16 -mfloat-abi=hard -mthumb -o "Drivers/STM32L4xx_HAL_Driver/Src/stm32l4xx_hal_i2c_ex.o"
arm-none-eabi-gcc "../Drivers/STM32L4xx_HAL_Driver/Src/stm32l4xx_hal_pwr.c" -mcpu=cortex-m4 -std=gnu11 -g3 -DDEBUG -DUSE_HAL_DRIVER -DSTM32L476xx -c -I../Core/Inc -I../Drivers/STM32L4xx_HAL_Driver/Inc -I../Drivers/STM32L4xx_HAL_Driver/Inc/Legacy -I../Drivers/CMSIS/Device/ST/STM32L4xx/Include -I../Drivers/CMSIS/Include -O0 -ffunction-sections -fdata-sections -Wall -fstack-usage -fcyclomatic-complexity -MMD -MP -MF"Drivers/STM32L4xx_HAL_Driver/Src/stm32l4xx_hal_pwr.d" -MT"Drivers/STM32L4xx_HAL_Driver/Src/stm32l4xx_hal_pwr.o" --specs=nano.specs -mfpu=fpv4-sp-d16 -mfloat-abi=hard -mthumb -o "Drivers/STM32L4xx_HAL_Driver/Src/stm32l4xx_hal_pwr.o"
arm-none-eabi-gcc "../Drivers/STM32L4xx_HAL_Driver/Src/stm32l4xx_hal_pwr_ex.c" -mcpu=cortex-m4 -std=gnu11 -g3 -DDEBUG -DUSE_HAL_DRIVER -DSTM32L476xx -c -I../Core/Inc -I../Drivers/STM32L4xx_HAL_Driver/Inc -I../Drivers/STM32L4xx_HAL_Driver/Inc/Legacy -I../Drivers/CMSIS/Device/ST/STM32L4xx/Include -I../Drivers/CMSIS/Include -O0 -ffunction-sections -fdata-sections -Wall -fstack-usage -fcyclomatic-complexity -MMD -MP -MF"Drivers/STM32L4xx_HAL_Driver/Src/stm32l4xx_hal_pwr_ex.d" -MT"Drivers/STM32L4xx_HAL_Driver/Src/stm32l4xx_hal_pwr_ex.o" --specs=nano.specs -mfpu=fpv4-sp-d16 -mfloat-abi=hard -mthumb -o "Drivers/STM32L4xx_HAL_Driver/Src/stm32l4xx_hal_pwr_ex.o"
arm-none-eabi-gcc "../Drivers/STM32L4xx_HAL_Driver/Src/stm32l4xx_hal_rcc.c" -mcpu=cortex-m4 -std=gnu11 -g3 -DDEBUG -DUSE_HAL_DRIVER -DSTM32L476xx -c -I../Core/Inc -I../Drivers/STM32L4xx_HAL_Driver/Inc -I../Drivers/STM32L4xx_HAL_Driver/Inc/Legacy -I../Drivers/CMSIS/Device/ST/STM32L4xx/Include -I../Drivers/CMSIS/Include -O0 -ffunction-sections -fdata-sections -Wall -fstack-usage -fcyclomatic-complexity -MMD -MP -MF"Drivers/STM32L4xx_HAL_Driver/Src/stm32l4xx_hal_rcc.d" -MT"Drivers/STM32L4xx_HAL_Driver/Src/stm32l4xx_hal_rcc.o" --specs=nano.specs -mfpu=fpv4-sp-d16 -mfloat-abi=hard -mthumb -o "Drivers/STM32L4xx_HAL_Driver/Src/stm32l4xx_hal_rcc.o"
arm-none-eabi-gcc "../Drivers/STM32L4xx_HAL_Driver/Src/stm32l4xx_hal_rcc_ex.c" -mcpu=cortex-m4 -std=gnu11 -g3 -DDEBUG -DUSE_HAL_DRIVER -DSTM32L476xx -c -I../Core/Inc -I../Drivers/STM32L4xx_HAL_Driver/Inc -I../Drivers/STM32L4xx_HAL_Driver/Inc/Legacy -I../Drivers/CMSIS/Device/ST/STM32L4xx/Include -I../Drivers/CMSIS/Include -O0 -ffunction-sections -fdata-sections -Wall -fstack-usage -fcyclomatic-complexity -MMD -MP -MF"Drivers/STM32L4xx_HAL_Driver/Src/stm32l4xx_hal_rcc_ex.d" -MT"Drivers/STM32L4xx_HAL_Driver/Src/stm32l4xx_hal_rcc_ex.o" --specs=nano.specs -mfpu=fpv4-sp-d16 -mfloat-abi=hard -mthumb -o "Drivers/STM32L4xx_HAL_Driver/Src/stm32l4xx_hal_rcc_ex.o"
arm-none-eabi-gcc "../Drivers/STM32L4xx_HAL_Driver/Src/stm32l4xx_hal_tim.c" -mcpu=cortex-m4 -std=gnu11 -g3 -DDEBUG -DUSE_HAL_DRIVER -DSTM32L476xx -c -I../Core/Inc -I../Drivers/STM32L4xx_HAL_Driver/Inc -I../Drivers/STM32L4xx_HAL_Driver/Inc/Legacy -I../Drivers/CMSIS/Device/ST/STM32L4xx/Include -I../Drivers/CMSIS/Include -O0 -ffunction-sections -fdata-sections -Wall -fstack-usage -fcyclomatic-complexity -MMD -MP -MF"Drivers/STM32L4xx_HAL_Driver/Src/stm32l4xx_hal_tim.d" -MT"Drivers/STM32L4xx_HAL_Driver/Src/stm32l4xx_hal_tim.o" --specs=nano.specs -mfpu=fpv4-sp-d16 -mfloat-abi=hard -mthumb -o "Drivers/STM32L4xx_HAL_Driver/Src/stm32l4xx_hal_tim.o"
arm-none-eabi-gcc "../Drivers/STM32L4xx_HAL_Driver/Src/stm32l4xx_hal_tim_ex.c" -mcpu=cortex-m4 -std=gnu11 -g3 -DDEBUG -DUSE_HAL_DRIVER -DSTM32L476xx -c -I../Core/Inc -I../Drivers/STM32L4xx_HAL_Driver/Inc -I../Drivers/STM32L4xx_HAL_Driver/Inc/Legacy -I../Drivers/CMSIS/Device/ST/STM32L4xx/Include -I../Drivers/CMSIS/Include -O0 -ffunction-sections -fdata-sections -Wall -fstack-usage -fcyclomatic-complexity -MMD -MP -MF"Drivers/STM32L4xx_HAL_Driver/Src/stm32l4xx_hal_tim_ex.d" -MT"Drivers/STM32L4xx_HAL_Driver/Src/stm32l4xx_hal_tim_ex.o" --specs=nano.specs -mfpu=fpv4-sp-d16 -mfloat-abi=hard -mthumb -o "Drivers/STM32L4xx_HAL_Driver/Src/stm32l4xx_hal_tim_ex.o"
arm-none-eabi-gcc "../Drivers/STM32L4xx_HAL_Driver/Src/stm32l4xx_hal_uart.c" -mcpu=cortex-m4 -std=gnu11 -g3 -DDEBUG -DUSE_HAL_DRIVER -DSTM32L476xx -c -I../Core/Inc -I../Drivers/STM32L4xx_HAL_Driver/Inc -I../Drivers/STM32L4xx_HAL_Driver/Inc/Legacy -I../Drivers/CMSIS/Device/ST/STM32L4xx/Include -I../Drivers/CMSIS/Include -O0 -ffunction-sections -fdata-sections -Wall -fstack-usage -fcyclomatic-complexity -MMD -MP -MF"Drivers/STM32L4xx_HAL_Driver/Src/stm32l4xx_hal_uart.d" -MT"Drivers/STM32L4xx_HAL_Driver/Src/stm32l4xx_hal_uart.o" --specs=nano.specs -mfpu=fpv4-sp-d16 -mfloat-abi=hard -mthumb -o "Drivers/STM32L4xx_HAL_Driver/Src/stm32l4xx_hal_uart.o"
arm-none-eabi-gcc "../Drivers/STM32L4xx_HAL_Driver/Src/stm32l4xx_hal_uart_ex.c" -mcpu=cortex-m4 -std=gnu11 -g3 -DDEBUG -DUSE_HAL_DRIVER -DSTM32L476xx -c -I../Core/Inc -I../Drivers/STM32L4xx_HAL_Driver/Inc -I../Drivers/STM32L4xx_HAL_Driver/Inc/Legacy -I../Drivers/CMSIS/Device/ST/STM32L4xx/Include -I../Drivers/CMSIS/Include -O0 -ffunction-sections -fdata-sections -Wall -fstack-usage -fcyclomatic-complexity -MMD -MP -MF"Drivers/STM32L4xx_HAL_Driver/Src/stm32l4xx_hal_uart_ex.d" -MT"Drivers/STM32L4xx_HAL_Driver/Src/stm32l4xx_hal_uart_ex.o" --specs=nano.specs -mfpu=fpv4-sp-d16 -mfloat-abi=hard -mthumb -o "Drivers/STM32L4xx_HAL_Driver/Src/stm32l4xx_hal_uart_ex.o"
arm-none-eabi-gcc -mcpu=cortex-m4 -g3 -DDEBUG -c -x assembler-with-cpp -MMD -MP -MF"Core/Startup/startup_stm32l476rgtx.d" -MT"Core/Startup/startup_stm32l476rgtx.o" --specs=nano.specs -mfpu=fpv4-sp-d16 -mfloat-abi=hard -mthumb -o "Core/Startup/startup_stm32l476rgtx.o" "../Core/Startup/startup_stm32l476rgtx.s"
arm-none-eabi-gcc "../Core/Src/main.c" -mcpu=cortex-m4 -std=gnu11 -g3 -DDEBUG -DUSE_HAL_DRIVER -DSTM32L476xx -c -I../Core/Inc -I../Drivers/STM32L4xx_HAL_Driver/Inc -I../Drivers/STM32L4xx_HAL_Driver/Inc/Legacy -I../Drivers/CMSIS/Device/ST/STM32L4xx/Include -I../Drivers/CMSIS/Include -O0 -ffunction-sections -fdata-sections -Wall -fstack-usage -fcyclomatic-complexity -MMD -MP -MF"Core/Src/main.d" -MT"Core/Src/main.o" --specs=nano.specs -mfpu=fpv4-sp-d16 -mfloat-abi=hard -mthumb -o "Core/Src/main.o"
arm-none-eabi-gcc "../Core/Src/stm32l4xx_hal_msp.c" -mcpu=cortex-m4 -std=gnu11 -g3 -DDEBUG -DUSE_HAL_DRIVER -DSTM32L476xx -c -I../Core/Inc -I../Drivers/STM32L4xx_HAL_Driver/Inc -I../Drivers/STM32L4xx_HAL_Driver/Inc/Legacy -I../Drivers/CMSIS/Device/ST/STM32L4xx/Include -I../Drivers/CMSIS/Include -O0 -ffunction-sections -fdata-sections -Wall -fstack-usage -fcyclomatic-complexity -MMD -MP -MF"Core/Src/stm32l4xx_hal_msp.d" -MT"Core/Src/stm32l4xx_hal_msp.o" --specs=nano.specs -mfpu=fpv4-sp-d16 -mfloat-abi=hard -mthumb -o "Core/Src/stm32l4xx_hal_msp.o"
arm-none-eabi-gcc "../Core/Src/stm32l4xx_it.c" -mcpu=cortex-m4 -std=gnu11 -g3 -DDEBUG -DUSE_HAL_DRIVER -DSTM32L476xx -c -I../Core/Inc -I../Drivers/STM32L4xx_HAL_Driver/Inc -I../Drivers/STM32L4xx_HAL_Driver/Inc/Legacy -I../Drivers/CMSIS/Device/ST/STM32L4xx/Include -I../Drivers/CMSIS/Include -O0 -ffunction-sections -fdata-sections -Wall -fstack-usage -fcyclomatic-complexity -MMD -MP -MF"Core/Src/stm32l4xx_it.d" -MT"Core/Src/stm32l4xx_it.o" --specs=nano.specs -mfpu=fpv4-sp-d16 -mfloat-abi=hard -mthumb -o "Core/Src/stm32l4xx_it.o"
arm-none-eabi-gcc "../Core/Src/syscalls.c" -mcpu=cortex-m4 -std=gnu11 -g3 -DDEBUG -DUSE_HAL_DRIVER -DSTM32L476xx -c -I../Core/Inc -I../Drivers/STM32L4xx_HAL_Driver/Inc -I../Drivers/STM32L4xx_HAL_Driver/Inc/Legacy -I../Drivers/CMSIS/Device/ST/STM32L4xx/Include -I../Drivers/CMSIS/Include -O0 -ffunction-sections -fdata-sections -Wall -fstack-usage -fcyclomatic-complexity -MMD -MP -MF"Core/Src/syscalls.d" -MT"Core/Src/syscalls.o" --specs=nano.specs -mfpu=fpv4-sp-d16 -mfloat-abi=hard -mthumb -o "Core/Src/syscalls.o"
arm-none-eabi-gcc "../Core/Src/sysmem.c" -mcpu=cortex-m4 -std=gnu11 -g3 -DDEBUG -DUSE_HAL_DRIVER -DSTM32L476xx -c -I../Core/Inc -I../Drivers/STM32L4xx_HAL_Driver/Inc -I../Drivers/STM32L4xx_HAL_Driver/Inc/Legacy -I../Drivers/CMSIS/Device/ST/STM32L4xx/Include -I../Drivers/CMSIS/Include -O0 -ffunction-sections -fdata-sections -Wall -fstack-usage -fcyclomatic-complexity -MMD -MP -MF"Core/Src/sysmem.d" -MT"Core/Src/sysmem.o" --specs=nano.specs -mfpu=fpv4-sp-d16 -mfloat-abi=hard -mthumb -o "Core/Src/sysmem.o"
arm-none-eabi-gcc "../Core/Src/system_stm32l4xx.c" -mcpu=cortex-m4 -std=gnu11 -g3 -DDEBUG -DUSE_HAL_DRIVER -DSTM32L476xx -c -I../Core/Inc -I../Drivers/STM32L4xx_HAL_Driver/Inc -I../Drivers/STM32L4xx_HAL_Driver/Inc/Legacy -I../Drivers/CMSIS/Device/ST/STM32L4xx/Include -I../Drivers/CMSIS/Include -O0 -ffunction-sections -fdata-sections -Wall -fstack-usage -fcyclomatic-complexity -MMD -MP -MF"Core/Src/system_stm32l4xx.d" -MT"Core/Src/system_stm32l4xx.o" --specs=nano.specs -mfpu=fpv4-sp-d16 -mfloat-abi=hard -mthumb -o "Core/Src/system_stm32l4xx.o"
arm-none-eabi-gcc -o "MiniLab00.elf" @"objects.list"   -mcpu=cortex-m4 -T"C:\Users\magoo\OneDrive\Documents\GitHub\ME-507-Mechatronics-Lab\MiniLab00\STM32L476RGTX_FLASH.ld" --specs=nosys.specs -Wl,-Map="MiniLab00.map" -Wl,--gc-sections -static --specs=nano.specs -mfpu=fpv4-sp-d16 -mfloat-abi=hard -mthumb -Wl,--start-group -lc -lm -Wl,--end-group
Finished building target: MiniLab00.elf
 
arm-none-eabi-size  MiniLab00.elf 
arm-none-eabi-objdump -h -S MiniLab00.elf  > "MiniLab00.list"
   text	   data	    bss	    dec	    hex	filename
  12300	     12	   1708	  14020	   36c4	MiniLab00.elf
Finished building: default.size.stdout
 
Finished building: MiniLab00.list
 
13:05:57 **** Incremental Build of configuration Debug for project MiniLab00 ****
make -j8 all 
arm-none-eabi-gcc "../Core/Src/main.c" -mcpu=cortex-m4 -std=gnu11 -g3 -DDEBUG -DUSE_HAL_DRIVER -DSTM32L476xx -c -I../Core/Inc -I../Drivers/STM32L4xx_HAL_Driver/Inc -I../Drivers/STM32L4xx_HAL_Driver/Inc/Legacy -I../Drivers/CMSIS/Device/ST/STM32L4xx/Include -I../Drivers/CMSIS/Include -O0 -ffunction-sections -fdata-sections -Wall -fstack-usage -fcyclomatic-complexity -MMD -MP -MF"Core/Src/main.d" -MT"Core/Src/main.o" --specs=nano.specs -mfpu=fpv4-sp-d16 -mfloat-abi=hard -mthumb -o "Core/Src/main.o"
arm-none-eabi-gcc -o "MiniLab00.elf" @"objects.list"   -mcpu=cortex-m4 -T"C:\Users\magoo\OneDrive\Documents\GitHub\ME-507-Mechatronics-Lab\MiniLab00\STM32L476RGTX_FLASH.ld" --specs=nosys.specs -Wl,-Map="MiniLab00.map" -Wl,--gc-sections -static --specs=nano.specs -mfpu=fpv4-sp-d16 -mfloat-abi=hard -mthumb -Wl,--start-group -lc -lm -Wl,--end-group
Finished building target: MiniLab00.elf
 
arm-none-eabi-size  MiniLab00.elf 
arm-none-eabi-objdump -h -S MiniLab00.elf  > "MiniLab00.list"
   text	   data	    bss	    dec	    hex	filename
  12440	     12	   1708	  14160	   3750	MiniLab00.elf
Finished building: default.size.stdout
 
Finished building: MiniLab00.list
 
13:18:18 **** Incremental Build of configuration Debug for project MiniLab00 ****
make -j8 all 
arm-none-eabi-gcc "../Core/Src/main.c" -mcpu=cortex-m4 -std=gnu11 -g3 -DDEBUG -DUSE_HAL_DRIVER -DSTM32L476xx -c -I../Core/Inc -I../Drivers/STM32L4xx_HAL_Driver/Inc -I../Drivers/STM32L4xx_HAL_Driver/Inc/Legacy -I../Drivers/CMSIS/Device/ST/STM32L4xx/Include -I../Drivers/CMSIS/Include -O0 -ffunction-sections -fdata-sections -Wall -fstack-usage -fcyclomatic-complexity -MMD -MP -MF"Core/Src/main.d" -MT"Core/Src/main.o" --specs=nano.specs -mfpu=fpv4-sp-d16 -mfloat-abi=hard -mthumb -o "Core/Src/main.o"
../Core/Src/main.c: In function 'main':
../Core/Src/main.c:108:15: warning: implicit declaration of function 'sprintf' [-Wimplicit-function-declaration]
  108 |           n = sprintf(buffer, "LED HAS BLINKED %d TIMES",count);
      |               ^~~~~~~
../Core/Src/main.c:21:1: note: include '<stdio.h>' or provide a declaration of 'sprintf'
   20 | #include "main.h"
  +++ |+#include <stdio.h>
   21 | 
../Core/Src/main.c:108:15: warning: incompatible implicit declaration of built-in function 'sprintf' [-Wbuiltin-declaration-mismatch]
  108 |           n = sprintf(buffer, "LED HAS BLINKED %d TIMES",count);
      |               ^~~~~~~
../Core/Src/main.c:108:15: note: include '<stdio.h>' or provide a declaration of 'sprintf'
../Core/Src/main.c:108:23: warning: passing argument 1 of 'sprintf' makes pointer from integer without a cast [-Wint-conversion]
  108 |           n = sprintf(buffer, "LED HAS BLINKED %d TIMES",count);
      |                       ^~~~~~
      |                       |
      |                       int
../Core/Src/main.c:108:23: note: expected 'char *' but argument is of type 'int'
../Core/Src/main.c:109:11: warning: implicit declaration of function 'HAL_USART_Transmit'; did you mean 'HAL_UART_Transmit'? [-Wimplicit-function-declaration]
  109 |           HAL_USART_Transmit(&huart2,n,buffer,400);
      |           ^~~~~~~~~~~~~~~~~~
      |           HAL_UART_Transmit
arm-none-eabi-gcc -o "MiniLab00.elf" @"objects.list"   -mcpu=cortex-m4 -T"C:\Users\magoo\OneDrive\Documents\GitHub\ME-507-Mechatronics-Lab\MiniLab00\STM32L476RGTX_FLASH.ld" --specs=nosys.specs -Wl,-Map="MiniLab00.map" -Wl,--gc-sections -static --specs=nano.specs -mfpu=fpv4-sp-d16 -mfloat-abi=hard -mthumb -Wl,--start-group -lc -lm -Wl,--end-group
C:/ST/STM32CubeIDE_1.15.0/STM32CubeIDE/plugins/com.st.stm32cube.ide.mcu.externaltools.gnu-tools-for-stm32.12.3.rel1.win32_1.0.100.202403111256/tools/bin/../lib/gcc/arm-none-eabi/12.3.1/../../../../arm-none-eabi/bin/ld.exe: ./Core/Src/main.o: in function `main':
C:/Users/magoo/OneDrive/Documents/GitHub/ME-507-Mechatronics-Lab/MiniLab00/Debug/../Core/Src/main.c:109: undefined reference to `HAL_USART_Transmit'
collect2.exe: error: ld returned 1 exit status
make: *** [makefile:64: MiniLab00.elf] Error 1
"make -j8 all" terminated with exit code 2. Build might be incomplete.
13:18:58 **** Incremental Build of configuration Debug for project MiniLab00 ****
make -j8 all 
arm-none-eabi-gcc "../Core/Src/main.c" -mcpu=cortex-m4 -std=gnu11 -g3 -DDEBUG -DUSE_HAL_DRIVER -DSTM32L476xx -c -I../Core/Inc -I../Drivers/STM32L4xx_HAL_Driver/Inc -I../Drivers/STM32L4xx_HAL_Driver/Inc/Legacy -I../Drivers/CMSIS/Device/ST/STM32L4xx/Include -I../Drivers/CMSIS/Include -O0 -ffunction-sections -fdata-sections -Wall -fstack-usage -fcyclomatic-complexity -MMD -MP -MF"Core/Src/main.d" -MT"Core/Src/main.o" --specs=nano.specs -mfpu=fpv4-sp-d16 -mfloat-abi=hard -mthumb -o "Core/Src/main.o"
../Core/Src/main.c: In function 'main':
../Core/Src/main.c:108:15: warning: implicit declaration of function 'sprintf' [-Wimplicit-function-declaration]
  108 |           n = sprintf(buffer, "LED HAS BLINKED %d TIMES",count);
      |               ^~~~~~~
../Core/Src/main.c:21:1: note: include '<stdio.h>' or provide a declaration of 'sprintf'
   20 | #include "main.h"
  +++ |+#include <stdio.h>
   21 | 
../Core/Src/main.c:108:15: warning: incompatible implicit declaration of built-in function 'sprintf' [-Wbuiltin-declaration-mismatch]
  108 |           n = sprintf(buffer, "LED HAS BLINKED %d TIMES",count);
      |               ^~~~~~~
../Core/Src/main.c:108:15: note: include '<stdio.h>' or provide a declaration of 'sprintf'
../Core/Src/main.c:108:23: warning: passing argument 1 of 'sprintf' makes pointer from integer without a cast [-Wint-conversion]
  108 |           n = sprintf(buffer, "LED HAS BLINKED %d TIMES",count);
      |                       ^~~~~~
      |                       |
      |                       int
../Core/Src/main.c:108:23: note: expected 'char *' but argument is of type 'int'
../Core/Src/main.c:109:11: warning: implicit declaration of function 'HAL_USART_Transmit'; did you mean 'HAL_UART_Transmit'? [-Wimplicit-function-declaration]
  109 |           HAL_USART_Transmit(&huart2,n,buffer,400);
      |           ^~~~~~~~~~~~~~~~~~
      |           HAL_UART_Transmit
arm-none-eabi-gcc -o "MiniLab00.elf" @"objects.list"   -mcpu=cortex-m4 -T"C:\Users\magoo\OneDrive\Documents\GitHub\ME-507-Mechatronics-Lab\MiniLab00\STM32L476RGTX_FLASH.ld" --specs=nosys.specs -Wl,-Map="MiniLab00.map" -Wl,--gc-sections -static --specs=nano.specs -mfpu=fpv4-sp-d16 -mfloat-abi=hard -mthumb -Wl,--start-group -lc -lm -Wl,--end-group
C:/ST/STM32CubeIDE_1.15.0/STM32CubeIDE/plugins/com.st.stm32cube.ide.mcu.externaltools.gnu-tools-for-stm32.12.3.rel1.win32_1.0.100.202403111256/tools/bin/../lib/gcc/arm-none-eabi/12.3.1/../../../../arm-none-eabi/bin/ld.exe: ./Core/Src/main.o: in function `main':
C:/Users/magoo/OneDrive/Documents/GitHub/ME-507-Mechatronics-Lab/MiniLab00/Debug/../Core/Src/main.c:109: undefined reference to `HAL_USART_Transmit'
collect2.exe: error: ld returned 1 exit status
make: *** [makefile:64: MiniLab00.elf] Error 1
"make -j8 all" terminated with exit code 2. Build might be incomplete.
13:19:44 **** Incremental Build of configuration Debug for project MiniLab00 ****
make -j8 all 
arm-none-eabi-gcc "../Core/Src/main.c" -mcpu=cortex-m4 -std=gnu11 -g3 -DDEBUG -DUSE_HAL_DRIVER -DSTM32L476xx -c -I../Core/Inc -I../Drivers/STM32L4xx_HAL_Driver/Inc -I../Drivers/STM32L4xx_HAL_Driver/Inc/Legacy -I../Drivers/CMSIS/Device/ST/STM32L4xx/Include -I../Drivers/CMSIS/Include -O0 -ffunction-sections -fdata-sections -Wall -fstack-usage -fcyclomatic-complexity -MMD -MP -MF"Core/Src/main.d" -MT"Core/Src/main.o" --specs=nano.specs -mfpu=fpv4-sp-d16 -mfloat-abi=hard -mthumb -o "Core/Src/main.o"
../Core/Src/main.c: In function 'main':
../Core/Src/main.c:109:23: warning: passing argument 1 of 'sprintf' makes pointer from integer without a cast [-Wint-conversion]
  109 |           n = sprintf(buffer, "LED HAS BLINKED %d TIMES",count);
      |                       ^~~~~~
      |                       |
      |                       int
In file included from ../Core/Src/main.c:21:
C:\ST\STM32CubeIDE_1.15.0\STM32CubeIDE\plugins\com.st.stm32cube.ide.mcu.externaltools.gnu-tools-for-stm32.12.3.rel1.win32_1.0.100.202403111256\tools\bin/../lib/gcc/arm-none-eabi/12.3.1/../../../../arm-none-eabi/include/stdio.h:250:18: note: expected 'char * restrict' but argument is of type 'int'
  250 | int     sprintf (char *__restrict, const char *__restrict, ...)
      |                  ^
../Core/Src/main.c:110:11: warning: implicit declaration of function 'HAL_USART_Transmit'; did you mean 'HAL_UART_Transmit'? [-Wimplicit-function-declaration]
  110 |           HAL_USART_Transmit(&huart2,n,buffer,400);
      |           ^~~~~~~~~~~~~~~~~~
      |           HAL_UART_Transmit
arm-none-eabi-gcc -o "MiniLab00.elf" @"objects.list"   -mcpu=cortex-m4 -T"C:\Users\magoo\OneDrive\Documents\GitHub\ME-507-Mechatronics-Lab\MiniLab00\STM32L476RGTX_FLASH.ld" --specs=nosys.specs -Wl,-Map="MiniLab00.map" -Wl,--gc-sections -static --specs=nano.specs -mfpu=fpv4-sp-d16 -mfloat-abi=hard -mthumb -Wl,--start-group -lc -lm -Wl,--end-group
C:/ST/STM32CubeIDE_1.15.0/STM32CubeIDE/plugins/com.st.stm32cube.ide.mcu.externaltools.gnu-tools-for-stm32.12.3.rel1.win32_1.0.100.202403111256/tools/bin/../lib/gcc/arm-none-eabi/12.3.1/../../../../arm-none-eabi/bin/ld.exe: ./Core/Src/main.o: in function `main':
C:/Users/magoo/OneDrive/Documents/GitHub/ME-507-Mechatronics-Lab/MiniLab00/Debug/../Core/Src/main.c:110: undefined reference to `HAL_USART_Transmit'
collect2.exe: error: ld returned 1 exit status
make: *** [makefile:64: MiniLab00.elf] Error 1
"make -j8 all" terminated with exit code 2. Build might be incomplete.
13:20:27 **** Incremental Build of configuration Debug for project MiniLab00 ****
make -j8 all 
arm-none-eabi-gcc "../Core/Src/main.c" -mcpu=cortex-m4 -std=gnu11 -g3 -DDEBUG -DUSE_HAL_DRIVER -DSTM32L476xx -c -I../Core/Inc -I../Drivers/STM32L4xx_HAL_Driver/Inc -I../Drivers/STM32L4xx_HAL_Driver/Inc/Legacy -I../Drivers/CMSIS/Device/ST/STM32L4xx/Include -I../Drivers/CMSIS/Include -O0 -ffunction-sections -fdata-sections -Wall -fstack-usage -fcyclomatic-complexity -MMD -MP -MF"Core/Src/main.d" -MT"Core/Src/main.o" --specs=nano.specs -mfpu=fpv4-sp-d16 -mfloat-abi=hard -mthumb -o "Core/Src/main.o"
../Core/Src/main.c: In function 'main':
../Core/Src/main.c:109:23: warning: passing argument 1 of 'sprintf' makes pointer from integer without a cast [-Wint-conversion]
  109 |           n = sprintf(buffer, "LED HAS BLINKED %d TIMES",count);
      |                       ^~~~~~
      |                       |
      |                       int
In file included from ../Core/Src/main.c:21:
C:\ST\STM32CubeIDE_1.15.0\STM32CubeIDE\plugins\com.st.stm32cube.ide.mcu.externaltools.gnu-tools-for-stm32.12.3.rel1.win32_1.0.100.202403111256\tools\bin/../lib/gcc/arm-none-eabi/12.3.1/../../../../arm-none-eabi/include/stdio.h:250:18: note: expected 'char * restrict' but argument is of type 'int'
  250 | int     sprintf (char *__restrict, const char *__restrict, ...)
      |                  ^
../Core/Src/main.c:110:37: warning: passing argument 2 of 'HAL_UART_Transmit' makes pointer from integer without a cast [-Wint-conversion]
  110 |           HAL_UART_Transmit(&huart2,n,buffer,400);
      |                                     ^
      |                                     |
      |                                     char
In file included from ../Core/Inc/stm32l4xx_hal_conf.h:450,
                 from ../Drivers/STM32L4xx_HAL_Driver/Inc/stm32l4xx_hal.h:29,
                 from ../Core/Inc/main.h:30,
                 from ../Core/Src/main.c:20:
../Drivers/STM32L4xx_HAL_Driver/Inc/stm32l4xx_hal_uart.h:1697:79: note: expected 'const uint8_t *' {aka 'const unsigned char *'} but argument is of type 'char'
 1697 | HAL_StatusTypeDef HAL_UART_Transmit(UART_HandleTypeDef *huart, const uint8_t *pData, uint16_t Size, uint32_t Timeout);
      |                                                                ~~~~~~~~~~~~~~~^~~~~
arm-none-eabi-gcc -o "MiniLab00.elf" @"objects.list"   -mcpu=cortex-m4 -T"C:\Users\magoo\OneDrive\Documents\GitHub\ME-507-Mechatronics-Lab\MiniLab00\STM32L476RGTX_FLASH.ld" --specs=nosys.specs -Wl,-Map="MiniLab00.map" -Wl,--gc-sections -static --specs=nano.specs -mfpu=fpv4-sp-d16 -mfloat-abi=hard -mthumb -Wl,--start-group -lc -lm -Wl,--end-group
Finished building target: MiniLab00.elf
 
arm-none-eabi-size  MiniLab00.elf 
arm-none-eabi-objdump -h -S MiniLab00.elf  > "MiniLab00.list"
   text	   data	    bss	    dec	    hex	filename
  15440	     92	   2052	  17584	   44b0	MiniLab00.elf
Finished building: default.size.stdout
 
Finished building: MiniLab00.list
 
13:22:10 **** Incremental Build of configuration Debug for project MiniLab00 ****
make -j8 all 
arm-none-eabi-gcc "../Core/Src/main.c" -mcpu=cortex-m4 -std=gnu11 -g3 -DDEBUG -DUSE_HAL_DRIVER -DSTM32L476xx -c -I../Core/Inc -I../Drivers/STM32L4xx_HAL_Driver/Inc -I../Drivers/STM32L4xx_HAL_Driver/Inc/Legacy -I../Drivers/CMSIS/Device/ST/STM32L4xx/Include -I../Drivers/CMSIS/Include -O0 -ffunction-sections -fdata-sections -Wall -fstack-usage -fcyclomatic-complexity -MMD -MP -MF"Core/Src/main.d" -MT"Core/Src/main.o" --specs=nano.specs -mfpu=fpv4-sp-d16 -mfloat-abi=hard -mthumb -o "Core/Src/main.o"
../Core/Src/main.c: In function 'main':
../Core/Src/main.c:109:23: warning: passing argument 1 of 'sprintf' makes pointer from integer without a cast [-Wint-conversion]
  109 |           n = sprintf(buffer, "LED HAS BLINKED %d TIMES",count);
      |                       ^~~~~~
      |                       |
      |                       int
In file included from ../Core/Src/main.c:21:
C:\ST\STM32CubeIDE_1.15.0\STM32CubeIDE\plugins\com.st.stm32cube.ide.mcu.externaltools.gnu-tools-for-stm32.12.3.rel1.win32_1.0.100.202403111256\tools\bin/../lib/gcc/arm-none-eabi/12.3.1/../../../../arm-none-eabi/include/stdio.h:250:18: note: expected 'char * restrict' but argument is of type 'int'
  250 | int     sprintf (char *__restrict, const char *__restrict, ...)
      |                  ^
../Core/Src/main.c:110:37: warning: passing argument 2 of 'HAL_UART_Transmit' makes pointer from integer without a cast [-Wint-conversion]
  110 |           HAL_UART_Transmit(&huart2,buffer,n,400);
      |                                     ^~~~~~
      |                                     |
      |                                     int
In file included from ../Core/Inc/stm32l4xx_hal_conf.h:450,
                 from ../Drivers/STM32L4xx_HAL_Driver/Inc/stm32l4xx_hal.h:29,
                 from ../Core/Inc/main.h:30,
                 from ../Core/Src/main.c:20:
../Drivers/STM32L4xx_HAL_Driver/Inc/stm32l4xx_hal_uart.h:1697:79: note: expected 'const uint8_t *' {aka 'const unsigned char *'} but argument is of type 'int'
 1697 | HAL_StatusTypeDef HAL_UART_Transmit(UART_HandleTypeDef *huart, const uint8_t *pData, uint16_t Size, uint32_t Timeout);
      |                                                                ~~~~~~~~~~~~~~~^~~~~
arm-none-eabi-gcc -o "MiniLab00.elf" @"objects.list"   -mcpu=cortex-m4 -T"C:\Users\magoo\OneDrive\Documents\GitHub\ME-507-Mechatronics-Lab\MiniLab00\STM32L476RGTX_FLASH.ld" --specs=nosys.specs -Wl,-Map="MiniLab00.map" -Wl,--gc-sections -static --specs=nano.specs -mfpu=fpv4-sp-d16 -mfloat-abi=hard -mthumb -Wl,--start-group -lc -lm -Wl,--end-group
Finished building target: MiniLab00.elf
 
arm-none-eabi-size  MiniLab00.elf 
arm-none-eabi-objdump -h -S MiniLab00.elf  > "MiniLab00.list"
   text	   data	    bss	    dec	    hex	filename
  15440	     92	   2052	  17584	   44b0	MiniLab00.elf
Finished building: default.size.stdout
 
Finished building: MiniLab00.list
 
13:24:13 **** Incremental Build of configuration Debug for project MiniLab00 ****
make -j8 all 
arm-none-eabi-gcc "../Core/Src/main.c" -mcpu=cortex-m4 -std=gnu11 -g3 -DDEBUG -DUSE_HAL_DRIVER -DSTM32L476xx -c -I../Core/Inc -I../Drivers/STM32L4xx_HAL_Driver/Inc -I../Drivers/STM32L4xx_HAL_Driver/Inc/Legacy -I../Drivers/CMSIS/Device/ST/STM32L4xx/Include -I../Drivers/CMSIS/Include -O0 -ffunction-sections -fdata-sections -Wall -fstack-usage -fcyclomatic-complexity -MMD -MP -MF"Core/Src/main.d" -MT"Core/Src/main.o" --specs=nano.specs -mfpu=fpv4-sp-d16 -mfloat-abi=hard -mthumb -o "Core/Src/main.o"
../Core/Src/main.c: In function 'main':
../Core/Src/main.c:110:37: warning: pointer targets in passing argument 2 of 'HAL_UART_Transmit' differ in signedness [-Wpointer-sign]
  110 |           HAL_UART_Transmit(&huart2,buffer,n,400);
      |                                     ^~~~~~
      |                                     |
      |                                     char *
In file included from ../Core/Inc/stm32l4xx_hal_conf.h:450,
                 from ../Drivers/STM32L4xx_HAL_Driver/Inc/stm32l4xx_hal.h:29,
                 from ../Core/Inc/main.h:30,
                 from ../Core/Src/main.c:20:
../Drivers/STM32L4xx_HAL_Driver/Inc/stm32l4xx_hal_uart.h:1697:79: note: expected 'const uint8_t *' {aka 'const unsigned char *'} but argument is of type 'char *'
 1697 | HAL_StatusTypeDef HAL_UART_Transmit(UART_HandleTypeDef *huart, const uint8_t *pData, uint16_t Size, uint32_t Timeout);
      |                                                                ~~~~~~~~~~~~~~~^~~~~
arm-none-eabi-gcc -o "MiniLab00.elf" @"objects.list"   -mcpu=cortex-m4 -T"C:\Users\magoo\OneDrive\Documents\GitHub\ME-507-Mechatronics-Lab\MiniLab00\STM32L476RGTX_FLASH.ld" --specs=nosys.specs -Wl,-Map="MiniLab00.map" -Wl,--gc-sections -static --specs=nano.specs -mfpu=fpv4-sp-d16 -mfloat-abi=hard -mthumb -Wl,--start-group -lc -lm -Wl,--end-group
Finished building target: MiniLab00.elf
 
arm-none-eabi-size  MiniLab00.elf 
arm-none-eabi-objdump -h -S MiniLab00.elf  > "MiniLab00.list"
   text	   data	    bss	    dec	    hex	filename
  15436	     92	   2100	  17628	   44dc	MiniLab00.elf
Finished building: default.size.stdout
 
Finished building: MiniLab00.list
 
13:25:20 **** Incremental Build of configuration Debug for project MiniLab00 ****
make -j8 all 
arm-none-eabi-gcc "../Core/Src/main.c" -mcpu=cortex-m4 -std=gnu11 -g3 -DDEBUG -DUSE_HAL_DRIVER -DSTM32L476xx -c -I../Core/Inc -I../Drivers/STM32L4xx_HAL_Driver/Inc -I../Drivers/STM32L4xx_HAL_Driver/Inc/Legacy -I../Drivers/CMSIS/Device/ST/STM32L4xx/Include -I../Drivers/CMSIS/Include -O0 -ffunction-sections -fdata-sections -Wall -fstack-usage -fcyclomatic-complexity -MMD -MP -MF"Core/Src/main.d" -MT"Core/Src/main.o" --specs=nano.specs -mfpu=fpv4-sp-d16 -mfloat-abi=hard -mthumb -o "Core/Src/main.o"
../Core/Src/main.c: In function 'main':
../Core/Src/main.c:110:37: warning: pointer targets in passing argument 2 of 'HAL_UART_Transmit' differ in signedness [-Wpointer-sign]
  110 |           HAL_UART_Transmit(&huart2,buffer,n,400);
      |                                     ^~~~~~
      |                                     |
      |                                     char *
In file included from ../Core/Inc/stm32l4xx_hal_conf.h:450,
                 from ../Drivers/STM32L4xx_HAL_Driver/Inc/stm32l4xx_hal.h:29,
                 from ../Core/Inc/main.h:30,
                 from ../Core/Src/main.c:20:
../Drivers/STM32L4xx_HAL_Driver/Inc/stm32l4xx_hal_uart.h:1697:79: note: expected 'const uint8_t *' {aka 'const unsigned char *'} but argument is of type 'char *'
 1697 | HAL_StatusTypeDef HAL_UART_Transmit(UART_HandleTypeDef *huart, const uint8_t *pData, uint16_t Size, uint32_t Timeout);
      |                                                                ~~~~~~~~~~~~~~~^~~~~
arm-none-eabi-gcc -o "MiniLab00.elf" @"objects.list"   -mcpu=cortex-m4 -T"C:\Users\magoo\OneDrive\Documents\GitHub\ME-507-Mechatronics-Lab\MiniLab00\STM32L476RGTX_FLASH.ld" --specs=nosys.specs -Wl,-Map="MiniLab00.map" -Wl,--gc-sections -static --specs=nano.specs -mfpu=fpv4-sp-d16 -mfloat-abi=hard -mthumb -Wl,--start-group -lc -lm -Wl,--end-group
Finished building target: MiniLab00.elf
 
arm-none-eabi-size  MiniLab00.elf 
arm-none-eabi-objdump -h -S MiniLab00.elf  > "MiniLab00.list"
   text	   data	    bss	    dec	    hex	filename
  15432	     92	   2100	  17624	   44d8	MiniLab00.elf
Finished building: default.size.stdout
 
Finished building: MiniLab00.list
 
13:27:42 **** Incremental Build of configuration Debug for project MiniLab00 ****
make -j8 all 
arm-none-eabi-gcc "../Core/Src/main.c" -mcpu=cortex-m4 -std=gnu11 -g3 -DDEBUG -DUSE_HAL_DRIVER -DSTM32L476xx -c -I../Core/Inc -I../Drivers/STM32L4xx_HAL_Driver/Inc -I../Drivers/STM32L4xx_HAL_Driver/Inc/Legacy -I../Drivers/CMSIS/Device/ST/STM32L4xx/Include -I../Drivers/CMSIS/Include -O0 -ffunction-sections -fdata-sections -Wall -fstack-usage -fcyclomatic-complexity -MMD -MP -MF"Core/Src/main.d" -MT"Core/Src/main.o" --specs=nano.specs -mfpu=fpv4-sp-d16 -mfloat-abi=hard -mthumb -o "Core/Src/main.o"
../Core/Src/main.c: In function 'main':
../Core/Src/main.c:110:37: warning: pointer targets in passing argument 2 of 'HAL_UART_Transmit' differ in signedness [-Wpointer-sign]
  110 |           HAL_UART_Transmit(&huart2,buffer,n,400);
      |                                     ^~~~~~
      |                                     |
      |                                     char *
In file included from ../Core/Inc/stm32l4xx_hal_conf.h:450,
                 from ../Drivers/STM32L4xx_HAL_Driver/Inc/stm32l4xx_hal.h:29,
                 from ../Core/Inc/main.h:30,
                 from ../Core/Src/main.c:20:
../Drivers/STM32L4xx_HAL_Driver/Inc/stm32l4xx_hal_uart.h:1697:79: note: expected 'const uint8_t *' {aka 'const unsigned char *'} but argument is of type 'char *'
 1697 | HAL_StatusTypeDef HAL_UART_Transmit(UART_HandleTypeDef *huart, const uint8_t *pData, uint16_t Size, uint32_t Timeout);
      |                                                                ~~~~~~~~~~~~~~~^~~~~
arm-none-eabi-gcc -o "MiniLab00.elf" @"objects.list"   -mcpu=cortex-m4 -T"C:\Users\magoo\OneDrive\Documents\GitHub\ME-507-Mechatronics-Lab\MiniLab00\STM32L476RGTX_FLASH.ld" --specs=nosys.specs -Wl,-Map="MiniLab00.map" -Wl,--gc-sections -static --specs=nano.specs -mfpu=fpv4-sp-d16 -mfloat-abi=hard -mthumb -Wl,--start-group -lc -lm -Wl,--end-group
Finished building target: MiniLab00.elf
 
arm-none-eabi-size  MiniLab00.elf 
arm-none-eabi-objdump -h -S MiniLab00.elf  > "MiniLab00.list"
   text	   data	    bss	    dec	    hex	filename
  15432	     92	   2100	  17624	   44d8	MiniLab00.elf
Finished building: default.size.stdout
 
Finished building: MiniLab00.list
 
13:30:07 **** Incremental Build of configuration Debug for project MiniLab00 ****
make -j8 all 
arm-none-eabi-gcc "../Core/Src/main.c" -mcpu=cortex-m4 -std=gnu11 -g3 -DDEBUG -DUSE_HAL_DRIVER -DSTM32L476xx -c -I../Core/Inc -I../Drivers/STM32L4xx_HAL_Driver/Inc -I../Drivers/STM32L4xx_HAL_Driver/Inc/Legacy -I../Drivers/CMSIS/Device/ST/STM32L4xx/Include -I../Drivers/CMSIS/Include -O0 -ffunction-sections -fdata-sections -Wall -fstack-usage -fcyclomatic-complexity -MMD -MP -MF"Core/Src/main.d" -MT"Core/Src/main.o" --specs=nano.specs -mfpu=fpv4-sp-d16 -mfloat-abi=hard -mthumb -o "Core/Src/main.o"
../Core/Src/main.c: In function 'main':
../Core/Src/main.c:110:37: warning: pointer targets in passing argument 2 of 'HAL_UART_Transmit' differ in signedness [-Wpointer-sign]
  110 |           HAL_UART_Transmit(&huart2,buffer,n,400);
      |                                     ^~~~~~
      |                                     |
      |                                     char *
In file included from ../Core/Inc/stm32l4xx_hal_conf.h:450,
                 from ../Drivers/STM32L4xx_HAL_Driver/Inc/stm32l4xx_hal.h:29,
                 from ../Core/Inc/main.h:30,
                 from ../Core/Src/main.c:20:
../Drivers/STM32L4xx_HAL_Driver/Inc/stm32l4xx_hal_uart.h:1697:79: note: expected 'const uint8_t *' {aka 'const unsigned char *'} but argument is of type 'char *'
 1697 | HAL_StatusTypeDef HAL_UART_Transmit(UART_HandleTypeDef *huart, const uint8_t *pData, uint16_t Size, uint32_t Timeout);
      |                                                                ~~~~~~~~~~~~~~~^~~~~
arm-none-eabi-gcc -o "MiniLab00.elf" @"objects.list"   -mcpu=cortex-m4 -T"C:\Users\magoo\OneDrive\Documents\GitHub\ME-507-Mechatronics-Lab\MiniLab00\STM32L476RGTX_FLASH.ld" --specs=nosys.specs -Wl,-Map="MiniLab00.map" -Wl,--gc-sections -static --specs=nano.specs -mfpu=fpv4-sp-d16 -mfloat-abi=hard -mthumb -Wl,--start-group -lc -lm -Wl,--end-group
Finished building target: MiniLab00.elf
 
arm-none-eabi-size  MiniLab00.elf 
arm-none-eabi-objdump -h -S MiniLab00.elf  > "MiniLab00.list"
   text	   data	    bss	    dec	    hex	filename
  15432	     92	   2100	  17624	   44d8	MiniLab00.elf
Finished building: default.size.stdout
 
Finished building: MiniLab00.list
 
14:13:08 **** Build of configuration Debug for project MiniLab1 ****
make -j8 all 
arm-none-eabi-gcc "../Drivers/STM32L4xx_HAL_Driver/Src/stm32l4xx_hal.c" -mcpu=cortex-m4 -std=gnu11 -g3 -DDEBUG -DUSE_HAL_DRIVER -DSTM32L476xx -c -I../Core/Inc -I../Drivers/STM32L4xx_HAL_Driver/Inc -I../Drivers/STM32L4xx_HAL_Driver/Inc/Legacy -I../Drivers/CMSIS/Device/ST/STM32L4xx/Include -I../Drivers/CMSIS/Include -O0 -ffunction-sections -fdata-sections -Wall -fstack-usage -fcyclomatic-complexity -MMD -MP -MF"Drivers/STM32L4xx_HAL_Driver/Src/stm32l4xx_hal.d" -MT"Drivers/STM32L4xx_HAL_Driver/Src/stm32l4xx_hal.o" --specs=nano.specs -mfpu=fpv4-sp-d16 -mfloat-abi=hard -mthumb -o "Drivers/STM32L4xx_HAL_Driver/Src/stm32l4xx_hal.o"
arm-none-eabi-gcc "../Drivers/STM32L4xx_HAL_Driver/Src/stm32l4xx_hal_cortex.c" -mcpu=cortex-m4 -std=gnu11 -g3 -DDEBUG -DUSE_HAL_DRIVER -DSTM32L476xx -c -I../Core/Inc -I../Drivers/STM32L4xx_HAL_Driver/Inc -I../Drivers/STM32L4xx_HAL_Driver/Inc/Legacy -I../Drivers/CMSIS/Device/ST/STM32L4xx/Include -I../Drivers/CMSIS/Include -O0 -ffunction-sections -fdata-sections -Wall -fstack-usage -fcyclomatic-complexity -MMD -MP -MF"Drivers/STM32L4xx_HAL_Driver/Src/stm32l4xx_hal_cortex.d" -MT"Drivers/STM32L4xx_HAL_Driver/Src/stm32l4xx_hal_cortex.o" --specs=nano.specs -mfpu=fpv4-sp-d16 -mfloat-abi=hard -mthumb -o "Drivers/STM32L4xx_HAL_Driver/Src/stm32l4xx_hal_cortex.o"
arm-none-eabi-gcc "../Drivers/STM32L4xx_HAL_Driver/Src/stm32l4xx_hal_dma.c" -mcpu=cortex-m4 -std=gnu11 -g3 -DDEBUG -DUSE_HAL_DRIVER -DSTM32L476xx -c -I../Core/Inc -I../Drivers/STM32L4xx_HAL_Driver/Inc -I../Drivers/STM32L4xx_HAL_Driver/Inc/Legacy -I../Drivers/CMSIS/Device/ST/STM32L4xx/Include -I../Drivers/CMSIS/Include -O0 -ffunction-sections -fdata-sections -Wall -fstack-usage -fcyclomatic-complexity -MMD -MP -MF"Drivers/STM32L4xx_HAL_Driver/Src/stm32l4xx_hal_dma.d" -MT"Drivers/STM32L4xx_HAL_Driver/Src/stm32l4xx_hal_dma.o" --specs=nano.specs -mfpu=fpv4-sp-d16 -mfloat-abi=hard -mthumb -o "Drivers/STM32L4xx_HAL_Driver/Src/stm32l4xx_hal_dma.o"
arm-none-eabi-gcc "../Drivers/STM32L4xx_HAL_Driver/Src/stm32l4xx_hal_dma_ex.c" -mcpu=cortex-m4 -std=gnu11 -g3 -DDEBUG -DUSE_HAL_DRIVER -DSTM32L476xx -c -I../Core/Inc -I../Drivers/STM32L4xx_HAL_Driver/Inc -I../Drivers/STM32L4xx_HAL_Driver/Inc/Legacy -I../Drivers/CMSIS/Device/ST/STM32L4xx/Include -I../Drivers/CMSIS/Include -O0 -ffunction-sections -fdata-sections -Wall -fstack-usage -fcyclomatic-complexity -MMD -MP -MF"Drivers/STM32L4xx_HAL_Driver/Src/stm32l4xx_hal_dma_ex.d" -MT"Drivers/STM32L4xx_HAL_Driver/Src/stm32l4xx_hal_dma_ex.o" --specs=nano.specs -mfpu=fpv4-sp-d16 -mfloat-abi=hard -mthumb -o "Drivers/STM32L4xx_HAL_Driver/Src/stm32l4xx_hal_dma_ex.o"
arm-none-eabi-gcc "../Drivers/STM32L4xx_HAL_Driver/Src/stm32l4xx_hal_exti.c" -mcpu=cortex-m4 -std=gnu11 -g3 -DDEBUG -DUSE_HAL_DRIVER -DSTM32L476xx -c -I../Core/Inc -I../Drivers/STM32L4xx_HAL_Driver/Inc -I../Drivers/STM32L4xx_HAL_Driver/Inc/Legacy -I../Drivers/CMSIS/Device/ST/STM32L4xx/Include -I../Drivers/CMSIS/Include -O0 -ffunction-sections -fdata-sections -Wall -fstack-usage -fcyclomatic-complexity -MMD -MP -MF"Drivers/STM32L4xx_HAL_Driver/Src/stm32l4xx_hal_exti.d" -MT"Drivers/STM32L4xx_HAL_Driver/Src/stm32l4xx_hal_exti.o" --specs=nano.specs -mfpu=fpv4-sp-d16 -mfloat-abi=hard -mthumb -o "Drivers/STM32L4xx_HAL_Driver/Src/stm32l4xx_hal_exti.o"
arm-none-eabi-gcc "../Drivers/STM32L4xx_HAL_Driver/Src/stm32l4xx_hal_flash.c" -mcpu=cortex-m4 -std=gnu11 -g3 -DDEBUG -DUSE_HAL_DRIVER -DSTM32L476xx -c -I../Core/Inc -I../Drivers/STM32L4xx_HAL_Driver/Inc -I../Drivers/STM32L4xx_HAL_Driver/Inc/Legacy -I../Drivers/CMSIS/Device/ST/STM32L4xx/Include -I../Drivers/CMSIS/Include -O0 -ffunction-sections -fdata-sections -Wall -fstack-usage -fcyclomatic-complexity -MMD -MP -MF"Drivers/STM32L4xx_HAL_Driver/Src/stm32l4xx_hal_flash.d" -MT"Drivers/STM32L4xx_HAL_Driver/Src/stm32l4xx_hal_flash.o" --specs=nano.specs -mfpu=fpv4-sp-d16 -mfloat-abi=hard -mthumb -o "Drivers/STM32L4xx_HAL_Driver/Src/stm32l4xx_hal_flash.o"
arm-none-eabi-gcc "../Drivers/STM32L4xx_HAL_Driver/Src/stm32l4xx_hal_flash_ex.c" -mcpu=cortex-m4 -std=gnu11 -g3 -DDEBUG -DUSE_HAL_DRIVER -DSTM32L476xx -c -I../Core/Inc -I../Drivers/STM32L4xx_HAL_Driver/Inc -I../Drivers/STM32L4xx_HAL_Driver/Inc/Legacy -I../Drivers/CMSIS/Device/ST/STM32L4xx/Include -I../Drivers/CMSIS/Include -O0 -ffunction-sections -fdata-sections -Wall -fstack-usage -fcyclomatic-complexity -MMD -MP -MF"Drivers/STM32L4xx_HAL_Driver/Src/stm32l4xx_hal_flash_ex.d" -MT"Drivers/STM32L4xx_HAL_Driver/Src/stm32l4xx_hal_flash_ex.o" --specs=nano.specs -mfpu=fpv4-sp-d16 -mfloat-abi=hard -mthumb -o "Drivers/STM32L4xx_HAL_Driver/Src/stm32l4xx_hal_flash_ex.o"
arm-none-eabi-gcc "../Drivers/STM32L4xx_HAL_Driver/Src/stm32l4xx_hal_flash_ramfunc.c" -mcpu=cortex-m4 -std=gnu11 -g3 -DDEBUG -DUSE_HAL_DRIVER -DSTM32L476xx -c -I../Core/Inc -I../Drivers/STM32L4xx_HAL_Driver/Inc -I../Drivers/STM32L4xx_HAL_Driver/Inc/Legacy -I../Drivers/CMSIS/Device/ST/STM32L4xx/Include -I../Drivers/CMSIS/Include -O0 -ffunction-sections -fdata-sections -Wall -fstack-usage -fcyclomatic-complexity -MMD -MP -MF"Drivers/STM32L4xx_HAL_Driver/Src/stm32l4xx_hal_flash_ramfunc.d" -MT"Drivers/STM32L4xx_HAL_Driver/Src/stm32l4xx_hal_flash_ramfunc.o" --specs=nano.specs -mfpu=fpv4-sp-d16 -mfloat-abi=hard -mthumb -o "Drivers/STM32L4xx_HAL_Driver/Src/stm32l4xx_hal_flash_ramfunc.o"
arm-none-eabi-gcc "../Drivers/STM32L4xx_HAL_Driver/Src/stm32l4xx_hal_gpio.c" -mcpu=cortex-m4 -std=gnu11 -g3 -DDEBUG -DUSE_HAL_DRIVER -DSTM32L476xx -c -I../Core/Inc -I../Drivers/STM32L4xx_HAL_Driver/Inc -I../Drivers/STM32L4xx_HAL_Driver/Inc/Legacy -I../Drivers/CMSIS/Device/ST/STM32L4xx/Include -I../Drivers/CMSIS/Include -O0 -ffunction-sections -fdata-sections -Wall -fstack-usage -fcyclomatic-complexity -MMD -MP -MF"Drivers/STM32L4xx_HAL_Driver/Src/stm32l4xx_hal_gpio.d" -MT"Drivers/STM32L4xx_HAL_Driver/Src/stm32l4xx_hal_gpio.o" --specs=nano.specs -mfpu=fpv4-sp-d16 -mfloat-abi=hard -mthumb -o "Drivers/STM32L4xx_HAL_Driver/Src/stm32l4xx_hal_gpio.o"
arm-none-eabi-gcc "../Drivers/STM32L4xx_HAL_Driver/Src/stm32l4xx_hal_i2c.c" -mcpu=cortex-m4 -std=gnu11 -g3 -DDEBUG -DUSE_HAL_DRIVER -DSTM32L476xx -c -I../Core/Inc -I../Drivers/STM32L4xx_HAL_Driver/Inc -I../Drivers/STM32L4xx_HAL_Driver/Inc/Legacy -I../Drivers/CMSIS/Device/ST/STM32L4xx/Include -I../Drivers/CMSIS/Include -O0 -ffunction-sections -fdata-sections -Wall -fstack-usage -fcyclomatic-complexity -MMD -MP -MF"Drivers/STM32L4xx_HAL_Driver/Src/stm32l4xx_hal_i2c.d" -MT"Drivers/STM32L4xx_HAL_Driver/Src/stm32l4xx_hal_i2c.o" --specs=nano.specs -mfpu=fpv4-sp-d16 -mfloat-abi=hard -mthumb -o "Drivers/STM32L4xx_HAL_Driver/Src/stm32l4xx_hal_i2c.o"
arm-none-eabi-gcc "../Drivers/STM32L4xx_HAL_Driver/Src/stm32l4xx_hal_i2c_ex.c" -mcpu=cortex-m4 -std=gnu11 -g3 -DDEBUG -DUSE_HAL_DRIVER -DSTM32L476xx -c -I../Core/Inc -I../Drivers/STM32L4xx_HAL_Driver/Inc -I../Drivers/STM32L4xx_HAL_Driver/Inc/Legacy -I../Drivers/CMSIS/Device/ST/STM32L4xx/Include -I../Drivers/CMSIS/Include -O0 -ffunction-sections -fdata-sections -Wall -fstack-usage -fcyclomatic-complexity -MMD -MP -MF"Drivers/STM32L4xx_HAL_Driver/Src/stm32l4xx_hal_i2c_ex.d" -MT"Drivers/STM32L4xx_HAL_Driver/Src/stm32l4xx_hal_i2c_ex.o" --specs=nano.specs -mfpu=fpv4-sp-d16 -mfloat-abi=hard -mthumb -o "Drivers/STM32L4xx_HAL_Driver/Src/stm32l4xx_hal_i2c_ex.o"
arm-none-eabi-gcc "../Drivers/STM32L4xx_HAL_Driver/Src/stm32l4xx_hal_pwr.c" -mcpu=cortex-m4 -std=gnu11 -g3 -DDEBUG -DUSE_HAL_DRIVER -DSTM32L476xx -c -I../Core/Inc -I../Drivers/STM32L4xx_HAL_Driver/Inc -I../Drivers/STM32L4xx_HAL_Driver/Inc/Legacy -I../Drivers/CMSIS/Device/ST/STM32L4xx/Include -I../Drivers/CMSIS/Include -O0 -ffunction-sections -fdata-sections -Wall -fstack-usage -fcyclomatic-complexity -MMD -MP -MF"Drivers/STM32L4xx_HAL_Driver/Src/stm32l4xx_hal_pwr.d" -MT"Drivers/STM32L4xx_HAL_Driver/Src/stm32l4xx_hal_pwr.o" --specs=nano.specs -mfpu=fpv4-sp-d16 -mfloat-abi=hard -mthumb -o "Drivers/STM32L4xx_HAL_Driver/Src/stm32l4xx_hal_pwr.o"
arm-none-eabi-gcc "../Drivers/STM32L4xx_HAL_Driver/Src/stm32l4xx_hal_pwr_ex.c" -mcpu=cortex-m4 -std=gnu11 -g3 -DDEBUG -DUSE_HAL_DRIVER -DSTM32L476xx -c -I../Core/Inc -I../Drivers/STM32L4xx_HAL_Driver/Inc -I../Drivers/STM32L4xx_HAL_Driver/Inc/Legacy -I../Drivers/CMSIS/Device/ST/STM32L4xx/Include -I../Drivers/CMSIS/Include -O0 -ffunction-sections -fdata-sections -Wall -fstack-usage -fcyclomatic-complexity -MMD -MP -MF"Drivers/STM32L4xx_HAL_Driver/Src/stm32l4xx_hal_pwr_ex.d" -MT"Drivers/STM32L4xx_HAL_Driver/Src/stm32l4xx_hal_pwr_ex.o" --specs=nano.specs -mfpu=fpv4-sp-d16 -mfloat-abi=hard -mthumb -o "Drivers/STM32L4xx_HAL_Driver/Src/stm32l4xx_hal_pwr_ex.o"
arm-none-eabi-gcc "../Drivers/STM32L4xx_HAL_Driver/Src/stm32l4xx_hal_rcc.c" -mcpu=cortex-m4 -std=gnu11 -g3 -DDEBUG -DUSE_HAL_DRIVER -DSTM32L476xx -c -I../Core/Inc -I../Drivers/STM32L4xx_HAL_Driver/Inc -I../Drivers/STM32L4xx_HAL_Driver/Inc/Legacy -I../Drivers/CMSIS/Device/ST/STM32L4xx/Include -I../Drivers/CMSIS/Include -O0 -ffunction-sections -fdata-sections -Wall -fstack-usage -fcyclomatic-complexity -MMD -MP -MF"Drivers/STM32L4xx_HAL_Driver/Src/stm32l4xx_hal_rcc.d" -MT"Drivers/STM32L4xx_HAL_Driver/Src/stm32l4xx_hal_rcc.o" --specs=nano.specs -mfpu=fpv4-sp-d16 -mfloat-abi=hard -mthumb -o "Drivers/STM32L4xx_HAL_Driver/Src/stm32l4xx_hal_rcc.o"
arm-none-eabi-gcc "../Drivers/STM32L4xx_HAL_Driver/Src/stm32l4xx_hal_rcc_ex.c" -mcpu=cortex-m4 -std=gnu11 -g3 -DDEBUG -DUSE_HAL_DRIVER -DSTM32L476xx -c -I../Core/Inc -I../Drivers/STM32L4xx_HAL_Driver/Inc -I../Drivers/STM32L4xx_HAL_Driver/Inc/Legacy -I../Drivers/CMSIS/Device/ST/STM32L4xx/Include -I../Drivers/CMSIS/Include -O0 -ffunction-sections -fdata-sections -Wall -fstack-usage -fcyclomatic-complexity -MMD -MP -MF"Drivers/STM32L4xx_HAL_Driver/Src/stm32l4xx_hal_rcc_ex.d" -MT"Drivers/STM32L4xx_HAL_Driver/Src/stm32l4xx_hal_rcc_ex.o" --specs=nano.specs -mfpu=fpv4-sp-d16 -mfloat-abi=hard -mthumb -o "Drivers/STM32L4xx_HAL_Driver/Src/stm32l4xx_hal_rcc_ex.o"
arm-none-eabi-gcc "../Drivers/STM32L4xx_HAL_Driver/Src/stm32l4xx_hal_tim.c" -mcpu=cortex-m4 -std=gnu11 -g3 -DDEBUG -DUSE_HAL_DRIVER -DSTM32L476xx -c -I../Core/Inc -I../Drivers/STM32L4xx_HAL_Driver/Inc -I../Drivers/STM32L4xx_HAL_Driver/Inc/Legacy -I../Drivers/CMSIS/Device/ST/STM32L4xx/Include -I../Drivers/CMSIS/Include -O0 -ffunction-sections -fdata-sections -Wall -fstack-usage -fcyclomatic-complexity -MMD -MP -MF"Drivers/STM32L4xx_HAL_Driver/Src/stm32l4xx_hal_tim.d" -MT"Drivers/STM32L4xx_HAL_Driver/Src/stm32l4xx_hal_tim.o" --specs=nano.specs -mfpu=fpv4-sp-d16 -mfloat-abi=hard -mthumb -o "Drivers/STM32L4xx_HAL_Driver/Src/stm32l4xx_hal_tim.o"
arm-none-eabi-gcc "../Drivers/STM32L4xx_HAL_Driver/Src/stm32l4xx_hal_tim_ex.c" -mcpu=cortex-m4 -std=gnu11 -g3 -DDEBUG -DUSE_HAL_DRIVER -DSTM32L476xx -c -I../Core/Inc -I../Drivers/STM32L4xx_HAL_Driver/Inc -I../Drivers/STM32L4xx_HAL_Driver/Inc/Legacy -I../Drivers/CMSIS/Device/ST/STM32L4xx/Include -I../Drivers/CMSIS/Include -O0 -ffunction-sections -fdata-sections -Wall -fstack-usage -fcyclomatic-complexity -MMD -MP -MF"Drivers/STM32L4xx_HAL_Driver/Src/stm32l4xx_hal_tim_ex.d" -MT"Drivers/STM32L4xx_HAL_Driver/Src/stm32l4xx_hal_tim_ex.o" --specs=nano.specs -mfpu=fpv4-sp-d16 -mfloat-abi=hard -mthumb -o "Drivers/STM32L4xx_HAL_Driver/Src/stm32l4xx_hal_tim_ex.o"
arm-none-eabi-gcc -mcpu=cortex-m4 -g3 -DDEBUG -c -x assembler-with-cpp -MMD -MP -MF"Core/Startup/startup_stm32l476rgtx.d" -MT"Core/Startup/startup_stm32l476rgtx.o" --specs=nano.specs -mfpu=fpv4-sp-d16 -mfloat-abi=hard -mthumb -o "Core/Startup/startup_stm32l476rgtx.o" "../Core/Startup/startup_stm32l476rgtx.s"
arm-none-eabi-gcc "../Core/Src/main.c" -mcpu=cortex-m4 -std=gnu11 -g3 -DDEBUG -DUSE_HAL_DRIVER -DSTM32L476xx -c -I../Core/Inc -I../Drivers/STM32L4xx_HAL_Driver/Inc -I../Drivers/STM32L4xx_HAL_Driver/Inc/Legacy -I../Drivers/CMSIS/Device/ST/STM32L4xx/Include -I../Drivers/CMSIS/Include -O0 -ffunction-sections -fdata-sections -Wall -fstack-usage -fcyclomatic-complexity -MMD -MP -MF"Core/Src/main.d" -MT"Core/Src/main.o" --specs=nano.specs -mfpu=fpv4-sp-d16 -mfloat-abi=hard -mthumb -o "Core/Src/main.o"
arm-none-eabi-gcc "../Core/Src/stm32l4xx_hal_msp.c" -mcpu=cortex-m4 -std=gnu11 -g3 -DDEBUG -DUSE_HAL_DRIVER -DSTM32L476xx -c -I../Core/Inc -I../Drivers/STM32L4xx_HAL_Driver/Inc -I../Drivers/STM32L4xx_HAL_Driver/Inc/Legacy -I../Drivers/CMSIS/Device/ST/STM32L4xx/Include -I../Drivers/CMSIS/Include -O0 -ffunction-sections -fdata-sections -Wall -fstack-usage -fcyclomatic-complexity -MMD -MP -MF"Core/Src/stm32l4xx_hal_msp.d" -MT"Core/Src/stm32l4xx_hal_msp.o" --specs=nano.specs -mfpu=fpv4-sp-d16 -mfloat-abi=hard -mthumb -o "Core/Src/stm32l4xx_hal_msp.o"
arm-none-eabi-gcc "../Core/Src/stm32l4xx_it.c" -mcpu=cortex-m4 -std=gnu11 -g3 -DDEBUG -DUSE_HAL_DRIVER -DSTM32L476xx -c -I../Core/Inc -I../Drivers/STM32L4xx_HAL_Driver/Inc -I../Drivers/STM32L4xx_HAL_Driver/Inc/Legacy -I../Drivers/CMSIS/Device/ST/STM32L4xx/Include -I../Drivers/CMSIS/Include -O0 -ffunction-sections -fdata-sections -Wall -fstack-usage -fcyclomatic-complexity -MMD -MP -MF"Core/Src/stm32l4xx_it.d" -MT"Core/Src/stm32l4xx_it.o" --specs=nano.specs -mfpu=fpv4-sp-d16 -mfloat-abi=hard -mthumb -o "Core/Src/stm32l4xx_it.o"
arm-none-eabi-gcc "../Core/Src/syscalls.c" -mcpu=cortex-m4 -std=gnu11 -g3 -DDEBUG -DUSE_HAL_DRIVER -DSTM32L476xx -c -I../Core/Inc -I../Drivers/STM32L4xx_HAL_Driver/Inc -I../Drivers/STM32L4xx_HAL_Driver/Inc/Legacy -I../Drivers/CMSIS/Device/ST/STM32L4xx/Include -I../Drivers/CMSIS/Include -O0 -ffunction-sections -fdata-sections -Wall -fstack-usage -fcyclomatic-complexity -MMD -MP -MF"Core/Src/syscalls.d" -MT"Core/Src/syscalls.o" --specs=nano.specs -mfpu=fpv4-sp-d16 -mfloat-abi=hard -mthumb -o "Core/Src/syscalls.o"
arm-none-eabi-gcc "../Core/Src/sysmem.c" -mcpu=cortex-m4 -std=gnu11 -g3 -DDEBUG -DUSE_HAL_DRIVER -DSTM32L476xx -c -I../Core/Inc -I../Drivers/STM32L4xx_HAL_Driver/Inc -I../Drivers/STM32L4xx_HAL_Driver/Inc/Legacy -I../Drivers/CMSIS/Device/ST/STM32L4xx/Include -I../Drivers/CMSIS/Include -O0 -ffunction-sections -fdata-sections -Wall -fstack-usage -fcyclomatic-complexity -MMD -MP -MF"Core/Src/sysmem.d" -MT"Core/Src/sysmem.o" --specs=nano.specs -mfpu=fpv4-sp-d16 -mfloat-abi=hard -mthumb -o "Core/Src/sysmem.o"
arm-none-eabi-gcc "../Core/Src/system_stm32l4xx.c" -mcpu=cortex-m4 -std=gnu11 -g3 -DDEBUG -DUSE_HAL_DRIVER -DSTM32L476xx -c -I../Core/Inc -I../Drivers/STM32L4xx_HAL_Driver/Inc -I../Drivers/STM32L4xx_HAL_Driver/Inc/Legacy -I../Drivers/CMSIS/Device/ST/STM32L4xx/Include -I../Drivers/CMSIS/Include -O0 -ffunction-sections -fdata-sections -Wall -fstack-usage -fcyclomatic-complexity -MMD -MP -MF"Core/Src/system_stm32l4xx.d" -MT"Core/Src/system_stm32l4xx.o" --specs=nano.specs -mfpu=fpv4-sp-d16 -mfloat-abi=hard -mthumb -o "Core/Src/system_stm32l4xx.o"
arm-none-eabi-gcc -o "MiniLab1.elf" @"objects.list"   -mcpu=cortex-m4 -T"C:\Users\magoo\OneDrive\Documents\GitHub\ME-507-Mechatronics-Lab\MiniLab1\STM32L476RGTX_FLASH.ld" --specs=nosys.specs -Wl,-Map="MiniLab1.map" -Wl,--gc-sections -static --specs=nano.specs -mfpu=fpv4-sp-d16 -mfloat-abi=hard -mthumb -Wl,--start-group -lc -lm -Wl,--end-group
Finished building target: MiniLab1.elf
 
arm-none-eabi-size  MiniLab1.elf 
arm-none-eabi-objdump -h -S MiniLab1.elf  > "MiniLab1.list"
   text	   data	    bss	    dec	    hex	filename
  10668	     12	   1724	  12404	   3074	MiniLab1.elf
Finished building: default.size.stdout
 
Finished building: MiniLab1.list
 
14:13:16 **** Incremental Build of configuration Debug for project MiniLab1 ****
make -j8 all 
arm-none-eabi-gcc "../Core/Src/main.c" -mcpu=cortex-m4 -std=gnu11 -g3 -DDEBUG -DUSE_HAL_DRIVER -DSTM32L476xx -c -I../Core/Inc -I../Drivers/STM32L4xx_HAL_Driver/Inc -I../Drivers/STM32L4xx_HAL_Driver/Inc/Legacy -I../Drivers/CMSIS/Device/ST/STM32L4xx/Include -I../Drivers/CMSIS/Include -O0 -ffunction-sections -fdata-sections -Wall -fstack-usage -fcyclomatic-complexity -MMD -MP -MF"Core/Src/main.d" -MT"Core/Src/main.o" --specs=nano.specs -mfpu=fpv4-sp-d16 -mfloat-abi=hard -mthumb -o "Core/Src/main.o"
arm-none-eabi-gcc -o "MiniLab1.elf" @"objects.list"   -mcpu=cortex-m4 -T"C:\Users\magoo\OneDrive\Documents\GitHub\ME-507-Mechatronics-Lab\MiniLab1\STM32L476RGTX_FLASH.ld" --specs=nosys.specs -Wl,-Map="MiniLab1.map" -Wl,--gc-sections -static --specs=nano.specs -mfpu=fpv4-sp-d16 -mfloat-abi=hard -mthumb -Wl,--start-group -lc -lm -Wl,--end-group
Finished building target: MiniLab1.elf
 
arm-none-eabi-size  MiniLab1.elf 
arm-none-eabi-objdump -h -S MiniLab1.elf  > "MiniLab1.list"
   text	   data	    bss	    dec	    hex	filename
  11280	     12	   1724	  13016	   32d8	MiniLab1.elf
Finished building: default.size.stdout
 
Finished building: MiniLab1.list
 
14:20:32 **** Incremental Build of configuration Debug for project MiniLab1 ****
make -j8 all 
arm-none-eabi-gcc "../Core/Src/main.c" -mcpu=cortex-m4 -std=gnu11 -g3 -DDEBUG -DUSE_HAL_DRIVER -DSTM32L476xx -c -I../Core/Inc -I../Drivers/STM32L4xx_HAL_Driver/Inc -I../Drivers/STM32L4xx_HAL_Driver/Inc/Legacy -I../Drivers/CMSIS/Device/ST/STM32L4xx/Include -I../Drivers/CMSIS/Include -O0 -ffunction-sections -fdata-sections -Wall -fstack-usage -fcyclomatic-complexity -MMD -MP -MF"Core/Src/main.d" -MT"Core/Src/main.o" --specs=nano.specs -mfpu=fpv4-sp-d16 -mfloat-abi=hard -mthumb -o "Core/Src/main.o"
../Core/Src/main.c: In function 'main':
../Core/Src/main.c:103:16: error: invalid type argument of '->' (have 'TIM_HandleTypeDef')
  103 |           htim1->CCR1 = pdc;
      |                ^~
make: *** [Core/Src/subdir.mk:34: Core/Src/main.o] Error 1
"make -j8 all" terminated with exit code 2. Build might be incomplete.
14:20:47 **** Incremental Build of configuration Debug for project MiniLab1 ****
make -j8 all 
arm-none-eabi-gcc "../Core/Src/main.c" -mcpu=cortex-m4 -std=gnu11 -g3 -DDEBUG -DUSE_HAL_DRIVER -DSTM32L476xx -c -I../Core/Inc -I../Drivers/STM32L4xx_HAL_Driver/Inc -I../Drivers/STM32L4xx_HAL_Driver/Inc/Legacy -I../Drivers/CMSIS/Device/ST/STM32L4xx/Include -I../Drivers/CMSIS/Include -O0 -ffunction-sections -fdata-sections -Wall -fstack-usage -fcyclomatic-complexity -MMD -MP -MF"Core/Src/main.d" -MT"Core/Src/main.o" --specs=nano.specs -mfpu=fpv4-sp-d16 -mfloat-abi=hard -mthumb -o "Core/Src/main.o"
../Core/Src/main.c: In function 'main':
../Core/Src/main.c:103:11: error: 'tim1' undeclared (first use in this function); did you mean 'htim1'?
  103 |           tim1->CCR1 = pdc;
      |           ^~~~
      |           htim1
../Core/Src/main.c:103:11: note: each undeclared identifier is reported only once for each function it appears in
make: *** [Core/Src/subdir.mk:34: Core/Src/main.o] Error 1
"make -j8 all" terminated with exit code 2. Build might be incomplete.
14:21:02 **** Incremental Build of configuration Debug for project MiniLab1 ****
make -j8 all 
arm-none-eabi-gcc "../Core/Src/main.c" -mcpu=cortex-m4 -std=gnu11 -g3 -DDEBUG -DUSE_HAL_DRIVER -DSTM32L476xx -c -I../Core/Inc -I../Drivers/STM32L4xx_HAL_Driver/Inc -I../Drivers/STM32L4xx_HAL_Driver/Inc/Legacy -I../Drivers/CMSIS/Device/ST/STM32L4xx/Include -I../Drivers/CMSIS/Include -O0 -ffunction-sections -fdata-sections -Wall -fstack-usage -fcyclomatic-complexity -MMD -MP -MF"Core/Src/main.d" -MT"Core/Src/main.o" --specs=nano.specs -mfpu=fpv4-sp-d16 -mfloat-abi=hard -mthumb -o "Core/Src/main.o"
../Core/Src/main.c: In function 'main':
../Core/Src/main.c:103:17: error: invalid type argument of '->' (have 'TIM_HandleTypeDef')
  103 |           &htim1->CCR1 = pdc;
      |                 ^~
make: *** [Core/Src/subdir.mk:34: Core/Src/main.o] Error 1
"make -j8 all" terminated with exit code 2. Build might be incomplete.
14:21:19 **** Incremental Build of configuration Debug for project MiniLab1 ****
make -j8 all 
arm-none-eabi-gcc "../Core/Src/main.c" -mcpu=cortex-m4 -std=gnu11 -g3 -DDEBUG -DUSE_HAL_DRIVER -DSTM32L476xx -c -I../Core/Inc -I../Drivers/STM32L4xx_HAL_Driver/Inc -I../Drivers/STM32L4xx_HAL_Driver/Inc/Legacy -I../Drivers/CMSIS/Device/ST/STM32L4xx/Include -I../Drivers/CMSIS/Include -O0 -ffunction-sections -fdata-sections -Wall -fstack-usage -fcyclomatic-complexity -MMD -MP -MF"Core/Src/main.d" -MT"Core/Src/main.o" --specs=nano.specs -mfpu=fpv4-sp-d16 -mfloat-abi=hard -mthumb -o "Core/Src/main.o"
../Core/Src/main.c: In function 'main':
../Core/Src/main.c:103:16: error: invalid type argument of '->' (have 'TIM_HandleTypeDef')
  103 |           htim1->CCR1 = pdc;
      |                ^~
make: *** [Core/Src/subdir.mk:34: Core/Src/main.o] Error 1
"make -j8 all" terminated with exit code 2. Build might be incomplete.
14:23:07 **** Incremental Build of configuration Debug for project MiniLab1 ****
make -j8 all 
arm-none-eabi-gcc "../Core/Src/main.c" -mcpu=cortex-m4 -std=gnu11 -g3 -DDEBUG -DUSE_HAL_DRIVER -DSTM32L476xx -c -I../Core/Inc -I../Drivers/STM32L4xx_HAL_Driver/Inc -I../Drivers/STM32L4xx_HAL_Driver/Inc/Legacy -I../Drivers/CMSIS/Device/ST/STM32L4xx/Include -I../Drivers/CMSIS/Include -O0 -ffunction-sections -fdata-sections -Wall -fstack-usage -fcyclomatic-complexity -MMD -MP -MF"Core/Src/main.d" -MT"Core/Src/main.o" --specs=nano.specs -mfpu=fpv4-sp-d16 -mfloat-abi=hard -mthumb -o "Core/Src/main.o"
arm-none-eabi-gcc -o "MiniLab1.elf" @"objects.list"   -mcpu=cortex-m4 -T"C:\Users\magoo\OneDrive\Documents\GitHub\ME-507-Mechatronics-Lab\MiniLab1\STM32L476RGTX_FLASH.ld" --specs=nosys.specs -Wl,-Map="MiniLab1.map" -Wl,--gc-sections -static --specs=nano.specs -mfpu=fpv4-sp-d16 -mfloat-abi=hard -mthumb -Wl,--start-group -lc -lm -Wl,--end-group
Finished building target: MiniLab1.elf
 
arm-none-eabi-size  MiniLab1.elf 
arm-none-eabi-objdump -h -S MiniLab1.elf  > "MiniLab1.list"
   text	   data	    bss	    dec	    hex	filename
  11376	     12	   1724	  13112	   3338	MiniLab1.elf
Finished building: default.size.stdout
 
Finished building: MiniLab1.list
 
14:25:05 **** Incremental Build of configuration Debug for project MiniLab1 ****
make -j8 all 
arm-none-eabi-gcc "../Core/Src/main.c" -mcpu=cortex-m4 -std=gnu11 -g3 -DDEBUG -DUSE_HAL_DRIVER -DSTM32L476xx -c -I../Core/Inc -I../Drivers/STM32L4xx_HAL_Driver/Inc -I../Drivers/STM32L4xx_HAL_Driver/Inc/Legacy -I../Drivers/CMSIS/Device/ST/STM32L4xx/Include -I../Drivers/CMSIS/Include -O0 -ffunction-sections -fdata-sections -Wall -fstack-usage -fcyclomatic-complexity -MMD -MP -MF"Core/Src/main.d" -MT"Core/Src/main.o" --specs=nano.specs -mfpu=fpv4-sp-d16 -mfloat-abi=hard -mthumb -o "Core/Src/main.o"
arm-none-eabi-gcc -o "MiniLab1.elf" @"objects.list"   -mcpu=cortex-m4 -T"C:\Users\magoo\OneDrive\Documents\GitHub\ME-507-Mechatronics-Lab\MiniLab1\STM32L476RGTX_FLASH.ld" --specs=nosys.specs -Wl,-Map="MiniLab1.map" -Wl,--gc-sections -static --specs=nano.specs -mfpu=fpv4-sp-d16 -mfloat-abi=hard -mthumb -Wl,--start-group -lc -lm -Wl,--end-group
Finished building target: MiniLab1.elf
 
arm-none-eabi-size  MiniLab1.elf 
arm-none-eabi-objdump -h -S MiniLab1.elf  > "MiniLab1.list"
   text	   data	    bss	    dec	    hex	filename
  11376	     16	   1720	  13112	   3338	MiniLab1.elf
Finished building: default.size.stdout
 
Finished building: MiniLab1.list
 
14:26:21 **** Incremental Build of configuration Debug for project MiniLab1 ****
make -j8 all 
arm-none-eabi-size  MiniLab1.elf 
   text	   data	    bss	    dec	    hex	filename
  11376	     16	   1720	  13112	   3338	MiniLab1.elf
Finished building: default.size.stdout
 
14:26:41 **** Incremental Build of configuration Debug for project MiniLab1 ****
make -j8 all 
arm-none-eabi-size  MiniLab1.elf 
   text	   data	    bss	    dec	    hex	filename
  11376	     16	   1720	  13112	   3338	MiniLab1.elf
Finished building: default.size.stdout
 
14:28:48 **** Incremental Build of configuration Debug for project MiniLab1 ****
make -j8 all 
arm-none-eabi-size  MiniLab1.elf 
   text	   data	    bss	    dec	    hex	filename
  11376	     16	   1720	  13112	   3338	MiniLab1.elf
Finished building: default.size.stdout
 
14:29:06 **** Incremental Build of configuration Debug for project MiniLab1 ****
make -j8 all 
arm-none-eabi-size  MiniLab1.elf 
   text	   data	    bss	    dec	    hex	filename
  11376	     16	   1720	  13112	   3338	MiniLab1.elf
Finished building: default.size.stdout
 
14:29:14 **** Incremental Build of configuration Debug for project MiniLab1 ****
make -j8 all 
arm-none-eabi-size  MiniLab1.elf 
   text	   data	    bss	    dec	    hex	filename
  11376	     16	   1720	  13112	   3338	MiniLab1.elf
Finished building: default.size.stdout
 
14:29:33 **** Incremental Build of configuration Debug for project MiniLab1 ****
make -j8 all 
arm-none-eabi-size  MiniLab1.elf 
   text	   data	    bss	    dec	    hex	filename
  11376	     16	   1720	  13112	   3338	MiniLab1.elf
Finished building: default.size.stdout
 
14:30:28 **** Incremental Build of configuration Debug for project MiniLab1 ****
make -j8 all 
arm-none-eabi-size  MiniLab1.elf 
   text	   data	    bss	    dec	    hex	filename
  11376	     16	   1720	  13112	   3338	MiniLab1.elf
Finished building: default.size.stdout
 
14:31:19 **** Incremental Build of configuration Debug for project MiniLab1 ****
make -j8 all 
arm-none-eabi-size  MiniLab1.elf 
   text	   data	    bss	    dec	    hex	filename
  11376	     16	   1720	  13112	   3338	MiniLab1.elf
Finished building: default.size.stdout
 
14:36:47 **** Incremental Build of configuration Debug for project MiniLab1 ****
make -j8 all 
arm-none-eabi-gcc "../Core/Src/stm32l4xx_hal_msp.c" -mcpu=cortex-m4 -std=gnu11 -g3 -DDEBUG -DUSE_HAL_DRIVER -DSTM32L476xx -c -I../Core/Inc -I../Drivers/STM32L4xx_HAL_Driver/Inc -I../Drivers/STM32L4xx_HAL_Driver/Inc/Legacy -I../Drivers/CMSIS/Device/ST/STM32L4xx/Include -I../Drivers/CMSIS/Include -O0 -ffunction-sections -fdata-sections -Wall -fstack-usage -fcyclomatic-complexity -MMD -MP -MF"Core/Src/stm32l4xx_hal_msp.d" -MT"Core/Src/stm32l4xx_hal_msp.o" --specs=nano.specs -mfpu=fpv4-sp-d16 -mfloat-abi=hard -mthumb -o "Core/Src/stm32l4xx_hal_msp.o"
arm-none-eabi-gcc -o "MiniLab1.elf" @"objects.list"   -mcpu=cortex-m4 -T"C:\Users\magoo\OneDrive\Documents\GitHub\ME-507-Mechatronics-Lab\MiniLab1\STM32L476RGTX_FLASH.ld" --specs=nosys.specs -Wl,-Map="MiniLab1.map" -Wl,--gc-sections -static --specs=nano.specs -mfpu=fpv4-sp-d16 -mfloat-abi=hard -mthumb -Wl,--start-group -lc -lm -Wl,--end-group
Finished building target: MiniLab1.elf
 
arm-none-eabi-size  MiniLab1.elf 
arm-none-eabi-objdump -h -S MiniLab1.elf  > "MiniLab1.list"
   text	   data	    bss	    dec	    hex	filename
  11376	     16	   1720	  13112	   3338	MiniLab1.elf
Finished building: default.size.stdout
 
Finished building: MiniLab1.list
 
13:19:17 **** Build of configuration Debug for project Lab2 ****
make -j8 all 
arm-none-eabi-gcc "../Drivers/STM32L4xx_HAL_Driver/Src/stm32l4xx_hal.c" -mcpu=cortex-m4 -std=gnu11 -g3 -DDEBUG -DUSE_HAL_DRIVER -DSTM32L476xx -c -I../Core/Inc -I../Drivers/STM32L4xx_HAL_Driver/Inc -I../Drivers/STM32L4xx_HAL_Driver/Inc/Legacy -I../Drivers/CMSIS/Device/ST/STM32L4xx/Include -I../Drivers/CMSIS/Include -O0 -ffunction-sections -fdata-sections -Wall -fstack-usage -fcyclomatic-complexity -MMD -MP -MF"Drivers/STM32L4xx_HAL_Driver/Src/stm32l4xx_hal.d" -MT"Drivers/STM32L4xx_HAL_Driver/Src/stm32l4xx_hal.o" --specs=nano.specs -mfpu=fpv4-sp-d16 -mfloat-abi=hard -mthumb -o "Drivers/STM32L4xx_HAL_Driver/Src/stm32l4xx_hal.o"
arm-none-eabi-gcc "../Drivers/STM32L4xx_HAL_Driver/Src/stm32l4xx_hal_cortex.c" -mcpu=cortex-m4 -std=gnu11 -g3 -DDEBUG -DUSE_HAL_DRIVER -DSTM32L476xx -c -I../Core/Inc -I../Drivers/STM32L4xx_HAL_Driver/Inc -I../Drivers/STM32L4xx_HAL_Driver/Inc/Legacy -I../Drivers/CMSIS/Device/ST/STM32L4xx/Include -I../Drivers/CMSIS/Include -O0 -ffunction-sections -fdata-sections -Wall -fstack-usage -fcyclomatic-complexity -MMD -MP -MF"Drivers/STM32L4xx_HAL_Driver/Src/stm32l4xx_hal_cortex.d" -MT"Drivers/STM32L4xx_HAL_Driver/Src/stm32l4xx_hal_cortex.o" --specs=nano.specs -mfpu=fpv4-sp-d16 -mfloat-abi=hard -mthumb -o "Drivers/STM32L4xx_HAL_Driver/Src/stm32l4xx_hal_cortex.o"
arm-none-eabi-gcc "../Drivers/STM32L4xx_HAL_Driver/Src/stm32l4xx_hal_dma.c" -mcpu=cortex-m4 -std=gnu11 -g3 -DDEBUG -DUSE_HAL_DRIVER -DSTM32L476xx -c -I../Core/Inc -I../Drivers/STM32L4xx_HAL_Driver/Inc -I../Drivers/STM32L4xx_HAL_Driver/Inc/Legacy -I../Drivers/CMSIS/Device/ST/STM32L4xx/Include -I../Drivers/CMSIS/Include -O0 -ffunction-sections -fdata-sections -Wall -fstack-usage -fcyclomatic-complexity -MMD -MP -MF"Drivers/STM32L4xx_HAL_Driver/Src/stm32l4xx_hal_dma.d" -MT"Drivers/STM32L4xx_HAL_Driver/Src/stm32l4xx_hal_dma.o" --specs=nano.specs -mfpu=fpv4-sp-d16 -mfloat-abi=hard -mthumb -o "Drivers/STM32L4xx_HAL_Driver/Src/stm32l4xx_hal_dma.o"
arm-none-eabi-gcc "../Drivers/STM32L4xx_HAL_Driver/Src/stm32l4xx_hal_dma_ex.c" -mcpu=cortex-m4 -std=gnu11 -g3 -DDEBUG -DUSE_HAL_DRIVER -DSTM32L476xx -c -I../Core/Inc -I../Drivers/STM32L4xx_HAL_Driver/Inc -I../Drivers/STM32L4xx_HAL_Driver/Inc/Legacy -I../Drivers/CMSIS/Device/ST/STM32L4xx/Include -I../Drivers/CMSIS/Include -O0 -ffunction-sections -fdata-sections -Wall -fstack-usage -fcyclomatic-complexity -MMD -MP -MF"Drivers/STM32L4xx_HAL_Driver/Src/stm32l4xx_hal_dma_ex.d" -MT"Drivers/STM32L4xx_HAL_Driver/Src/stm32l4xx_hal_dma_ex.o" --specs=nano.specs -mfpu=fpv4-sp-d16 -mfloat-abi=hard -mthumb -o "Drivers/STM32L4xx_HAL_Driver/Src/stm32l4xx_hal_dma_ex.o"
arm-none-eabi-gcc "../Drivers/STM32L4xx_HAL_Driver/Src/stm32l4xx_hal_exti.c" -mcpu=cortex-m4 -std=gnu11 -g3 -DDEBUG -DUSE_HAL_DRIVER -DSTM32L476xx -c -I../Core/Inc -I../Drivers/STM32L4xx_HAL_Driver/Inc -I../Drivers/STM32L4xx_HAL_Driver/Inc/Legacy -I../Drivers/CMSIS/Device/ST/STM32L4xx/Include -I../Drivers/CMSIS/Include -O0 -ffunction-sections -fdata-sections -Wall -fstack-usage -fcyclomatic-complexity -MMD -MP -MF"Drivers/STM32L4xx_HAL_Driver/Src/stm32l4xx_hal_exti.d" -MT"Drivers/STM32L4xx_HAL_Driver/Src/stm32l4xx_hal_exti.o" --specs=nano.specs -mfpu=fpv4-sp-d16 -mfloat-abi=hard -mthumb -o "Drivers/STM32L4xx_HAL_Driver/Src/stm32l4xx_hal_exti.o"
arm-none-eabi-gcc "../Drivers/STM32L4xx_HAL_Driver/Src/stm32l4xx_hal_flash.c" -mcpu=cortex-m4 -std=gnu11 -g3 -DDEBUG -DUSE_HAL_DRIVER -DSTM32L476xx -c -I../Core/Inc -I../Drivers/STM32L4xx_HAL_Driver/Inc -I../Drivers/STM32L4xx_HAL_Driver/Inc/Legacy -I../Drivers/CMSIS/Device/ST/STM32L4xx/Include -I../Drivers/CMSIS/Include -O0 -ffunction-sections -fdata-sections -Wall -fstack-usage -fcyclomatic-complexity -MMD -MP -MF"Drivers/STM32L4xx_HAL_Driver/Src/stm32l4xx_hal_flash.d" -MT"Drivers/STM32L4xx_HAL_Driver/Src/stm32l4xx_hal_flash.o" --specs=nano.specs -mfpu=fpv4-sp-d16 -mfloat-abi=hard -mthumb -o "Drivers/STM32L4xx_HAL_Driver/Src/stm32l4xx_hal_flash.o"
arm-none-eabi-gcc "../Drivers/STM32L4xx_HAL_Driver/Src/stm32l4xx_hal_flash_ex.c" -mcpu=cortex-m4 -std=gnu11 -g3 -DDEBUG -DUSE_HAL_DRIVER -DSTM32L476xx -c -I../Core/Inc -I../Drivers/STM32L4xx_HAL_Driver/Inc -I../Drivers/STM32L4xx_HAL_Driver/Inc/Legacy -I../Drivers/CMSIS/Device/ST/STM32L4xx/Include -I../Drivers/CMSIS/Include -O0 -ffunction-sections -fdata-sections -Wall -fstack-usage -fcyclomatic-complexity -MMD -MP -MF"Drivers/STM32L4xx_HAL_Driver/Src/stm32l4xx_hal_flash_ex.d" -MT"Drivers/STM32L4xx_HAL_Driver/Src/stm32l4xx_hal_flash_ex.o" --specs=nano.specs -mfpu=fpv4-sp-d16 -mfloat-abi=hard -mthumb -o "Drivers/STM32L4xx_HAL_Driver/Src/stm32l4xx_hal_flash_ex.o"
arm-none-eabi-gcc "../Drivers/STM32L4xx_HAL_Driver/Src/stm32l4xx_hal_flash_ramfunc.c" -mcpu=cortex-m4 -std=gnu11 -g3 -DDEBUG -DUSE_HAL_DRIVER -DSTM32L476xx -c -I../Core/Inc -I../Drivers/STM32L4xx_HAL_Driver/Inc -I../Drivers/STM32L4xx_HAL_Driver/Inc/Legacy -I../Drivers/CMSIS/Device/ST/STM32L4xx/Include -I../Drivers/CMSIS/Include -O0 -ffunction-sections -fdata-sections -Wall -fstack-usage -fcyclomatic-complexity -MMD -MP -MF"Drivers/STM32L4xx_HAL_Driver/Src/stm32l4xx_hal_flash_ramfunc.d" -MT"Drivers/STM32L4xx_HAL_Driver/Src/stm32l4xx_hal_flash_ramfunc.o" --specs=nano.specs -mfpu=fpv4-sp-d16 -mfloat-abi=hard -mthumb -o "Drivers/STM32L4xx_HAL_Driver/Src/stm32l4xx_hal_flash_ramfunc.o"
arm-none-eabi-gcc "../Drivers/STM32L4xx_HAL_Driver/Src/stm32l4xx_hal_gpio.c" -mcpu=cortex-m4 -std=gnu11 -g3 -DDEBUG -DUSE_HAL_DRIVER -DSTM32L476xx -c -I../Core/Inc -I../Drivers/STM32L4xx_HAL_Driver/Inc -I../Drivers/STM32L4xx_HAL_Driver/Inc/Legacy -I../Drivers/CMSIS/Device/ST/STM32L4xx/Include -I../Drivers/CMSIS/Include -O0 -ffunction-sections -fdata-sections -Wall -fstack-usage -fcyclomatic-complexity -MMD -MP -MF"Drivers/STM32L4xx_HAL_Driver/Src/stm32l4xx_hal_gpio.d" -MT"Drivers/STM32L4xx_HAL_Driver/Src/stm32l4xx_hal_gpio.o" --specs=nano.specs -mfpu=fpv4-sp-d16 -mfloat-abi=hard -mthumb -o "Drivers/STM32L4xx_HAL_Driver/Src/stm32l4xx_hal_gpio.o"
arm-none-eabi-gcc "../Drivers/STM32L4xx_HAL_Driver/Src/stm32l4xx_hal_i2c.c" -mcpu=cortex-m4 -std=gnu11 -g3 -DDEBUG -DUSE_HAL_DRIVER -DSTM32L476xx -c -I../Core/Inc -I../Drivers/STM32L4xx_HAL_Driver/Inc -I../Drivers/STM32L4xx_HAL_Driver/Inc/Legacy -I../Drivers/CMSIS/Device/ST/STM32L4xx/Include -I../Drivers/CMSIS/Include -O0 -ffunction-sections -fdata-sections -Wall -fstack-usage -fcyclomatic-complexity -MMD -MP -MF"Drivers/STM32L4xx_HAL_Driver/Src/stm32l4xx_hal_i2c.d" -MT"Drivers/STM32L4xx_HAL_Driver/Src/stm32l4xx_hal_i2c.o" --specs=nano.specs -mfpu=fpv4-sp-d16 -mfloat-abi=hard -mthumb -o "Drivers/STM32L4xx_HAL_Driver/Src/stm32l4xx_hal_i2c.o"
arm-none-eabi-gcc "../Drivers/STM32L4xx_HAL_Driver/Src/stm32l4xx_hal_i2c_ex.c" -mcpu=cortex-m4 -std=gnu11 -g3 -DDEBUG -DUSE_HAL_DRIVER -DSTM32L476xx -c -I../Core/Inc -I../Drivers/STM32L4xx_HAL_Driver/Inc -I../Drivers/STM32L4xx_HAL_Driver/Inc/Legacy -I../Drivers/CMSIS/Device/ST/STM32L4xx/Include -I../Drivers/CMSIS/Include -O0 -ffunction-sections -fdata-sections -Wall -fstack-usage -fcyclomatic-complexity -MMD -MP -MF"Drivers/STM32L4xx_HAL_Driver/Src/stm32l4xx_hal_i2c_ex.d" -MT"Drivers/STM32L4xx_HAL_Driver/Src/stm32l4xx_hal_i2c_ex.o" --specs=nano.specs -mfpu=fpv4-sp-d16 -mfloat-abi=hard -mthumb -o "Drivers/STM32L4xx_HAL_Driver/Src/stm32l4xx_hal_i2c_ex.o"
arm-none-eabi-gcc "../Drivers/STM32L4xx_HAL_Driver/Src/stm32l4xx_hal_pwr.c" -mcpu=cortex-m4 -std=gnu11 -g3 -DDEBUG -DUSE_HAL_DRIVER -DSTM32L476xx -c -I../Core/Inc -I../Drivers/STM32L4xx_HAL_Driver/Inc -I../Drivers/STM32L4xx_HAL_Driver/Inc/Legacy -I../Drivers/CMSIS/Device/ST/STM32L4xx/Include -I../Drivers/CMSIS/Include -O0 -ffunction-sections -fdata-sections -Wall -fstack-usage -fcyclomatic-complexity -MMD -MP -MF"Drivers/STM32L4xx_HAL_Driver/Src/stm32l4xx_hal_pwr.d" -MT"Drivers/STM32L4xx_HAL_Driver/Src/stm32l4xx_hal_pwr.o" --specs=nano.specs -mfpu=fpv4-sp-d16 -mfloat-abi=hard -mthumb -o "Drivers/STM32L4xx_HAL_Driver/Src/stm32l4xx_hal_pwr.o"
arm-none-eabi-gcc "../Drivers/STM32L4xx_HAL_Driver/Src/stm32l4xx_hal_pwr_ex.c" -mcpu=cortex-m4 -std=gnu11 -g3 -DDEBUG -DUSE_HAL_DRIVER -DSTM32L476xx -c -I../Core/Inc -I../Drivers/STM32L4xx_HAL_Driver/Inc -I../Drivers/STM32L4xx_HAL_Driver/Inc/Legacy -I../Drivers/CMSIS/Device/ST/STM32L4xx/Include -I../Drivers/CMSIS/Include -O0 -ffunction-sections -fdata-sections -Wall -fstack-usage -fcyclomatic-complexity -MMD -MP -MF"Drivers/STM32L4xx_HAL_Driver/Src/stm32l4xx_hal_pwr_ex.d" -MT"Drivers/STM32L4xx_HAL_Driver/Src/stm32l4xx_hal_pwr_ex.o" --specs=nano.specs -mfpu=fpv4-sp-d16 -mfloat-abi=hard -mthumb -o "Drivers/STM32L4xx_HAL_Driver/Src/stm32l4xx_hal_pwr_ex.o"
arm-none-eabi-gcc "../Drivers/STM32L4xx_HAL_Driver/Src/stm32l4xx_hal_rcc.c" -mcpu=cortex-m4 -std=gnu11 -g3 -DDEBUG -DUSE_HAL_DRIVER -DSTM32L476xx -c -I../Core/Inc -I../Drivers/STM32L4xx_HAL_Driver/Inc -I../Drivers/STM32L4xx_HAL_Driver/Inc/Legacy -I../Drivers/CMSIS/Device/ST/STM32L4xx/Include -I../Drivers/CMSIS/Include -O0 -ffunction-sections -fdata-sections -Wall -fstack-usage -fcyclomatic-complexity -MMD -MP -MF"Drivers/STM32L4xx_HAL_Driver/Src/stm32l4xx_hal_rcc.d" -MT"Drivers/STM32L4xx_HAL_Driver/Src/stm32l4xx_hal_rcc.o" --specs=nano.specs -mfpu=fpv4-sp-d16 -mfloat-abi=hard -mthumb -o "Drivers/STM32L4xx_HAL_Driver/Src/stm32l4xx_hal_rcc.o"
arm-none-eabi-gcc "../Drivers/STM32L4xx_HAL_Driver/Src/stm32l4xx_hal_rcc_ex.c" -mcpu=cortex-m4 -std=gnu11 -g3 -DDEBUG -DUSE_HAL_DRIVER -DSTM32L476xx -c -I../Core/Inc -I../Drivers/STM32L4xx_HAL_Driver/Inc -I../Drivers/STM32L4xx_HAL_Driver/Inc/Legacy -I../Drivers/CMSIS/Device/ST/STM32L4xx/Include -I../Drivers/CMSIS/Include -O0 -ffunction-sections -fdata-sections -Wall -fstack-usage -fcyclomatic-complexity -MMD -MP -MF"Drivers/STM32L4xx_HAL_Driver/Src/stm32l4xx_hal_rcc_ex.d" -MT"Drivers/STM32L4xx_HAL_Driver/Src/stm32l4xx_hal_rcc_ex.o" --specs=nano.specs -mfpu=fpv4-sp-d16 -mfloat-abi=hard -mthumb -o "Drivers/STM32L4xx_HAL_Driver/Src/stm32l4xx_hal_rcc_ex.o"
arm-none-eabi-gcc "../Drivers/STM32L4xx_HAL_Driver/Src/stm32l4xx_hal_tim.c" -mcpu=cortex-m4 -std=gnu11 -g3 -DDEBUG -DUSE_HAL_DRIVER -DSTM32L476xx -c -I../Core/Inc -I../Drivers/STM32L4xx_HAL_Driver/Inc -I../Drivers/STM32L4xx_HAL_Driver/Inc/Legacy -I../Drivers/CMSIS/Device/ST/STM32L4xx/Include -I../Drivers/CMSIS/Include -O0 -ffunction-sections -fdata-sections -Wall -fstack-usage -fcyclomatic-complexity -MMD -MP -MF"Drivers/STM32L4xx_HAL_Driver/Src/stm32l4xx_hal_tim.d" -MT"Drivers/STM32L4xx_HAL_Driver/Src/stm32l4xx_hal_tim.o" --specs=nano.specs -mfpu=fpv4-sp-d16 -mfloat-abi=hard -mthumb -o "Drivers/STM32L4xx_HAL_Driver/Src/stm32l4xx_hal_tim.o"
arm-none-eabi-gcc "../Drivers/STM32L4xx_HAL_Driver/Src/stm32l4xx_hal_tim_ex.c" -mcpu=cortex-m4 -std=gnu11 -g3 -DDEBUG -DUSE_HAL_DRIVER -DSTM32L476xx -c -I../Core/Inc -I../Drivers/STM32L4xx_HAL_Driver/Inc -I../Drivers/STM32L4xx_HAL_Driver/Inc/Legacy -I../Drivers/CMSIS/Device/ST/STM32L4xx/Include -I../Drivers/CMSIS/Include -O0 -ffunction-sections -fdata-sections -Wall -fstack-usage -fcyclomatic-complexity -MMD -MP -MF"Drivers/STM32L4xx_HAL_Driver/Src/stm32l4xx_hal_tim_ex.d" -MT"Drivers/STM32L4xx_HAL_Driver/Src/stm32l4xx_hal_tim_ex.o" --specs=nano.specs -mfpu=fpv4-sp-d16 -mfloat-abi=hard -mthumb -o "Drivers/STM32L4xx_HAL_Driver/Src/stm32l4xx_hal_tim_ex.o"
arm-none-eabi-gcc -mcpu=cortex-m4 -g3 -DDEBUG -c -x assembler-with-cpp -MMD -MP -MF"Core/Startup/startup_stm32l476rgtx.d" -MT"Core/Startup/startup_stm32l476rgtx.o" --specs=nano.specs -mfpu=fpv4-sp-d16 -mfloat-abi=hard -mthumb -o "Core/Startup/startup_stm32l476rgtx.o" "../Core/Startup/startup_stm32l476rgtx.s"
arm-none-eabi-gcc "../Core/Src/main.c" -mcpu=cortex-m4 -std=gnu11 -g3 -DDEBUG -DUSE_HAL_DRIVER -DSTM32L476xx -c -I../Core/Inc -I../Drivers/STM32L4xx_HAL_Driver/Inc -I../Drivers/STM32L4xx_HAL_Driver/Inc/Legacy -I../Drivers/CMSIS/Device/ST/STM32L4xx/Include -I../Drivers/CMSIS/Include -O0 -ffunction-sections -fdata-sections -Wall -fstack-usage -fcyclomatic-complexity -MMD -MP -MF"Core/Src/main.d" -MT"Core/Src/main.o" --specs=nano.specs -mfpu=fpv4-sp-d16 -mfloat-abi=hard -mthumb -o "Core/Src/main.o"
arm-none-eabi-gcc "../Core/Src/stm32l4xx_hal_msp.c" -mcpu=cortex-m4 -std=gnu11 -g3 -DDEBUG -DUSE_HAL_DRIVER -DSTM32L476xx -c -I../Core/Inc -I../Drivers/STM32L4xx_HAL_Driver/Inc -I../Drivers/STM32L4xx_HAL_Driver/Inc/Legacy -I../Drivers/CMSIS/Device/ST/STM32L4xx/Include -I../Drivers/CMSIS/Include -O0 -ffunction-sections -fdata-sections -Wall -fstack-usage -fcyclomatic-complexity -MMD -MP -MF"Core/Src/stm32l4xx_hal_msp.d" -MT"Core/Src/stm32l4xx_hal_msp.o" --specs=nano.specs -mfpu=fpv4-sp-d16 -mfloat-abi=hard -mthumb -o "Core/Src/stm32l4xx_hal_msp.o"
arm-none-eabi-gcc "../Core/Src/stm32l4xx_it.c" -mcpu=cortex-m4 -std=gnu11 -g3 -DDEBUG -DUSE_HAL_DRIVER -DSTM32L476xx -c -I../Core/Inc -I../Drivers/STM32L4xx_HAL_Driver/Inc -I../Drivers/STM32L4xx_HAL_Driver/Inc/Legacy -I../Drivers/CMSIS/Device/ST/STM32L4xx/Include -I../Drivers/CMSIS/Include -O0 -ffunction-sections -fdata-sections -Wall -fstack-usage -fcyclomatic-complexity -MMD -MP -MF"Core/Src/stm32l4xx_it.d" -MT"Core/Src/stm32l4xx_it.o" --specs=nano.specs -mfpu=fpv4-sp-d16 -mfloat-abi=hard -mthumb -o "Core/Src/stm32l4xx_it.o"
arm-none-eabi-gcc "../Core/Src/syscalls.c" -mcpu=cortex-m4 -std=gnu11 -g3 -DDEBUG -DUSE_HAL_DRIVER -DSTM32L476xx -c -I../Core/Inc -I../Drivers/STM32L4xx_HAL_Driver/Inc -I../Drivers/STM32L4xx_HAL_Driver/Inc/Legacy -I../Drivers/CMSIS/Device/ST/STM32L4xx/Include -I../Drivers/CMSIS/Include -O0 -ffunction-sections -fdata-sections -Wall -fstack-usage -fcyclomatic-complexity -MMD -MP -MF"Core/Src/syscalls.d" -MT"Core/Src/syscalls.o" --specs=nano.specs -mfpu=fpv4-sp-d16 -mfloat-abi=hard -mthumb -o "Core/Src/syscalls.o"
arm-none-eabi-gcc "../Core/Src/sysmem.c" -mcpu=cortex-m4 -std=gnu11 -g3 -DDEBUG -DUSE_HAL_DRIVER -DSTM32L476xx -c -I../Core/Inc -I../Drivers/STM32L4xx_HAL_Driver/Inc -I../Drivers/STM32L4xx_HAL_Driver/Inc/Legacy -I../Drivers/CMSIS/Device/ST/STM32L4xx/Include -I../Drivers/CMSIS/Include -O0 -ffunction-sections -fdata-sections -Wall -fstack-usage -fcyclomatic-complexity -MMD -MP -MF"Core/Src/sysmem.d" -MT"Core/Src/sysmem.o" --specs=nano.specs -mfpu=fpv4-sp-d16 -mfloat-abi=hard -mthumb -o "Core/Src/sysmem.o"
arm-none-eabi-gcc "../Core/Src/system_stm32l4xx.c" -mcpu=cortex-m4 -std=gnu11 -g3 -DDEBUG -DUSE_HAL_DRIVER -DSTM32L476xx -c -I../Core/Inc -I../Drivers/STM32L4xx_HAL_Driver/Inc -I../Drivers/STM32L4xx_HAL_Driver/Inc/Legacy -I../Drivers/CMSIS/Device/ST/STM32L4xx/Include -I../Drivers/CMSIS/Include -O0 -ffunction-sections -fdata-sections -Wall -fstack-usage -fcyclomatic-complexity -MMD -MP -MF"Core/Src/system_stm32l4xx.d" -MT"Core/Src/system_stm32l4xx.o" --specs=nano.specs -mfpu=fpv4-sp-d16 -mfloat-abi=hard -mthumb -o "Core/Src/system_stm32l4xx.o"
arm-none-eabi-gcc -o "Lab2.elf" @"objects.list"   -mcpu=cortex-m4 -T"C:\Users\magoo\OneDrive\Documents\GitHub\ME-507-Mechatronics-Lab\Lab2\STM32L476RGTX_FLASH.ld" --specs=nosys.specs -Wl,-Map="Lab2.map" -Wl,--gc-sections -static --specs=nano.specs -mfpu=fpv4-sp-d16 -mfloat-abi=hard -mthumb -Wl,--start-group -lc -lm -Wl,--end-group
Finished building target: Lab2.elf
 
arm-none-eabi-size  Lab2.elf 
arm-none-eabi-objdump -h -S Lab2.elf  > "Lab2.list"
   text	   data	    bss	    dec	    hex	filename
  10544	     12	   1724	  12280	   2ff8	Lab2.elf
Finished building: default.size.stdout
 
Finished building: Lab2.list
 
13:19:31 **** Incremental Build of configuration Debug for project Lab2 ****
make -j8 all 
arm-none-eabi-size  Lab2.elf 
   text	   data	    bss	    dec	    hex	filename
  10544	     12	   1724	  12280	   2ff8	Lab2.elf
Finished building: default.size.stdout
 
13:21:48 **** Incremental Build of configuration Debug for project Lab2 ****
make -j8 all 
arm-none-eabi-gcc "../Core/Src/main.c" -mcpu=cortex-m4 -std=gnu11 -g3 -DDEBUG -DUSE_HAL_DRIVER -DSTM32L476xx -c -I../Core/Inc -I../Drivers/STM32L4xx_HAL_Driver/Inc -I../Drivers/STM32L4xx_HAL_Driver/Inc/Legacy -I../Drivers/CMSIS/Device/ST/STM32L4xx/Include -I../Drivers/CMSIS/Include -O0 -ffunction-sections -fdata-sections -Wall -fstack-usage -fcyclomatic-complexity -MMD -MP -MF"Core/Src/main.d" -MT"Core/Src/main.o" --specs=nano.specs -mfpu=fpv4-sp-d16 -mfloat-abi=hard -mthumb -o "Core/Src/main.o"
arm-none-eabi-gcc -o "Lab2.elf" @"objects.list"   -mcpu=cortex-m4 -T"C:\Users\magoo\OneDrive\Documents\GitHub\ME-507-Mechatronics-Lab\Lab2\STM32L476RGTX_FLASH.ld" --specs=nosys.specs -Wl,-Map="Lab2.map" -Wl,--gc-sections -static --specs=nano.specs -mfpu=fpv4-sp-d16 -mfloat-abi=hard -mthumb -Wl,--start-group -lc -lm -Wl,--end-group
Finished building target: Lab2.elf
 
arm-none-eabi-size  Lab2.elf 
arm-none-eabi-objdump -h -S Lab2.elf  > "Lab2.list"
   text	   data	    bss	    dec	    hex	filename
  11164	     12	   1724	  12900	   3264	Lab2.elf
Finished building: default.size.stdout
 
Finished building: Lab2.list
 
13:22:20 **** Incremental Build of configuration Debug for project Lab2 ****
make -j8 all 
arm-none-eabi-gcc -o "Lab2.elf" @"objects.list"   -mcpu=cortex-m4 -T"C:\Users\magoo\OneDrive\Documents\GitHub\ME-507-Mechatronics-Lab\Lab2\STM32L476RGTX_FLASH.ld" --specs=nosys.specs -Wl,-Map="Lab2.map" -Wl,--gc-sections -static --specs=nano.specs -mfpu=fpv4-sp-d16 -mfloat-abi=hard -mthumb -Wl,--start-group -lc -lm -Wl,--end-group
Finished building target: Lab2.elf
 
arm-none-eabi-size  Lab2.elf 
arm-none-eabi-objdump -h -S Lab2.elf  > "Lab2.list"
   text	   data	    bss	    dec	    hex	filename
  11164	     12	   1724	  12900	   3264	Lab2.elf
Finished building: default.size.stdout
 
Finished building: Lab2.list
 
13:23:09 **** Incremental Build of configuration Debug for project Lab2 ****
make -j8 all 
arm-none-eabi-gcc -o "Lab2.elf" @"objects.list"   -mcpu=cortex-m4 -T"C:\Users\magoo\OneDrive\Documents\GitHub\ME-507-Mechatronics-Lab\Lab2\STM32L476RGTX_FLASH.ld" --specs=nosys.specs -Wl,-Map="Lab2.map" -Wl,--gc-sections -static --specs=nano.specs -mfpu=fpv4-sp-d16 -mfloat-abi=hard -mthumb -Wl,--start-group -lc -lm -Wl,--end-group
Finished building target: Lab2.elf
 
arm-none-eabi-size  Lab2.elf 
arm-none-eabi-objdump -h -S Lab2.elf  > "Lab2.list"
   text	   data	    bss	    dec	    hex	filename
  11164	     12	   1724	  12900	   3264	Lab2.elf
Finished building: default.size.stdout
 
Finished building: Lab2.list
 
13:24:00 **** Incremental Build of configuration Debug for project Lab2 ****
make -j8 all 
arm-none-eabi-gcc "../Core/Src/main.c" -mcpu=cortex-m4 -std=gnu11 -g3 -DDEBUG -DUSE_HAL_DRIVER -DSTM32L476xx -c -I../Core/Inc -I../Drivers/STM32L4xx_HAL_Driver/Inc -I../Drivers/STM32L4xx_HAL_Driver/Inc/Legacy -I../Drivers/CMSIS/Device/ST/STM32L4xx/Include -I../Drivers/CMSIS/Include -O0 -ffunction-sections -fdata-sections -Wall -fstack-usage -fcyclomatic-complexity -MMD -MP -MF"Core/Src/main.d" -MT"Core/Src/main.o" --specs=nano.specs -mfpu=fpv4-sp-d16 -mfloat-abi=hard -mthumb -o "Core/Src/main.o"
arm-none-eabi-gcc -o "Lab2.elf" @"objects.list"   -mcpu=cortex-m4 -T"C:\Users\magoo\OneDrive\Documents\GitHub\ME-507-Mechatronics-Lab\Lab2\STM32L476RGTX_FLASH.ld" --specs=nosys.specs -Wl,-Map="Lab2.map" -Wl,--gc-sections -static --specs=nano.specs -mfpu=fpv4-sp-d16 -mfloat-abi=hard -mthumb -Wl,--start-group -lc -lm -Wl,--end-group
Finished building target: Lab2.elf
 
arm-none-eabi-size  Lab2.elf 
arm-none-eabi-objdump -h -S Lab2.elf  > "Lab2.list"
   text	   data	    bss	    dec	    hex	filename
  11164	     12	   1724	  12900	   3264	Lab2.elf
Finished building: default.size.stdout
 
Finished building: Lab2.list
 
13:40:07 **** Incremental Build of configuration Debug for project Lab2 ****
make -j8 all 
arm-none-eabi-gcc "../Core/Src/main.c" -mcpu=cortex-m4 -std=gnu11 -g3 -DDEBUG -DUSE_HAL_DRIVER -DSTM32L476xx -c -I../Core/Inc -I../Drivers/STM32L4xx_HAL_Driver/Inc -I../Drivers/STM32L4xx_HAL_Driver/Inc/Legacy -I../Drivers/CMSIS/Device/ST/STM32L4xx/Include -I../Drivers/CMSIS/Include -O0 -ffunction-sections -fdata-sections -Wall -fstack-usage -fcyclomatic-complexity -MMD -MP -MF"Core/Src/main.d" -MT"Core/Src/main.o" --specs=nano.specs -mfpu=fpv4-sp-d16 -mfloat-abi=hard -mthumb -o "Core/Src/main.o"
arm-none-eabi-gcc -o "Lab2.elf" @"objects.list"   -mcpu=cortex-m4 -T"C:\Users\magoo\OneDrive\Documents\GitHub\ME-507-Mechatronics-Lab\Lab2\STM32L476RGTX_FLASH.ld" --specs=nosys.specs -Wl,-Map="Lab2.map" -Wl,--gc-sections -static --specs=nano.specs -mfpu=fpv4-sp-d16 -mfloat-abi=hard -mthumb -Wl,--start-group -lc -lm -Wl,--end-group
Finished building target: Lab2.elf
 
arm-none-eabi-size  Lab2.elf 
arm-none-eabi-objdump -h -S Lab2.elf  > "Lab2.list"
   text	   data	    bss	    dec	    hex	filename
  11160	     12	   1724	  12896	   3260	Lab2.elf
Finished building: default.size.stdout
 
Finished building: Lab2.list
 
13:43:01 **** Incremental Build of configuration Debug for project Lab2 ****
make -j8 all 
arm-none-eabi-gcc "../Core/Src/main.c" -mcpu=cortex-m4 -std=gnu11 -g3 -DDEBUG -DUSE_HAL_DRIVER -DSTM32L476xx -c -I../Core/Inc -I../Drivers/STM32L4xx_HAL_Driver/Inc -I../Drivers/STM32L4xx_HAL_Driver/Inc/Legacy -I../Drivers/CMSIS/Device/ST/STM32L4xx/Include -I../Drivers/CMSIS/Include -O0 -ffunction-sections -fdata-sections -Wall -fstack-usage -fcyclomatic-complexity -MMD -MP -MF"Core/Src/main.d" -MT"Core/Src/main.o" --specs=nano.specs -mfpu=fpv4-sp-d16 -mfloat-abi=hard -mthumb -o "Core/Src/main.o"
../Core/Src/main.c: In function 'main':
../Core/Src/main.c:110:11: warning: implicit declaration of function 'HAL_delay'; did you mean 'HAL_Delay'? [-Wimplicit-function-declaration]
  110 |           HAL_delay(1000);
      |           ^~~~~~~~~
      |           HAL_Delay
arm-none-eabi-gcc -o "Lab2.elf" @"objects.list"   -mcpu=cortex-m4 -T"C:\Users\magoo\OneDrive\Documents\GitHub\ME-507-Mechatronics-Lab\Lab2\STM32L476RGTX_FLASH.ld" --specs=nosys.specs -Wl,-Map="Lab2.map" -Wl,--gc-sections -static --specs=nano.specs -mfpu=fpv4-sp-d16 -mfloat-abi=hard -mthumb -Wl,--start-group -lc -lm -Wl,--end-group
C:/ST/STM32CubeIDE_1.15.0/STM32CubeIDE/plugins/com.st.stm32cube.ide.mcu.externaltools.gnu-tools-for-stm32.12.3.rel1.win32_1.0.100.202403111256/tools/bin/../lib/gcc/arm-none-eabi/12.3.1/../../../../arm-none-eabi/bin/ld.exe: ./Core/Src/main.o: in function `main':
C:/Users/magoo/OneDrive/Documents/GitHub/ME-507-Mechatronics-Lab/Lab2/Debug/../Core/Src/main.c:110: undefined reference to `HAL_delay'
collect2.exe: error: ld returned 1 exit status
make: *** [makefile:64: Lab2.elf] Error 1
"make -j8 all" terminated with exit code 2. Build might be incomplete.
13:43:16 **** Incremental Build of configuration Debug for project Lab2 ****
make -j8 all 
arm-none-eabi-gcc "../Core/Src/main.c" -mcpu=cortex-m4 -std=gnu11 -g3 -DDEBUG -DUSE_HAL_DRIVER -DSTM32L476xx -c -I../Core/Inc -I../Drivers/STM32L4xx_HAL_Driver/Inc -I../Drivers/STM32L4xx_HAL_Driver/Inc/Legacy -I../Drivers/CMSIS/Device/ST/STM32L4xx/Include -I../Drivers/CMSIS/Include -O0 -ffunction-sections -fdata-sections -Wall -fstack-usage -fcyclomatic-complexity -MMD -MP -MF"Core/Src/main.d" -MT"Core/Src/main.o" --specs=nano.specs -mfpu=fpv4-sp-d16 -mfloat-abi=hard -mthumb -o "Core/Src/main.o"
../Core/Src/main.c: In function 'main':
../Core/Src/main.c:110:11: warning: implicit declaration of function 'HAL_DELAY'; did you mean 'HAL_Delay'? [-Wimplicit-function-declaration]
  110 |           HAL_DELAY(1000);
      |           ^~~~~~~~~
      |           HAL_Delay
arm-none-eabi-gcc -o "Lab2.elf" @"objects.list"   -mcpu=cortex-m4 -T"C:\Users\magoo\OneDrive\Documents\GitHub\ME-507-Mechatronics-Lab\Lab2\STM32L476RGTX_FLASH.ld" --specs=nosys.specs -Wl,-Map="Lab2.map" -Wl,--gc-sections -static --specs=nano.specs -mfpu=fpv4-sp-d16 -mfloat-abi=hard -mthumb -Wl,--start-group -lc -lm -Wl,--end-group
C:/ST/STM32CubeIDE_1.15.0/STM32CubeIDE/plugins/com.st.stm32cube.ide.mcu.externaltools.gnu-tools-for-stm32.12.3.rel1.win32_1.0.100.202403111256/tools/bin/../lib/gcc/arm-none-eabi/12.3.1/../../../../arm-none-eabi/bin/ld.exe: ./Core/Src/main.o: in function `main':
C:/Users/magoo/OneDrive/Documents/GitHub/ME-507-Mechatronics-Lab/Lab2/Debug/../Core/Src/main.c:110: undefined reference to `HAL_DELAY'
collect2.exe: error: ld returned 1 exit status
make: *** [makefile:64: Lab2.elf] Error 1
"make -j8 all" terminated with exit code 2. Build might be incomplete.
13:43:30 **** Incremental Build of configuration Debug for project Lab2 ****
make -j8 all 
arm-none-eabi-gcc "../Core/Src/main.c" -mcpu=cortex-m4 -std=gnu11 -g3 -DDEBUG -DUSE_HAL_DRIVER -DSTM32L476xx -c -I../Core/Inc -I../Drivers/STM32L4xx_HAL_Driver/Inc -I../Drivers/STM32L4xx_HAL_Driver/Inc/Legacy -I../Drivers/CMSIS/Device/ST/STM32L4xx/Include -I../Drivers/CMSIS/Include -O0 -ffunction-sections -fdata-sections -Wall -fstack-usage -fcyclomatic-complexity -MMD -MP -MF"Core/Src/main.d" -MT"Core/Src/main.o" --specs=nano.specs -mfpu=fpv4-sp-d16 -mfloat-abi=hard -mthumb -o "Core/Src/main.o"
arm-none-eabi-gcc -o "Lab2.elf" @"objects.list"   -mcpu=cortex-m4 -T"C:\Users\magoo\OneDrive\Documents\GitHub\ME-507-Mechatronics-Lab\Lab2\STM32L476RGTX_FLASH.ld" --specs=nosys.specs -Wl,-Map="Lab2.map" -Wl,--gc-sections -static --specs=nano.specs -mfpu=fpv4-sp-d16 -mfloat-abi=hard -mthumb -Wl,--start-group -lc -lm -Wl,--end-group
Finished building target: Lab2.elf
 
arm-none-eabi-size  Lab2.elf 
arm-none-eabi-objdump -h -S Lab2.elf  > "Lab2.list"
   text	   data	    bss	    dec	    hex	filename
  11304	     12	   1724	  13040	   32f0	Lab2.elf
Finished building: default.size.stdout
 
Finished building: Lab2.list
 
13:43:48 **** Incremental Build of configuration Debug for project Lab2 ****
make -j8 all 
arm-none-eabi-gcc "../Core/Src/main.c" -mcpu=cortex-m4 -std=gnu11 -g3 -DDEBUG -DUSE_HAL_DRIVER -DSTM32L476xx -c -I../Core/Inc -I../Drivers/STM32L4xx_HAL_Driver/Inc -I../Drivers/STM32L4xx_HAL_Driver/Inc/Legacy -I../Drivers/CMSIS/Device/ST/STM32L4xx/Include -I../Drivers/CMSIS/Include -O0 -ffunction-sections -fdata-sections -Wall -fstack-usage -fcyclomatic-complexity -MMD -MP -MF"Core/Src/main.d" -MT"Core/Src/main.o" --specs=nano.specs -mfpu=fpv4-sp-d16 -mfloat-abi=hard -mthumb -o "Core/Src/main.o"
arm-none-eabi-gcc -o "Lab2.elf" @"objects.list"   -mcpu=cortex-m4 -T"C:\Users\magoo\OneDrive\Documents\GitHub\ME-507-Mechatronics-Lab\Lab2\STM32L476RGTX_FLASH.ld" --specs=nosys.specs -Wl,-Map="Lab2.map" -Wl,--gc-sections -static --specs=nano.specs -mfpu=fpv4-sp-d16 -mfloat-abi=hard -mthumb -Wl,--start-group -lc -lm -Wl,--end-group
Finished building target: Lab2.elf
 
arm-none-eabi-size  Lab2.elf 
arm-none-eabi-objdump -h -S Lab2.elf  > "Lab2.list"
   text	   data	    bss	    dec	    hex	filename
  11312	     12	   1724	  13048	   32f8	Lab2.elf
Finished building: default.size.stdout
 
Finished building: Lab2.list
 
13:46:15 **** Incremental Build of configuration Debug for project Lab2 ****
make -j8 all 
arm-none-eabi-gcc "../Core/Src/main.c" -mcpu=cortex-m4 -std=gnu11 -g3 -DDEBUG -DUSE_HAL_DRIVER -DSTM32L476xx -c -I../Core/Inc -I../Drivers/STM32L4xx_HAL_Driver/Inc -I../Drivers/STM32L4xx_HAL_Driver/Inc/Legacy -I../Drivers/CMSIS/Device/ST/STM32L4xx/Include -I../Drivers/CMSIS/Include -O0 -ffunction-sections -fdata-sections -Wall -fstack-usage -fcyclomatic-complexity -MMD -MP -MF"Core/Src/main.d" -MT"Core/Src/main.o" --specs=nano.specs -mfpu=fpv4-sp-d16 -mfloat-abi=hard -mthumb -o "Core/Src/main.o"
arm-none-eabi-gcc -o "Lab2.elf" @"objects.list"   -mcpu=cortex-m4 -T"C:\Users\magoo\OneDrive\Documents\GitHub\ME-507-Mechatronics-Lab\Lab2\STM32L476RGTX_FLASH.ld" --specs=nosys.specs -Wl,-Map="Lab2.map" -Wl,--gc-sections -static --specs=nano.specs -mfpu=fpv4-sp-d16 -mfloat-abi=hard -mthumb -Wl,--start-group -lc -lm -Wl,--end-group
Finished building target: Lab2.elf
 
arm-none-eabi-size  Lab2.elf 
arm-none-eabi-objdump -h -S Lab2.elf  > "Lab2.list"
   text	   data	    bss	    dec	    hex	filename
  11312	     12	   1724	  13048	   32f8	Lab2.elf
Finished building: default.size.stdout
 
Finished building: Lab2.list
 
14:08:40 **** Incremental Build of configuration Debug for project Lab2 ****
make -j8 all 
arm-none-eabi-gcc "../Core/Src/main.c" -mcpu=cortex-m4 -std=gnu11 -g3 -DDEBUG -DUSE_HAL_DRIVER -DSTM32L476xx -c -I../Core/Inc -I../Drivers/STM32L4xx_HAL_Driver/Inc -I../Drivers/STM32L4xx_HAL_Driver/Inc/Legacy -I../Drivers/CMSIS/Device/ST/STM32L4xx/Include -I../Drivers/CMSIS/Include -O0 -ffunction-sections -fdata-sections -Wall -fstack-usage -fcyclomatic-complexity -MMD -MP -MF"Core/Src/main.d" -MT"Core/Src/main.o" --specs=nano.specs -mfpu=fpv4-sp-d16 -mfloat-abi=hard -mthumb -o "Core/Src/main.o"
arm-none-eabi-gcc "../Core/Src/motor_driver.c" -mcpu=cortex-m4 -std=gnu11 -g3 -DDEBUG -DUSE_HAL_DRIVER -DSTM32L476xx -c -I../Core/Inc -I../Drivers/STM32L4xx_HAL_Driver/Inc -I../Drivers/STM32L4xx_HAL_Driver/Inc/Legacy -I../Drivers/CMSIS/Device/ST/STM32L4xx/Include -I../Drivers/CMSIS/Include -O0 -ffunction-sections -fdata-sections -Wall -fstack-usage -fcyclomatic-complexity -MMD -MP -MF"Core/Src/motor_driver.d" -MT"Core/Src/motor_driver.o" --specs=nano.specs -mfpu=fpv4-sp-d16 -mfloat-abi=hard -mthumb -o "Core/Src/motor_driver.o"
arm-none-eabi-gcc "../Core/Src/stm32l4xx_hal_msp.c" -mcpu=cortex-m4 -std=gnu11 -g3 -DDEBUG -DUSE_HAL_DRIVER -DSTM32L476xx -c -I../Core/Inc -I../Drivers/STM32L4xx_HAL_Driver/Inc -I../Drivers/STM32L4xx_HAL_Driver/Inc/Legacy -I../Drivers/CMSIS/Device/ST/STM32L4xx/Include -I../Drivers/CMSIS/Include -O0 -ffunction-sections -fdata-sections -Wall -fstack-usage -fcyclomatic-complexity -MMD -MP -MF"Core/Src/stm32l4xx_hal_msp.d" -MT"Core/Src/stm32l4xx_hal_msp.o" --specs=nano.specs -mfpu=fpv4-sp-d16 -mfloat-abi=hard -mthumb -o "Core/Src/stm32l4xx_hal_msp.o"
arm-none-eabi-gcc "../Core/Src/stm32l4xx_it.c" -mcpu=cortex-m4 -std=gnu11 -g3 -DDEBUG -DUSE_HAL_DRIVER -DSTM32L476xx -c -I../Core/Inc -I../Drivers/STM32L4xx_HAL_Driver/Inc -I../Drivers/STM32L4xx_HAL_Driver/Inc/Legacy -I../Drivers/CMSIS/Device/ST/STM32L4xx/Include -I../Drivers/CMSIS/Include -O0 -ffunction-sections -fdata-sections -Wall -fstack-usage -fcyclomatic-complexity -MMD -MP -MF"Core/Src/stm32l4xx_it.d" -MT"Core/Src/stm32l4xx_it.o" --specs=nano.specs -mfpu=fpv4-sp-d16 -mfloat-abi=hard -mthumb -o "Core/Src/stm32l4xx_it.o"
arm-none-eabi-gcc "../Core/Src/syscalls.c" -mcpu=cortex-m4 -std=gnu11 -g3 -DDEBUG -DUSE_HAL_DRIVER -DSTM32L476xx -c -I../Core/Inc -I../Drivers/STM32L4xx_HAL_Driver/Inc -I../Drivers/STM32L4xx_HAL_Driver/Inc/Legacy -I../Drivers/CMSIS/Device/ST/STM32L4xx/Include -I../Drivers/CMSIS/Include -O0 -ffunction-sections -fdata-sections -Wall -fstack-usage -fcyclomatic-complexity -MMD -MP -MF"Core/Src/syscalls.d" -MT"Core/Src/syscalls.o" --specs=nano.specs -mfpu=fpv4-sp-d16 -mfloat-abi=hard -mthumb -o "Core/Src/syscalls.o"
arm-none-eabi-gcc "../Core/Src/sysmem.c" -mcpu=cortex-m4 -std=gnu11 -g3 -DDEBUG -DUSE_HAL_DRIVER -DSTM32L476xx -c -I../Core/Inc -I../Drivers/STM32L4xx_HAL_Driver/Inc -I../Drivers/STM32L4xx_HAL_Driver/Inc/Legacy -I../Drivers/CMSIS/Device/ST/STM32L4xx/Include -I../Drivers/CMSIS/Include -O0 -ffunction-sections -fdata-sections -Wall -fstack-usage -fcyclomatic-complexity -MMD -MP -MF"Core/Src/sysmem.d" -MT"Core/Src/sysmem.o" --specs=nano.specs -mfpu=fpv4-sp-d16 -mfloat-abi=hard -mthumb -o "Core/Src/sysmem.o"
arm-none-eabi-gcc "../Core/Src/system_stm32l4xx.c" -mcpu=cortex-m4 -std=gnu11 -g3 -DDEBUG -DUSE_HAL_DRIVER -DSTM32L476xx -c -I../Core/Inc -I../Drivers/STM32L4xx_HAL_Driver/Inc -I../Drivers/STM32L4xx_HAL_Driver/Inc/Legacy -I../Drivers/CMSIS/Device/ST/STM32L4xx/Include -I../Drivers/CMSIS/Include -O0 -ffunction-sections -fdata-sections -Wall -fstack-usage -fcyclomatic-complexity -MMD -MP -MF"Core/Src/system_stm32l4xx.d" -MT"Core/Src/system_stm32l4xx.o" --specs=nano.specs -mfpu=fpv4-sp-d16 -mfloat-abi=hard -mthumb -o "Core/Src/system_stm32l4xx.o"
../Core/Src/motor_driver.c: In function 'set_duty':
../Core/Src/motor_driver.c:13:42: warning: format '%d' expects argument of type 'int', but argument 2 has type 'int32_t' {aka 'long int'} [-Wformat=]
   13 |     printf("Setting Motor Duty Cycle to %d", duty);
      |                                         ~^   ~~~~
      |                                          |   |
      |                                          int int32_t {aka long int}
      |                                         %ld
../Core/Src/motor_driver.c:18:5: error: 'TIM1' undeclared (first use in this function)
   18 |     TIM1->ARR = 265;
      |     ^~~~
../Core/Src/motor_driver.c:18:5: note: each undeclared identifier is reported only once for each function it appears in
make: *** [Core/Src/subdir.mk:37: Core/Src/motor_driver.o] Error 1
make: *** Waiting for unfinished jobs....
"make -j8 all" terminated with exit code 2. Build might be incomplete.
14:20:19 **** Incremental Build of configuration Debug for project Lab2 ****
make -j8 all 
arm-none-eabi-gcc "../Core/Src/main.c" -mcpu=cortex-m4 -std=gnu11 -g3 -DDEBUG -DUSE_HAL_DRIVER -DSTM32L476xx -c -I../Core/Inc -I../Drivers/STM32L4xx_HAL_Driver/Inc -I../Drivers/STM32L4xx_HAL_Driver/Inc/Legacy -I../Drivers/CMSIS/Device/ST/STM32L4xx/Include -I../Drivers/CMSIS/Include -O0 -ffunction-sections -fdata-sections -Wall -fstack-usage -fcyclomatic-complexity -MMD -MP -MF"Core/Src/main.d" -MT"Core/Src/main.o" --specs=nano.specs -mfpu=fpv4-sp-d16 -mfloat-abi=hard -mthumb -o "Core/Src/main.o"
arm-none-eabi-gcc "../Core/Src/motor_driver.c" -mcpu=cortex-m4 -std=gnu11 -g3 -DDEBUG -DUSE_HAL_DRIVER -DSTM32L476xx -c -I../Core/Inc -I../Drivers/STM32L4xx_HAL_Driver/Inc -I../Drivers/STM32L4xx_HAL_Driver/Inc/Legacy -I../Drivers/CMSIS/Device/ST/STM32L4xx/Include -I../Drivers/CMSIS/Include -O0 -ffunction-sections -fdata-sections -Wall -fstack-usage -fcyclomatic-complexity -MMD -MP -MF"Core/Src/motor_driver.d" -MT"Core/Src/motor_driver.o" --specs=nano.specs -mfpu=fpv4-sp-d16 -mfloat-abi=hard -mthumb -o "Core/Src/motor_driver.o"
../Core/Src/motor_driver.c: In function 'set_duty':
../Core/Src/motor_driver.c:13:42: warning: format '%d' expects argument of type 'int', but argument 2 has type 'int32_t' {aka 'long int'} [-Wformat=]
   13 |     printf("Setting Motor Duty Cycle to %d", duty);
      |                                         ~^   ~~~~
      |                                          |   |
      |                                          int int32_t {aka long int}
      |                                         %ld
../Core/Src/motor_driver.c:17:20: error: 'TIM1' undeclared (first use in this function)
   17 |     p_mot->timer = TIM1;
      |                    ^~~~
../Core/Src/motor_driver.c:17:20: note: each undeclared identifier is reported only once for each function it appears in
make: *** [Core/Src/subdir.mk:37: Core/Src/motor_driver.o] Error 1
make: *** Waiting for unfinished jobs....
In file included from ../Drivers/CMSIS/Device/ST/STM32L4xx/Include/stm32l4xx.h:149,
                 from ../Drivers/STM32L4xx_HAL_Driver/Inc/stm32l4xx_hal_def.h:29,
                 from ../Drivers/STM32L4xx_HAL_Driver/Inc/stm32l4xx_hal_rcc.h:27,
                 from ../Core/Inc/stm32l4xx_hal_conf.h:258,
                 from ../Drivers/STM32L4xx_HAL_Driver/Inc/stm32l4xx_hal.h:29,
                 from ../Core/Inc/main.h:30,
                 from ../Core/Src/main.c:20:
../Core/Src/main.c: In function 'main':
../Drivers/CMSIS/Device/ST/STM32L4xx/Include/stm32l476xx.h:1360:29: warning: initialization of 'long unsigned int' from 'TIM_TypeDef *' makes integer from pointer without a cast [-Wint-conversion]
 1360 | #define TIM1                ((TIM_TypeDef *) TIM1_BASE)
      |                             ^
../Core/Src/main.c:102:42: note: in expansion of macro 'TIM1'
  102 |                                 .timer = TIM1};
      |                                          ^~~~
../Drivers/CMSIS/Device/ST/STM32L4xx/Include/stm32l476xx.h:1360:29: note: (near initialization for 'mot1.timer')
 1360 | #define TIM1                ((TIM_TypeDef *) TIM1_BASE)
      |                             ^
../Core/Src/main.c:102:42: note: in expansion of macro 'TIM1'
  102 |                                 .timer = TIM1};
      |                                          ^~~~
"make -j8 all" terminated with exit code 2. Build might be incomplete.
14:20:55 **** Incremental Build of configuration Debug for project Lab2 ****
make -j8 all 
arm-none-eabi-gcc "../Core/Src/motor_driver.c" -mcpu=cortex-m4 -std=gnu11 -g3 -DDEBUG -DUSE_HAL_DRIVER -DSTM32L476xx -c -I../Core/Inc -I../Drivers/STM32L4xx_HAL_Driver/Inc -I../Drivers/STM32L4xx_HAL_Driver/Inc/Legacy -I../Drivers/CMSIS/Device/ST/STM32L4xx/Include -I../Drivers/CMSIS/Include -O0 -ffunction-sections -fdata-sections -Wall -fstack-usage -fcyclomatic-complexity -MMD -MP -MF"Core/Src/motor_driver.d" -MT"Core/Src/motor_driver.o" --specs=nano.specs -mfpu=fpv4-sp-d16 -mfloat-abi=hard -mthumb -o "Core/Src/motor_driver.o"
../Core/Src/motor_driver.c: In function 'set_duty':
../Core/Src/motor_driver.c:13:42: warning: format '%d' expects argument of type 'int', but argument 2 has type 'int32_t' {aka 'long int'} [-Wformat=]
   13 |     printf("Setting Motor Duty Cycle to %d", duty);
      |                                         ~^   ~~~~
      |                                          |   |
      |                                          int int32_t {aka long int}
      |                                         %ld
../Core/Src/motor_driver.c:18:9: error: invalid type argument of '->' (have 'int')
   18 |     TIM1->ARR = 265;
      |         ^~
../Core/Src/motor_driver.c:19:13: error: invalid type argument of '->' (have 'int')
   19 |         TIM1->PSC = 0;
      |             ^~
../Core/Src/motor_driver.c:22:21: error: invalid type argument of '->' (have 'int')
   22 |                 TIM1->CCR1 = duty;
      |                     ^~
../Core/Src/motor_driver.c:23:21: error: invalid type argument of '->' (have 'int')
   23 |                 TIM1->CCR2 = 0;
      |                     ^~
../Core/Src/motor_driver.c:27:21: error: invalid type argument of '->' (have 'int')
   27 |                 TIM1->CCR1 = 0;
      |                     ^~
../Core/Src/motor_driver.c:28:21: error: invalid type argument of '->' (have 'int')
   28 |                 TIM1->CCR2 = duty;
      |                     ^~
make: *** [Core/Src/subdir.mk:37: Core/Src/motor_driver.o] Error 1
"make -j8 all" terminated with exit code 2. Build might be incomplete.
14:25:39 **** Incremental Build of configuration Debug for project Lab2 ****
make -j8 all 
arm-none-eabi-gcc "../Core/Src/motor_driver.c" -mcpu=cortex-m4 -std=gnu11 -g3 -DDEBUG -DUSE_HAL_DRIVER -DSTM32L476xx -c -I../Core/Inc -I../Drivers/STM32L4xx_HAL_Driver/Inc -I../Drivers/STM32L4xx_HAL_Driver/Inc/Legacy -I../Drivers/CMSIS/Device/ST/STM32L4xx/Include -I../Drivers/CMSIS/Include -O0 -ffunction-sections -fdata-sections -Wall -fstack-usage -fcyclomatic-complexity -MMD -MP -MF"Core/Src/motor_driver.d" -MT"Core/Src/motor_driver.o" --specs=nano.specs -mfpu=fpv4-sp-d16 -mfloat-abi=hard -mthumb -o "Core/Src/motor_driver.o"
../Core/Src/motor_driver.c:8:1: error: unknown type name 'uint32'; did you mean 'uint32_t'?
    8 | uint32 TIM1;
      | ^~~~~~
      | uint32_t
../Core/Src/motor_driver.c: In function 'set_duty':
../Core/Src/motor_driver.c:13:42: warning: format '%d' expects argument of type 'int', but argument 2 has type 'int32_t' {aka 'long int'} [-Wformat=]
   13 |     printf("Setting Motor Duty Cycle to %d", duty);
      |                                         ~^   ~~~~
      |                                          |   |
      |                                          int int32_t {aka long int}
      |                                         %ld
../Core/Src/motor_driver.c:18:9: error: invalid type argument of '->' (have 'int')
   18 |     TIM1->ARR = 265;
      |         ^~
../Core/Src/motor_driver.c:19:13: error: invalid type argument of '->' (have 'int')
   19 |         TIM1->PSC = 0;
      |             ^~
../Core/Src/motor_driver.c:22:21: error: invalid type argument of '->' (have 'int')
   22 |                 TIM1->CCR1 = duty;
      |                     ^~
../Core/Src/motor_driver.c:23:21: error: invalid type argument of '->' (have 'int')
   23 |                 TIM1->CCR2 = 0;
      |                     ^~
../Core/Src/motor_driver.c:27:21: error: invalid type argument of '->' (have 'int')
   27 |                 TIM1->CCR1 = 0;
      |                     ^~
../Core/Src/motor_driver.c:28:21: error: invalid type argument of '->' (have 'int')
   28 |                 TIM1->CCR2 = duty;
      |                     ^~
make: *** [Core/Src/subdir.mk:37: Core/Src/motor_driver.o] Error 1
"make -j8 all" terminated with exit code 2. Build might be incomplete.
14:26:08 **** Incremental Build of configuration Debug for project Lab2 ****
make -j8 all 
arm-none-eabi-gcc "../Core/Src/motor_driver.c" -mcpu=cortex-m4 -std=gnu11 -g3 -DDEBUG -DUSE_HAL_DRIVER -DSTM32L476xx -c -I../Core/Inc -I../Drivers/STM32L4xx_HAL_Driver/Inc -I../Drivers/STM32L4xx_HAL_Driver/Inc/Legacy -I../Drivers/CMSIS/Device/ST/STM32L4xx/Include -I../Drivers/CMSIS/Include -O0 -ffunction-sections -fdata-sections -Wall -fstack-usage -fcyclomatic-complexity -MMD -MP -MF"Core/Src/motor_driver.d" -MT"Core/Src/motor_driver.o" --specs=nano.specs -mfpu=fpv4-sp-d16 -mfloat-abi=hard -mthumb -o "Core/Src/motor_driver.o"
../Core/Src/motor_driver.c: In function 'set_duty':
../Core/Src/motor_driver.c:13:42: warning: format '%d' expects argument of type 'int', but argument 2 has type 'int32_t' {aka 'long int'} [-Wformat=]
   13 |     printf("Setting Motor Duty Cycle to %d", duty);
      |                                         ~^   ~~~~
      |                                          |   |
      |                                          int int32_t {aka long int}
      |                                         %ld
../Core/Src/motor_driver.c:18:9: error: invalid type argument of '->' (have 'uint32_t' {aka 'long unsigned int'})
   18 |     TIM1->ARR = 265;
      |         ^~
../Core/Src/motor_driver.c:19:13: error: invalid type argument of '->' (have 'uint32_t' {aka 'long unsigned int'})
   19 |         TIM1->PSC = 0;
      |             ^~
../Core/Src/motor_driver.c:22:21: error: invalid type argument of '->' (have 'uint32_t' {aka 'long unsigned int'})
   22 |                 TIM1->CCR1 = duty;
      |                     ^~
../Core/Src/motor_driver.c:23:21: error: invalid type argument of '->' (have 'uint32_t' {aka 'long unsigned int'})
   23 |                 TIM1->CCR2 = 0;
      |                     ^~
../Core/Src/motor_driver.c:27:21: error: invalid type argument of '->' (have 'uint32_t' {aka 'long unsigned int'})
   27 |                 TIM1->CCR1 = 0;
      |                     ^~
../Core/Src/motor_driver.c:28:21: error: invalid type argument of '->' (have 'uint32_t' {aka 'long unsigned int'})
   28 |                 TIM1->CCR2 = duty;
      |                     ^~
make: *** [Core/Src/subdir.mk:37: Core/Src/motor_driver.o] Error 1
"make -j8 all" terminated with exit code 2. Build might be incomplete.
14:28:29 **** Incremental Build of configuration Debug for project Lab2 ****
make -j8 all 
arm-none-eabi-gcc "../Core/Src/motor_driver.c" -mcpu=cortex-m4 -std=gnu11 -g3 -DDEBUG -DUSE_HAL_DRIVER -DSTM32L476xx -c -I../Core/Inc -I../Drivers/STM32L4xx_HAL_Driver/Inc -I../Drivers/STM32L4xx_HAL_Driver/Inc/Legacy -I../Drivers/CMSIS/Device/ST/STM32L4xx/Include -I../Drivers/CMSIS/Include -O0 -ffunction-sections -fdata-sections -Wall -fstack-usage -fcyclomatic-complexity -MMD -MP -MF"Core/Src/motor_driver.d" -MT"Core/Src/motor_driver.o" --specs=nano.specs -mfpu=fpv4-sp-d16 -mfloat-abi=hard -mthumb -o "Core/Src/motor_driver.o"
../Core/Src/motor_driver.c:8:1: error: unknown type name 'handle'
    8 | handle *TIM1;
      | ^~~~~~
../Core/Src/motor_driver.c: In function 'set_duty':
../Core/Src/motor_driver.c:13:42: warning: format '%d' expects argument of type 'int', but argument 2 has type 'int32_t' {aka 'long int'} [-Wformat=]
   13 |     printf("Setting Motor Duty Cycle to %d", duty);
      |                                         ~^   ~~~~
      |                                          |   |
      |                                          int int32_t {aka long int}
      |                                         %ld
../Core/Src/motor_driver.c:17:10: warning: assignment to 'int *' from 'uint32_t' {aka 'long unsigned int'} makes pointer from integer without a cast [-Wint-conversion]
   17 |     TIM1 = p_mot->timer;
      |          ^
../Core/Src/motor_driver.c:18:9: error: request for member 'ARR' in something not a structure or union
   18 |     TIM1->ARR = 265;
      |         ^~
../Core/Src/motor_driver.c:19:13: error: request for member 'PSC' in something not a structure or union
   19 |         TIM1->PSC = 0;
      |             ^~
../Core/Src/motor_driver.c:22:21: error: request for member 'CCR1' in something not a structure or union
   22 |                 TIM1->CCR1 = duty;
      |                     ^~
../Core/Src/motor_driver.c:23:21: error: request for member 'CCR2' in something not a structure or union
   23 |                 TIM1->CCR2 = 0;
      |                     ^~
../Core/Src/motor_driver.c:27:21: error: request for member 'CCR1' in something not a structure or union
   27 |                 TIM1->CCR1 = 0;
      |                     ^~
../Core/Src/motor_driver.c:28:21: error: request for member 'CCR2' in something not a structure or union
   28 |                 TIM1->CCR2 = duty;
      |                     ^~
make: *** [Core/Src/subdir.mk:37: Core/Src/motor_driver.o] Error 1
"make -j8 all" terminated with exit code 2. Build might be incomplete.
14:28:43 **** Incremental Build of configuration Debug for project Lab2 ****
make -j8 all 
arm-none-eabi-gcc "../Core/Src/motor_driver.c" -mcpu=cortex-m4 -std=gnu11 -g3 -DDEBUG -DUSE_HAL_DRIVER -DSTM32L476xx -c -I../Core/Inc -I../Drivers/STM32L4xx_HAL_Driver/Inc -I../Drivers/STM32L4xx_HAL_Driver/Inc/Legacy -I../Drivers/CMSIS/Device/ST/STM32L4xx/Include -I../Drivers/CMSIS/Include -O0 -ffunction-sections -fdata-sections -Wall -fstack-usage -fcyclomatic-complexity -MMD -MP -MF"Core/Src/motor_driver.d" -MT"Core/Src/motor_driver.o" --specs=nano.specs -mfpu=fpv4-sp-d16 -mfloat-abi=hard -mthumb -o "Core/Src/motor_driver.o"
../Core/Src/motor_driver.c:8:1: error: unknown type name 'handle'
    8 | handle TIM1;
      | ^~~~~~
../Core/Src/motor_driver.c: In function 'set_duty':
../Core/Src/motor_driver.c:13:42: warning: format '%d' expects argument of type 'int', but argument 2 has type 'int32_t' {aka 'long int'} [-Wformat=]
   13 |     printf("Setting Motor Duty Cycle to %d", duty);
      |                                         ~^   ~~~~
      |                                          |   |
      |                                          int int32_t {aka long int}
      |                                         %ld
../Core/Src/motor_driver.c:18:9: error: invalid type argument of '->' (have 'int')
   18 |     TIM1->ARR = 265;
      |         ^~
../Core/Src/motor_driver.c:19:13: error: invalid type argument of '->' (have 'int')
   19 |         TIM1->PSC = 0;
      |             ^~
../Core/Src/motor_driver.c:22:21: error: invalid type argument of '->' (have 'int')
   22 |                 TIM1->CCR1 = duty;
      |                     ^~
../Core/Src/motor_driver.c:23:21: error: invalid type argument of '->' (have 'int')
   23 |                 TIM1->CCR2 = 0;
      |                     ^~
../Core/Src/motor_driver.c:27:21: error: invalid type argument of '->' (have 'int')
   27 |                 TIM1->CCR1 = 0;
      |                     ^~
../Core/Src/motor_driver.c:28:21: error: invalid type argument of '->' (have 'int')
   28 |                 TIM1->CCR2 = duty;
      |                     ^~
make: *** [Core/Src/subdir.mk:37: Core/Src/motor_driver.o] Error 1
"make -j8 all" terminated with exit code 2. Build might be incomplete.
14:29:14 **** Incremental Build of configuration Debug for project Lab2 ****
make -j8 all 
arm-none-eabi-gcc "../Core/Src/motor_driver.c" -mcpu=cortex-m4 -std=gnu11 -g3 -DDEBUG -DUSE_HAL_DRIVER -DSTM32L476xx -c -I../Core/Inc -I../Drivers/STM32L4xx_HAL_Driver/Inc -I../Drivers/STM32L4xx_HAL_Driver/Inc/Legacy -I../Drivers/CMSIS/Device/ST/STM32L4xx/Include -I../Drivers/CMSIS/Include -O0 -ffunction-sections -fdata-sections -Wall -fstack-usage -fcyclomatic-complexity -MMD -MP -MF"Core/Src/motor_driver.d" -MT"Core/Src/motor_driver.o" --specs=nano.specs -mfpu=fpv4-sp-d16 -mfloat-abi=hard -mthumb -o "Core/Src/motor_driver.o"
../Core/Src/motor_driver.c: In function 'set_duty':
../Core/Src/motor_driver.c:13:42: warning: format '%d' expects argument of type 'int', but argument 2 has type 'int32_t' {aka 'long int'} [-Wformat=]
   13 |     printf("Setting Motor Duty Cycle to %d", duty);
      |                                         ~^   ~~~~
      |                                          |   |
      |                                          int int32_t {aka long int}
      |                                         %ld
../Core/Src/motor_driver.c:17:10: warning: assignment to 'int *' from 'uint32_t' {aka 'long unsigned int'} makes pointer from integer without a cast [-Wint-conversion]
   17 |     TIM1 = p_mot->timer;
      |          ^
../Core/Src/motor_driver.c:18:9: error: request for member 'ARR' in something not a structure or union
   18 |     TIM1->ARR = 265;
      |         ^~
../Core/Src/motor_driver.c:19:13: error: request for member 'PSC' in something not a structure or union
   19 |         TIM1->PSC = 0;
      |             ^~
../Core/Src/motor_driver.c:22:21: error: request for member 'CCR1' in something not a structure or union
   22 |                 TIM1->CCR1 = duty;
      |                     ^~
../Core/Src/motor_driver.c:23:21: error: request for member 'CCR2' in something not a structure or union
   23 |                 TIM1->CCR2 = 0;
      |                     ^~
../Core/Src/motor_driver.c:27:21: error: request for member 'CCR1' in something not a structure or union
   27 |                 TIM1->CCR1 = 0;
      |                     ^~
../Core/Src/motor_driver.c:28:21: error: request for member 'CCR2' in something not a structure or union
   28 |                 TIM1->CCR2 = duty;
      |                     ^~
make: *** [Core/Src/subdir.mk:37: Core/Src/motor_driver.o] Error 1
"make -j8 all" terminated with exit code 2. Build might be incomplete.
14:30:21 **** Incremental Build of configuration Debug for project Lab2 ****
make -j8 all 
arm-none-eabi-gcc "../Core/Src/motor_driver.c" -mcpu=cortex-m4 -std=gnu11 -g3 -DDEBUG -DUSE_HAL_DRIVER -DSTM32L476xx -c -I../Core/Inc -I../Drivers/STM32L4xx_HAL_Driver/Inc -I../Drivers/STM32L4xx_HAL_Driver/Inc/Legacy -I../Drivers/CMSIS/Device/ST/STM32L4xx/Include -I../Drivers/CMSIS/Include -O0 -ffunction-sections -fdata-sections -Wall -fstack-usage -fcyclomatic-complexity -MMD -MP -MF"Core/Src/motor_driver.d" -MT"Core/Src/motor_driver.o" --specs=nano.specs -mfpu=fpv4-sp-d16 -mfloat-abi=hard -mthumb -o "Core/Src/motor_driver.o"
../Core/Src/motor_driver.c: In function 'set_duty':
../Core/Src/motor_driver.c:13:42: warning: format '%d' expects argument of type 'int', but argument 2 has type 'int32_t' {aka 'long int'} [-Wformat=]
   13 |     printf("Setting Motor Duty Cycle to %d", duty);
      |                                         ~^   ~~~~
      |                                          |   |
      |                                          int int32_t {aka long int}
      |                                         %ld
../Core/Src/motor_driver.c:17:17: error: invalid type argument of '->' (have 'uint32_t' {aka 'long unsigned int'})
   17 |     p_mot->timer->ARR = 265;
      |                 ^~
../Core/Src/motor_driver.c:18:17: error: invalid type argument of '->' (have 'uint32_t' {aka 'long unsigned int'})
   18 |     p_mot->timer->PSC = 0;
      |                 ^~
../Core/Src/motor_driver.c:21:29: error: invalid type argument of '->' (have 'uint32_t' {aka 'long unsigned int'})
   21 |                 p_mot->timer->CCR1 = duty;
      |                             ^~
../Core/Src/motor_driver.c:22:29: error: invalid type argument of '->' (have 'uint32_t' {aka 'long unsigned int'})
   22 |                 p_mot->timer->CCR2 = 0;
      |                             ^~
../Core/Src/motor_driver.c:26:29: error: invalid type argument of '->' (have 'uint32_t' {aka 'long unsigned int'})
   26 |                 p_mot->timer->CCR1 = 0;
      |                             ^~
../Core/Src/motor_driver.c:27:29: error: invalid type argument of '->' (have 'uint32_t' {aka 'long unsigned int'})
   27 |                 p_mot->timer->CCR2 = duty;
      |                             ^~
make: *** [Core/Src/subdir.mk:37: Core/Src/motor_driver.o] Error 1
"make -j8 all" terminated with exit code 2. Build might be incomplete.
14:31:39 **** Incremental Build of configuration Debug for project Lab2 ****
make -j8 all 
arm-none-eabi-gcc "../Core/Src/main.c" -mcpu=cortex-m4 -std=gnu11 -g3 -DDEBUG -DUSE_HAL_DRIVER -DSTM32L476xx -c -I../Core/Inc -I../Drivers/STM32L4xx_HAL_Driver/Inc -I../Drivers/STM32L4xx_HAL_Driver/Inc/Legacy -I../Drivers/CMSIS/Device/ST/STM32L4xx/Include -I../Drivers/CMSIS/Include -O0 -ffunction-sections -fdata-sections -Wall -fstack-usage -fcyclomatic-complexity -MMD -MP -MF"Core/Src/main.d" -MT"Core/Src/main.o" --specs=nano.specs -mfpu=fpv4-sp-d16 -mfloat-abi=hard -mthumb -o "Core/Src/main.o"
arm-none-eabi-gcc "../Core/Src/motor_driver.c" -mcpu=cortex-m4 -std=gnu11 -g3 -DDEBUG -DUSE_HAL_DRIVER -DSTM32L476xx -c -I../Core/Inc -I../Drivers/STM32L4xx_HAL_Driver/Inc -I../Drivers/STM32L4xx_HAL_Driver/Inc/Legacy -I../Drivers/CMSIS/Device/ST/STM32L4xx/Include -I../Drivers/CMSIS/Include -O0 -ffunction-sections -fdata-sections -Wall -fstack-usage -fcyclomatic-complexity -MMD -MP -MF"Core/Src/motor_driver.d" -MT"Core/Src/motor_driver.o" --specs=nano.specs -mfpu=fpv4-sp-d16 -mfloat-abi=hard -mthumb -o "Core/Src/motor_driver.o"
In file included from ../Core/Src/motor_driver.c:7:
../Core/Inc/motor_driver.h:13:5: error: unknown type name 'TIM_TypeDef'
   13 |     TIM_TypeDef timer;
      |     ^~~~~~~~~~~
../Core/Src/motor_driver.c:8:1: error: unknown type name 'TIM_TypeDef'
    8 | TIM_TypeDef TIM1;
      | ^~~~~~~~~~~
../Core/Src/motor_driver.c: In function 'set_duty':
../Core/Src/motor_driver.c:13:42: warning: format '%d' expects argument of type 'int', but argument 2 has type 'int32_t' {aka 'long int'} [-Wformat=]
   13 |     printf("Setting Motor Duty Cycle to %d", duty);
      |                                         ~^   ~~~~
      |                                          |   |
      |                                          int int32_t {aka long int}
      |                                         %ld
../Core/Src/motor_driver.c:18:9: error: invalid type argument of '->' (have 'int')
   18 |     TIM1->ARR = 265;
      |         ^~
../Core/Src/motor_driver.c:19:13: error: invalid type argument of '->' (have 'int')
   19 |         TIM1->PSC = 0;
      |             ^~
../Core/Src/motor_driver.c:22:21: error: invalid type argument of '->' (have 'int')
   22 |                 TIM1->CCR1 = duty;
      |                     ^~
../Core/Src/motor_driver.c:23:21: error: invalid type argument of '->' (have 'int')
   23 |                 TIM1->CCR2 = 0;
      |                     ^~
../Core/Src/motor_driver.c:27:21: error: invalid type argument of '->' (have 'int')
   27 |                 TIM1->CCR1 = 0;
      |                     ^~
../Core/Src/motor_driver.c:28:21: error: invalid type argument of '->' (have 'int')
   28 |                 TIM1->CCR2 = duty;
      |                     ^~
make: *** [Core/Src/subdir.mk:37: Core/Src/motor_driver.o] Error 1
make: *** Waiting for unfinished jobs....
In file included from ../Drivers/CMSIS/Device/ST/STM32L4xx/Include/stm32l4xx.h:149,
                 from ../Drivers/STM32L4xx_HAL_Driver/Inc/stm32l4xx_hal_def.h:29,
                 from ../Drivers/STM32L4xx_HAL_Driver/Inc/stm32l4xx_hal_rcc.h:27,
                 from ../Core/Inc/stm32l4xx_hal_conf.h:258,
                 from ../Drivers/STM32L4xx_HAL_Driver/Inc/stm32l4xx_hal.h:29,
                 from ../Core/Inc/main.h:30,
                 from ../Core/Src/main.c:20:
../Core/Src/main.c: In function 'main':
../Drivers/CMSIS/Device/ST/STM32L4xx/Include/stm32l476xx.h:1360:29: warning: initialization of 'long unsigned int' from 'TIM_TypeDef *' makes integer from pointer without a cast [-Wint-conversion]
 1360 | #define TIM1                ((TIM_TypeDef *) TIM1_BASE)
      |                             ^
../Core/Src/main.c:102:42: note: in expansion of macro 'TIM1'
  102 |                                 .timer = TIM1};
      |                                          ^~~~
../Drivers/CMSIS/Device/ST/STM32L4xx/Include/stm32l476xx.h:1360:29: note: (near initialization for 'mot1.timer.CR1')
 1360 | #define TIM1                ((TIM_TypeDef *) TIM1_BASE)
      |                             ^
../Core/Src/main.c:102:42: note: in expansion of macro 'TIM1'
  102 |                                 .timer = TIM1};
      |                                          ^~~~
../Core/Src/main.c:100:20: warning: missing braces around initializer [-Wmissing-braces]
  100 |     motor_t mot1 = {.duty    = 0,
      |                    ^
"make -j8 all" terminated with exit code 2. Build might be incomplete.
14:41:11 **** Incremental Build of configuration Debug for project Lab2 ****
make -j8 all 
arm-none-eabi-gcc "../Core/Src/main.c" -mcpu=cortex-m4 -std=gnu11 -g3 -DDEBUG -DUSE_HAL_DRIVER -DSTM32L476xx -c -I../Core/Inc -I../Drivers/STM32L4xx_HAL_Driver/Inc -I../Drivers/STM32L4xx_HAL_Driver/Inc/Legacy -I../Drivers/CMSIS/Device/ST/STM32L4xx/Include -I../Drivers/CMSIS/Include -O0 -ffunction-sections -fdata-sections -Wall -fstack-usage -fcyclomatic-complexity -MMD -MP -MF"Core/Src/main.d" -MT"Core/Src/main.o" --specs=nano.specs -mfpu=fpv4-sp-d16 -mfloat-abi=hard -mthumb -o "Core/Src/main.o"
arm-none-eabi-gcc "../Core/Src/motor_driver.c" -mcpu=cortex-m4 -std=gnu11 -g3 -DDEBUG -DUSE_HAL_DRIVER -DSTM32L476xx -c -I../Core/Inc -I../Drivers/STM32L4xx_HAL_Driver/Inc -I../Drivers/STM32L4xx_HAL_Driver/Inc/Legacy -I../Drivers/CMSIS/Device/ST/STM32L4xx/Include -I../Drivers/CMSIS/Include -O0 -ffunction-sections -fdata-sections -Wall -fstack-usage -fcyclomatic-complexity -MMD -MP -MF"Core/Src/motor_driver.d" -MT"Core/Src/motor_driver.o" --specs=nano.specs -mfpu=fpv4-sp-d16 -mfloat-abi=hard -mthumb -o "Core/Src/motor_driver.o"
In file included from ../Core/Src/motor_driver.c:7:
../Core/Inc/motor_driver.h:13:5: error: unknown type name 'TIM_TypeDef'
   13 |     TIM_TypeDef timer;
      |     ^~~~~~~~~~~
../Core/Src/motor_driver.c:8:1: error: unknown type name 'TIM_TypeDef'
    8 | TIM_TypeDef TIM1;
      | ^~~~~~~~~~~
../Core/Src/motor_driver.c: In function 'set_duty':
../Core/Src/motor_driver.c:13:42: warning: format '%d' expects argument of type 'int', but argument 2 has type 'int32_t' {aka 'long int'} [-Wformat=]
   13 |     printf("Setting Motor Duty Cycle to %d", duty);
      |                                         ~^   ~~~~
      |                                          |   |
      |                                          int int32_t {aka long int}
      |                                         %ld
../Core/Src/motor_driver.c:18:9: error: invalid type argument of '->' (have 'int')
   18 |     TIM1->ARR = 265;
      |         ^~
../Core/Src/motor_driver.c:19:13: error: invalid type argument of '->' (have 'int')
   19 |         TIM1->PSC = 0;
      |             ^~
../Core/Src/motor_driver.c:22:21: error: invalid type argument of '->' (have 'int')
   22 |                 TIM1->CCR1 = duty;
      |                     ^~
../Core/Src/motor_driver.c:23:21: error: invalid type argument of '->' (have 'int')
   23 |                 TIM1->CCR2 = 0;
      |                     ^~
../Core/Src/motor_driver.c:27:21: error: invalid type argument of '->' (have 'int')
   27 |                 TIM1->CCR1 = 0;
      |                     ^~
../Core/Src/motor_driver.c:28:21: error: invalid type argument of '->' (have 'int')
   28 |                 TIM1->CCR2 = duty;
      |                     ^~
make: *** [Core/Src/subdir.mk:37: Core/Src/motor_driver.o] Error 1
make: *** Waiting for unfinished jobs....
In file included from ../Drivers/CMSIS/Device/ST/STM32L4xx/Include/stm32l4xx.h:149,
                 from ../Drivers/STM32L4xx_HAL_Driver/Inc/stm32l4xx_hal_def.h:29,
                 from ../Drivers/STM32L4xx_HAL_Driver/Inc/stm32l4xx_hal_rcc.h:27,
                 from ../Core/Inc/stm32l4xx_hal_conf.h:258,
                 from ../Drivers/STM32L4xx_HAL_Driver/Inc/stm32l4xx_hal.h:29,
                 from ../Core/Inc/main.h:30,
                 from ../Core/Src/main.c:20:
../Core/Src/main.c: In function 'main':
../Drivers/CMSIS/Device/ST/STM32L4xx/Include/stm32l476xx.h:1360:29: warning: initialization of 'long unsigned int' from 'TIM_TypeDef *' makes integer from pointer without a cast [-Wint-conversion]
 1360 | #define TIM1                ((TIM_TypeDef *) TIM1_BASE)
      |                             ^
../Core/Src/main.c:102:42: note: in expansion of macro 'TIM1'
  102 |                                 .timer = TIM1};
      |                                          ^~~~
../Drivers/CMSIS/Device/ST/STM32L4xx/Include/stm32l476xx.h:1360:29: note: (near initialization for 'mot1.timer.CR1')
 1360 | #define TIM1                ((TIM_TypeDef *) TIM1_BASE)
      |                             ^
../Core/Src/main.c:102:42: note: in expansion of macro 'TIM1'
  102 |                                 .timer = TIM1};
      |                                          ^~~~
../Core/Src/main.c:100:20: warning: missing braces around initializer [-Wmissing-braces]
  100 |     motor_t mot1 = {.duty    = 0,
      |                    ^
"make -j8 all" terminated with exit code 2. Build might be incomplete.
14:41:17 **** Incremental Build of configuration Debug for project Lab2 ****
make -j8 all 
arm-none-eabi-gcc "../Core/Src/motor_driver.c" -mcpu=cortex-m4 -std=gnu11 -g3 -DDEBUG -DUSE_HAL_DRIVER -DSTM32L476xx -c -I../Core/Inc -I../Drivers/STM32L4xx_HAL_Driver/Inc -I../Drivers/STM32L4xx_HAL_Driver/Inc/Legacy -I../Drivers/CMSIS/Device/ST/STM32L4xx/Include -I../Drivers/CMSIS/Include -O0 -ffunction-sections -fdata-sections -Wall -fstack-usage -fcyclomatic-complexity -MMD -MP -MF"Core/Src/motor_driver.d" -MT"Core/Src/motor_driver.o" --specs=nano.specs -mfpu=fpv4-sp-d16 -mfloat-abi=hard -mthumb -o "Core/Src/motor_driver.o"
In file included from ../Core/Src/motor_driver.c:7:
../Core/Inc/motor_driver.h:13:5: error: unknown type name 'TIM_TypeDef'
   13 |     TIM_TypeDef timer;
      |     ^~~~~~~~~~~
../Core/Src/motor_driver.c:8:1: error: unknown type name 'TIM_TypeDef'
    8 | TIM_TypeDef TIM1;
      | ^~~~~~~~~~~
../Core/Src/motor_driver.c: In function 'set_duty':
../Core/Src/motor_driver.c:13:42: warning: format '%d' expects argument of type 'int', but argument 2 has type 'int32_t' {aka 'long int'} [-Wformat=]
   13 |     printf("Setting Motor Duty Cycle to %d", duty);
      |                                         ~^   ~~~~
      |                                          |   |
      |                                          int int32_t {aka long int}
      |                                         %ld
../Core/Src/motor_driver.c:18:9: error: invalid type argument of '->' (have 'int')
   18 |     TIM1->ARR = 265;
      |         ^~
../Core/Src/motor_driver.c:19:13: error: invalid type argument of '->' (have 'int')
   19 |         TIM1->PSC = 0;
      |             ^~
../Core/Src/motor_driver.c:22:21: error: invalid type argument of '->' (have 'int')
   22 |                 TIM1->CCR1 = duty;
      |                     ^~
../Core/Src/motor_driver.c:23:21: error: invalid type argument of '->' (have 'int')
   23 |                 TIM1->CCR2 = 0;
      |                     ^~
../Core/Src/motor_driver.c:27:21: error: invalid type argument of '->' (have 'int')
   27 |                 TIM1->CCR1 = 0;
      |                     ^~
../Core/Src/motor_driver.c:28:21: error: invalid type argument of '->' (have 'int')
   28 |                 TIM1->CCR2 = duty;
      |                     ^~
make: *** [Core/Src/subdir.mk:37: Core/Src/motor_driver.o] Error 1
"make -j8 all" terminated with exit code 2. Build might be incomplete.
14:41:28 **** Incremental Build of configuration Debug for project Lab2 ****
make -j8 all 
arm-none-eabi-gcc "../Core/Src/motor_driver.c" -mcpu=cortex-m4 -std=gnu11 -g3 -DDEBUG -DUSE_HAL_DRIVER -DSTM32L476xx -c -I../Core/Inc -I../Drivers/STM32L4xx_HAL_Driver/Inc -I../Drivers/STM32L4xx_HAL_Driver/Inc/Legacy -I../Drivers/CMSIS/Device/ST/STM32L4xx/Include -I../Drivers/CMSIS/Include -O0 -ffunction-sections -fdata-sections -Wall -fstack-usage -fcyclomatic-complexity -MMD -MP -MF"Core/Src/motor_driver.d" -MT"Core/Src/motor_driver.o" --specs=nano.specs -mfpu=fpv4-sp-d16 -mfloat-abi=hard -mthumb -o "Core/Src/motor_driver.o"
In file included from ../Core/Src/motor_driver.c:7:
../Core/Inc/motor_driver.h:13:5: error: unknown type name 'TIM_TypeDef'
   13 |     TIM_TypeDef timer;
      |     ^~~~~~~~~~~
../Core/Src/motor_driver.c:8:1: error: unknown type name 'TIM_TypeDef'
    8 | TIM_TypeDef TIM1;
      | ^~~~~~~~~~~
../Core/Src/motor_driver.c: In function 'set_duty':
../Core/Src/motor_driver.c:13:42: warning: format '%d' expects argument of type 'int', but argument 2 has type 'int32_t' {aka 'long int'} [-Wformat=]
   13 |     printf("Setting Motor Duty Cycle to %d", duty);
      |                                         ~^   ~~~~
      |                                          |   |
      |                                          int int32_t {aka long int}
      |                                         %ld
../Core/Src/motor_driver.c:18:9: error: invalid type argument of '->' (have 'int')
   18 |     TIM1->ARR = 265;
      |         ^~
../Core/Src/motor_driver.c:19:13: error: invalid type argument of '->' (have 'int')
   19 |         TIM1->PSC = 0;
      |             ^~
../Core/Src/motor_driver.c:22:21: error: invalid type argument of '->' (have 'int')
   22 |                 TIM1->CCR1 = duty;
      |                     ^~
../Core/Src/motor_driver.c:23:21: error: invalid type argument of '->' (have 'int')
   23 |                 TIM1->CCR2 = 0;
      |                     ^~
../Core/Src/motor_driver.c:27:21: error: invalid type argument of '->' (have 'int')
   27 |                 TIM1->CCR1 = 0;
      |                     ^~
../Core/Src/motor_driver.c:28:21: error: invalid type argument of '->' (have 'int')
   28 |                 TIM1->CCR2 = duty;
      |                     ^~
make: *** [Core/Src/subdir.mk:37: Core/Src/motor_driver.o] Error 1
"make -j8 all" terminated with exit code 2. Build might be incomplete.
14:41:45 **** Incremental Build of configuration Debug for project Lab2 ****
make -j8 all 
arm-none-eabi-gcc "../Core/Src/motor_driver.c" -mcpu=cortex-m4 -std=gnu11 -g3 -DDEBUG -DUSE_HAL_DRIVER -DSTM32L476xx -c -I../Core/Inc -I../Drivers/STM32L4xx_HAL_Driver/Inc -I../Drivers/STM32L4xx_HAL_Driver/Inc/Legacy -I../Drivers/CMSIS/Device/ST/STM32L4xx/Include -I../Drivers/CMSIS/Include -O0 -ffunction-sections -fdata-sections -Wall -fstack-usage -fcyclomatic-complexity -MMD -MP -MF"Core/Src/motor_driver.d" -MT"Core/Src/motor_driver.o" --specs=nano.specs -mfpu=fpv4-sp-d16 -mfloat-abi=hard -mthumb -o "Core/Src/motor_driver.o"
In file included from ../Core/Src/motor_driver.c:7:
../Core/Inc/motor_driver.h:13:5: error: unknown type name 'TIM_TypeDef'
   13 |     TIM_TypeDef timer;
      |     ^~~~~~~~~~~
../Core/Src/motor_driver.c:8:1: error: unknown type name 'TIM_TypeDef'
    8 | TIM_TypeDef TIM1;
      | ^~~~~~~~~~~
../Core/Src/motor_driver.c: In function 'set_duty':
../Core/Src/motor_driver.c:13:42: warning: format '%d' expects argument of type 'int', but argument 2 has type 'int32_t' {aka 'long int'} [-Wformat=]
   13 |     printf("Setting Motor Duty Cycle to %d", duty);
      |                                         ~^   ~~~~
      |                                          |   |
      |                                          int int32_t {aka long int}
      |                                         %ld
../Core/Src/motor_driver.c:18:9: error: invalid type argument of '->' (have 'int')
   18 |     TIM1->ARR = 265;
      |         ^~
../Core/Src/motor_driver.c:19:13: error: invalid type argument of '->' (have 'int')
   19 |         TIM1->PSC = 0;
      |             ^~
../Core/Src/motor_driver.c:22:21: error: invalid type argument of '->' (have 'int')
   22 |                 TIM1->CCR1 = duty;
      |                     ^~
../Core/Src/motor_driver.c:23:21: error: invalid type argument of '->' (have 'int')
   23 |                 TIM1->CCR2 = 0;
      |                     ^~
../Core/Src/motor_driver.c:27:21: error: invalid type argument of '->' (have 'int')
   27 |                 TIM1->CCR1 = 0;
      |                     ^~
../Core/Src/motor_driver.c:28:21: error: invalid type argument of '->' (have 'int')
   28 |                 TIM1->CCR2 = duty;
      |                     ^~
make: *** [Core/Src/subdir.mk:37: Core/Src/motor_driver.o] Error 1
"make -j8 all" terminated with exit code 2. Build might be incomplete.
14:49:31 **** Incremental Build of configuration Debug for project Lab2 ****
make -j8 all 
arm-none-eabi-gcc "../Core/Src/main.c" -mcpu=cortex-m4 -std=gnu11 -g3 -DDEBUG -DUSE_HAL_DRIVER -DSTM32L476xx -c -I../Core/Inc -I../Drivers/STM32L4xx_HAL_Driver/Inc -I../Drivers/STM32L4xx_HAL_Driver/Inc/Legacy -I../Drivers/CMSIS/Device/ST/STM32L4xx/Include -I../Drivers/CMSIS/Include -O0 -ffunction-sections -fdata-sections -Wall -fstack-usage -fcyclomatic-complexity -MMD -MP -MF"Core/Src/main.d" -MT"Core/Src/main.o" --specs=nano.specs -mfpu=fpv4-sp-d16 -mfloat-abi=hard -mthumb -o "Core/Src/main.o"
arm-none-eabi-gcc "../Core/Src/motor_driver.c" -mcpu=cortex-m4 -std=gnu11 -g3 -DDEBUG -DUSE_HAL_DRIVER -DSTM32L476xx -c -I../Core/Inc -I../Drivers/STM32L4xx_HAL_Driver/Inc -I../Drivers/STM32L4xx_HAL_Driver/Inc/Legacy -I../Drivers/CMSIS/Device/ST/STM32L4xx/Include -I../Drivers/CMSIS/Include -O0 -ffunction-sections -fdata-sections -Wall -fstack-usage -fcyclomatic-complexity -MMD -MP -MF"Core/Src/motor_driver.d" -MT"Core/Src/motor_driver.o" --specs=nano.specs -mfpu=fpv4-sp-d16 -mfloat-abi=hard -mthumb -o "Core/Src/motor_driver.o"
../Core/Src/motor_driver.c: In function 'set_duty':
../Core/Src/motor_driver.c:12:42: warning: format '%d' expects argument of type 'int', but argument 2 has type 'int32_t' {aka 'long int'} [-Wformat=]
   12 |     printf("Setting Motor Duty Cycle to %d", duty);
      |                                         ~^   ~~~~
      |                                          |   |
      |                                          int int32_t {aka long int}
      |                                         %ld
../Core/Src/motor_driver.c:18:17: error: 'pmot' undeclared (first use in this function); did you mean 'p_mot'?
   18 |                 pmot->ccr1 = duty;
      |                 ^~~~
      |                 p_mot
../Core/Src/motor_driver.c:18:17: note: each undeclared identifier is reported only once for each function it appears in
make: *** [Core/Src/subdir.mk:37: Core/Src/motor_driver.o] Error 1
make: *** Waiting for unfinished jobs....
../Core/Src/main.c: In function 'main':
../Core/Src/main.c:103:33: error: request for member 'ccr2' in something not a structure or union
  103 |                                 .ccr2 = 0};
      |                                 ^
../Core/Src/main.c:113:30: error: invalid type argument of '->' (have 'motor_t')
  113 |               TIM1->CCR1=mot1->ccr1;
      |                              ^~
../Core/Src/main.c:114:30: error: invalid type argument of '->' (have 'motor_t')
  114 |               TIM1->CCR2=mot1->ccr2;
      |                              ^~
make: *** [Core/Src/subdir.mk:37: Core/Src/main.o] Error 1
"make -j8 all" terminated with exit code 2. Build might be incomplete.
14:49:59 **** Incremental Build of configuration Debug for project Lab2 ****
make -j8 all 
arm-none-eabi-gcc "../Core/Src/main.c" -mcpu=cortex-m4 -std=gnu11 -g3 -DDEBUG -DUSE_HAL_DRIVER -DSTM32L476xx -c -I../Core/Inc -I../Drivers/STM32L4xx_HAL_Driver/Inc -I../Drivers/STM32L4xx_HAL_Driver/Inc/Legacy -I../Drivers/CMSIS/Device/ST/STM32L4xx/Include -I../Drivers/CMSIS/Include -O0 -ffunction-sections -fdata-sections -Wall -fstack-usage -fcyclomatic-complexity -MMD -MP -MF"Core/Src/main.d" -MT"Core/Src/main.o" --specs=nano.specs -mfpu=fpv4-sp-d16 -mfloat-abi=hard -mthumb -o "Core/Src/main.o"
arm-none-eabi-gcc "../Core/Src/motor_driver.c" -mcpu=cortex-m4 -std=gnu11 -g3 -DDEBUG -DUSE_HAL_DRIVER -DSTM32L476xx -c -I../Core/Inc -I../Drivers/STM32L4xx_HAL_Driver/Inc -I../Drivers/STM32L4xx_HAL_Driver/Inc/Legacy -I../Drivers/CMSIS/Device/ST/STM32L4xx/Include -I../Drivers/CMSIS/Include -O0 -ffunction-sections -fdata-sections -Wall -fstack-usage -fcyclomatic-complexity -MMD -MP -MF"Core/Src/motor_driver.d" -MT"Core/Src/motor_driver.o" --specs=nano.specs -mfpu=fpv4-sp-d16 -mfloat-abi=hard -mthumb -o "Core/Src/motor_driver.o"
../Core/Src/motor_driver.c: In function 'set_duty':
../Core/Src/motor_driver.c:12:42: warning: format '%d' expects argument of type 'int', but argument 2 has type 'int32_t' {aka 'long int'} [-Wformat=]
   12 |     printf("Setting Motor Duty Cycle to %d", duty);
      |                                         ~^   ~~~~
      |                                          |   |
      |                                          int int32_t {aka long int}
      |                                         %ld
../Core/Src/motor_driver.c:18:17: error: 'pmot' undeclared (first use in this function); did you mean 'p_mot'?
   18 |                 pmot->ccr1 = duty;
      |                 ^~~~
      |                 p_mot
../Core/Src/motor_driver.c:18:17: note: each undeclared identifier is reported only once for each function it appears in
make: *** [Core/Src/subdir.mk:37: Core/Src/motor_driver.o] Error 1
make: *** Waiting for unfinished jobs....
../Core/Src/main.c: In function 'main':
../Core/Src/main.c:103:33: error: request for member 'ccr2' in something not a structure or union
  103 |                                 .ccr2 = 0};
      |                                 ^
make: *** [Core/Src/subdir.mk:37: Core/Src/main.o] Error 1
"make -j8 all" terminated with exit code 2. Build might be incomplete.
14:50:26 **** Incremental Build of configuration Debug for project Lab2 ****
make -j8 all 
arm-none-eabi-gcc "../Core/Src/main.c" -mcpu=cortex-m4 -std=gnu11 -g3 -DDEBUG -DUSE_HAL_DRIVER -DSTM32L476xx -c -I../Core/Inc -I../Drivers/STM32L4xx_HAL_Driver/Inc -I../Drivers/STM32L4xx_HAL_Driver/Inc/Legacy -I../Drivers/CMSIS/Device/ST/STM32L4xx/Include -I../Drivers/CMSIS/Include -O0 -ffunction-sections -fdata-sections -Wall -fstack-usage -fcyclomatic-complexity -MMD -MP -MF"Core/Src/main.d" -MT"Core/Src/main.o" --specs=nano.specs -mfpu=fpv4-sp-d16 -mfloat-abi=hard -mthumb -o "Core/Src/main.o"
arm-none-eabi-gcc "../Core/Src/motor_driver.c" -mcpu=cortex-m4 -std=gnu11 -g3 -DDEBUG -DUSE_HAL_DRIVER -DSTM32L476xx -c -I../Core/Inc -I../Drivers/STM32L4xx_HAL_Driver/Inc -I../Drivers/STM32L4xx_HAL_Driver/Inc/Legacy -I../Drivers/CMSIS/Device/ST/STM32L4xx/Include -I../Drivers/CMSIS/Include -O0 -ffunction-sections -fdata-sections -Wall -fstack-usage -fcyclomatic-complexity -MMD -MP -MF"Core/Src/motor_driver.d" -MT"Core/Src/motor_driver.o" --specs=nano.specs -mfpu=fpv4-sp-d16 -mfloat-abi=hard -mthumb -o "Core/Src/motor_driver.o"
../Core/Src/motor_driver.c: In function 'set_duty':
../Core/Src/motor_driver.c:12:42: warning: format '%d' expects argument of type 'int', but argument 2 has type 'int32_t' {aka 'long int'} [-Wformat=]
   12 |     printf("Setting Motor Duty Cycle to %d", duty);
      |                                         ~^   ~~~~
      |                                          |   |
      |                                          int int32_t {aka long int}
      |                                         %ld
../Core/Src/motor_driver.c:18:17: error: 'pmot' undeclared (first use in this function); did you mean 'p_mot'?
   18 |                 pmot->ccr1 = duty;
      |                 ^~~~
      |                 p_mot
../Core/Src/motor_driver.c:18:17: note: each undeclared identifier is reported only once for each function it appears in
make: *** [Core/Src/subdir.mk:37: Core/Src/motor_driver.o] Error 1
make: *** Waiting for unfinished jobs....
../Core/Src/main.c: In function 'main':
../Core/Src/main.c:103:33: error: request for member 'ccr2' in something not a structure or union
  103 |                                 .ccr2 = 0};
      |                                 ^
../Core/Src/main.c:113:30: error: invalid type argument of '->' (have 'motor_t')
  113 |               TIM1->CCR1=mot1->ccr1;
      |                              ^~
../Core/Src/main.c:114:30: error: invalid type argument of '->' (have 'motor_t')
  114 |               TIM1->CCR2=mot1->ccr2;
      |                              ^~
make: *** [Core/Src/subdir.mk:37: Core/Src/main.o] Error 1
"make -j8 all" terminated with exit code 2. Build might be incomplete.
14:51:03 **** Incremental Build of configuration Debug for project Lab2 ****
make -j8 all 
arm-none-eabi-gcc "../Core/Src/main.c" -mcpu=cortex-m4 -std=gnu11 -g3 -DDEBUG -DUSE_HAL_DRIVER -DSTM32L476xx -c -I../Core/Inc -I../Drivers/STM32L4xx_HAL_Driver/Inc -I../Drivers/STM32L4xx_HAL_Driver/Inc/Legacy -I../Drivers/CMSIS/Device/ST/STM32L4xx/Include -I../Drivers/CMSIS/Include -O0 -ffunction-sections -fdata-sections -Wall -fstack-usage -fcyclomatic-complexity -MMD -MP -MF"Core/Src/main.d" -MT"Core/Src/main.o" --specs=nano.specs -mfpu=fpv4-sp-d16 -mfloat-abi=hard -mthumb -o "Core/Src/main.o"
arm-none-eabi-gcc "../Core/Src/motor_driver.c" -mcpu=cortex-m4 -std=gnu11 -g3 -DDEBUG -DUSE_HAL_DRIVER -DSTM32L476xx -c -I../Core/Inc -I../Drivers/STM32L4xx_HAL_Driver/Inc -I../Drivers/STM32L4xx_HAL_Driver/Inc/Legacy -I../Drivers/CMSIS/Device/ST/STM32L4xx/Include -I../Drivers/CMSIS/Include -O0 -ffunction-sections -fdata-sections -Wall -fstack-usage -fcyclomatic-complexity -MMD -MP -MF"Core/Src/motor_driver.d" -MT"Core/Src/motor_driver.o" --specs=nano.specs -mfpu=fpv4-sp-d16 -mfloat-abi=hard -mthumb -o "Core/Src/motor_driver.o"
../Core/Src/motor_driver.c: In function 'set_duty':
../Core/Src/motor_driver.c:12:42: warning: format '%d' expects argument of type 'int', but argument 2 has type 'int32_t' {aka 'long int'} [-Wformat=]
   12 |     printf("Setting Motor Duty Cycle to %d", duty);
      |                                         ~^   ~~~~
      |                                          |   |
      |                                          int int32_t {aka long int}
      |                                         %ld
../Core/Src/motor_driver.c:18:17: error: 'pmot' undeclared (first use in this function); did you mean 'p_mot'?
   18 |                 pmot->ccr1 = duty;
      |                 ^~~~
      |                 p_mot
../Core/Src/motor_driver.c:18:17: note: each undeclared identifier is reported only once for each function it appears in
make: *** [Core/Src/subdir.mk:37: Core/Src/motor_driver.o] Error 1
make: *** Waiting for unfinished jobs....
../Core/Src/main.c: In function 'main':
../Core/Src/main.c:103:33: error: request for member 'ccr2' in something not a structure or union
  103 |                                 .ccr2 = 0};
      |                                 ^
../Core/Src/main.c:113:31: error: invalid type argument of '->' (have 'motor_t')
  113 |               TIM1->CCR1=&mot1->ccr1;
      |                               ^~
../Core/Src/main.c:114:30: error: invalid type argument of '->' (have 'motor_t')
  114 |               TIM1->CCR2=mot1->ccr2;
      |                              ^~
make: *** [Core/Src/subdir.mk:37: Core/Src/main.o] Error 1
"make -j8 all" terminated with exit code 2. Build might be incomplete.
14:51:30 **** Incremental Build of configuration Debug for project Lab2 ****
make -j8 all 
arm-none-eabi-gcc "../Core/Src/main.c" -mcpu=cortex-m4 -std=gnu11 -g3 -DDEBUG -DUSE_HAL_DRIVER -DSTM32L476xx -c -I../Core/Inc -I../Drivers/STM32L4xx_HAL_Driver/Inc -I../Drivers/STM32L4xx_HAL_Driver/Inc/Legacy -I../Drivers/CMSIS/Device/ST/STM32L4xx/Include -I../Drivers/CMSIS/Include -O0 -ffunction-sections -fdata-sections -Wall -fstack-usage -fcyclomatic-complexity -MMD -MP -MF"Core/Src/main.d" -MT"Core/Src/main.o" --specs=nano.specs -mfpu=fpv4-sp-d16 -mfloat-abi=hard -mthumb -o "Core/Src/main.o"
arm-none-eabi-gcc "../Core/Src/motor_driver.c" -mcpu=cortex-m4 -std=gnu11 -g3 -DDEBUG -DUSE_HAL_DRIVER -DSTM32L476xx -c -I../Core/Inc -I../Drivers/STM32L4xx_HAL_Driver/Inc -I../Drivers/STM32L4xx_HAL_Driver/Inc/Legacy -I../Drivers/CMSIS/Device/ST/STM32L4xx/Include -I../Drivers/CMSIS/Include -O0 -ffunction-sections -fdata-sections -Wall -fstack-usage -fcyclomatic-complexity -MMD -MP -MF"Core/Src/motor_driver.d" -MT"Core/Src/motor_driver.o" --specs=nano.specs -mfpu=fpv4-sp-d16 -mfloat-abi=hard -mthumb -o "Core/Src/motor_driver.o"
../Core/Src/motor_driver.c: In function 'set_duty':
../Core/Src/motor_driver.c:12:42: warning: format '%d' expects argument of type 'int', but argument 2 has type 'int32_t' {aka 'long int'} [-Wformat=]
   12 |     printf("Setting Motor Duty Cycle to %d", duty);
      |                                         ~^   ~~~~
      |                                          |   |
      |                                          int int32_t {aka long int}
      |                                         %ld
../Core/Src/motor_driver.c:18:17: error: 'pmot' undeclared (first use in this function); did you mean 'p_mot'?
   18 |                 pmot->ccr1 = duty;
      |                 ^~~~
      |                 p_mot
../Core/Src/motor_driver.c:18:17: note: each undeclared identifier is reported only once for each function it appears in
make: *** [Core/Src/subdir.mk:37: Core/Src/motor_driver.o] Error 1
make: *** Waiting for unfinished jobs....
../Core/Src/main.c: In function 'main':
../Core/Src/main.c:103:33: error: request for member 'ccr2' in something not a structure or union
  103 |                                 .ccr2 = 0};
      |                                 ^
../Core/Src/main.c:113:31: error: expected expression before '->' token
  113 |               TIM1->CCR1=mot1*->ccr1;
      |                               ^~
../Core/Src/main.c:114:31: error: expected expression before '->' token
  114 |               TIM1->CCR2=mot1*->ccr2;
      |                               ^~
make: *** [Core/Src/subdir.mk:37: Core/Src/main.o] Error 1
"make -j8 all" terminated with exit code 2. Build might be incomplete.
14:52:06 **** Incremental Build of configuration Debug for project Lab2 ****
make -j8 all 
arm-none-eabi-gcc "../Core/Src/main.c" -mcpu=cortex-m4 -std=gnu11 -g3 -DDEBUG -DUSE_HAL_DRIVER -DSTM32L476xx -c -I../Core/Inc -I../Drivers/STM32L4xx_HAL_Driver/Inc -I../Drivers/STM32L4xx_HAL_Driver/Inc/Legacy -I../Drivers/CMSIS/Device/ST/STM32L4xx/Include -I../Drivers/CMSIS/Include -O0 -ffunction-sections -fdata-sections -Wall -fstack-usage -fcyclomatic-complexity -MMD -MP -MF"Core/Src/main.d" -MT"Core/Src/main.o" --specs=nano.specs -mfpu=fpv4-sp-d16 -mfloat-abi=hard -mthumb -o "Core/Src/main.o"
arm-none-eabi-gcc "../Core/Src/motor_driver.c" -mcpu=cortex-m4 -std=gnu11 -g3 -DDEBUG -DUSE_HAL_DRIVER -DSTM32L476xx -c -I../Core/Inc -I../Drivers/STM32L4xx_HAL_Driver/Inc -I../Drivers/STM32L4xx_HAL_Driver/Inc/Legacy -I../Drivers/CMSIS/Device/ST/STM32L4xx/Include -I../Drivers/CMSIS/Include -O0 -ffunction-sections -fdata-sections -Wall -fstack-usage -fcyclomatic-complexity -MMD -MP -MF"Core/Src/motor_driver.d" -MT"Core/Src/motor_driver.o" --specs=nano.specs -mfpu=fpv4-sp-d16 -mfloat-abi=hard -mthumb -o "Core/Src/motor_driver.o"
../Core/Src/motor_driver.c: In function 'set_duty':
../Core/Src/motor_driver.c:12:42: warning: format '%d' expects argument of type 'int', but argument 2 has type 'int32_t' {aka 'long int'} [-Wformat=]
   12 |     printf("Setting Motor Duty Cycle to %d", duty);
      |                                         ~^   ~~~~
      |                                          |   |
      |                                          int int32_t {aka long int}
      |                                         %ld
../Core/Src/motor_driver.c:18:17: error: 'pmot' undeclared (first use in this function); did you mean 'p_mot'?
   18 |                 pmot->ccr1 = duty;
      |                 ^~~~
      |                 p_mot
../Core/Src/motor_driver.c:18:17: note: each undeclared identifier is reported only once for each function it appears in
make: *** [Core/Src/subdir.mk:37: Core/Src/motor_driver.o] Error 1
make: *** Waiting for unfinished jobs....
../Core/Src/main.c: In function 'main':
../Core/Src/main.c:103:33: error: request for member 'ccr2' in something not a structure or union
  103 |                                 .ccr2 = 0};
      |                                 ^
../Core/Src/main.c:113:32: error: expected expression before ')' token
  113 |               TIM1->CCR1=(mot1*)->ccr1;
      |                                ^
../Core/Src/main.c:114:32: error: expected expression before ')' token
  114 |               TIM1->CCR2=(mot1*)->ccr2;
      |                                ^
make: *** [Core/Src/subdir.mk:37: Core/Src/main.o] Error 1
"make -j8 all" terminated with exit code 2. Build might be incomplete.
14:55:37 **** Incremental Build of configuration Debug for project Lab2 ****
make -j8 all 
arm-none-eabi-gcc "../Core/Src/main.c" -mcpu=cortex-m4 -std=gnu11 -g3 -DDEBUG -DUSE_HAL_DRIVER -DSTM32L476xx -c -I../Core/Inc -I../Drivers/STM32L4xx_HAL_Driver/Inc -I../Drivers/STM32L4xx_HAL_Driver/Inc/Legacy -I../Drivers/CMSIS/Device/ST/STM32L4xx/Include -I../Drivers/CMSIS/Include -O0 -ffunction-sections -fdata-sections -Wall -fstack-usage -fcyclomatic-complexity -MMD -MP -MF"Core/Src/main.d" -MT"Core/Src/main.o" --specs=nano.specs -mfpu=fpv4-sp-d16 -mfloat-abi=hard -mthumb -o "Core/Src/main.o"
arm-none-eabi-gcc "../Core/Src/motor_driver.c" -mcpu=cortex-m4 -std=gnu11 -g3 -DDEBUG -DUSE_HAL_DRIVER -DSTM32L476xx -c -I../Core/Inc -I../Drivers/STM32L4xx_HAL_Driver/Inc -I../Drivers/STM32L4xx_HAL_Driver/Inc/Legacy -I../Drivers/CMSIS/Device/ST/STM32L4xx/Include -I../Drivers/CMSIS/Include -O0 -ffunction-sections -fdata-sections -Wall -fstack-usage -fcyclomatic-complexity -MMD -MP -MF"Core/Src/motor_driver.d" -MT"Core/Src/motor_driver.o" --specs=nano.specs -mfpu=fpv4-sp-d16 -mfloat-abi=hard -mthumb -o "Core/Src/motor_driver.o"
../Core/Src/motor_driver.c: In function 'set_duty':
../Core/Src/motor_driver.c:12:42: warning: format '%d' expects argument of type 'int', but argument 2 has type 'int32_t' {aka 'long int'} [-Wformat=]
   12 |     printf("Setting Motor Duty Cycle to %d", duty);
      |                                         ~^   ~~~~
      |                                          |   |
      |                                          int int32_t {aka long int}
      |                                         %ld
../Core/Src/motor_driver.c:18:17: error: 'pmot' undeclared (first use in this function); did you mean 'p_mot'?
   18 |                 pmot->ccr1 = duty;
      |                 ^~~~
      |                 p_mot
../Core/Src/motor_driver.c:18:17: note: each undeclared identifier is reported only once for each function it appears in
make: *** [Core/Src/subdir.mk:37: Core/Src/motor_driver.o] Error 1
make: *** Waiting for unfinished jobs....
../Core/Src/main.c: In function 'main':
../Core/Src/main.c:103:33: error: request for member 'ccr2' in something not a structure or union
  103 |                                 .ccr2 = 0};
      |                                 ^
../Core/Src/main.c:113:32: error: invalid type argument of '->' (have 'motor_t')
  113 |               TIM1->CCR1=(mot1)->ccr1;
      |                                ^~
../Core/Src/main.c:114:32: error: invalid type argument of '->' (have 'motor_t')
  114 |               TIM1->CCR2=(mot1)->ccr2;
      |                                ^~
make: *** [Core/Src/subdir.mk:37: Core/Src/main.o] Error 1
"make -j8 all" terminated with exit code 2. Build might be incomplete.
15:03:50 **** Incremental Build of configuration Debug for project Lab2 ****
make -j8 all 
arm-none-eabi-gcc "../Core/Src/main.c" -mcpu=cortex-m4 -std=gnu11 -g3 -DDEBUG -DUSE_HAL_DRIVER -DSTM32L476xx -c -I../Core/Inc -I../Drivers/STM32L4xx_HAL_Driver/Inc -I../Drivers/STM32L4xx_HAL_Driver/Inc/Legacy -I../Drivers/CMSIS/Device/ST/STM32L4xx/Include -I../Drivers/CMSIS/Include -O0 -ffunction-sections -fdata-sections -Wall -fstack-usage -fcyclomatic-complexity -MMD -MP -MF"Core/Src/main.d" -MT"Core/Src/main.o" --specs=nano.specs -mfpu=fpv4-sp-d16 -mfloat-abi=hard -mthumb -o "Core/Src/main.o"
arm-none-eabi-gcc "../Core/Src/motor_driver.c" -mcpu=cortex-m4 -std=gnu11 -g3 -DDEBUG -DUSE_HAL_DRIVER -DSTM32L476xx -c -I../Core/Inc -I../Drivers/STM32L4xx_HAL_Driver/Inc -I../Drivers/STM32L4xx_HAL_Driver/Inc/Legacy -I../Drivers/CMSIS/Device/ST/STM32L4xx/Include -I../Drivers/CMSIS/Include -O0 -ffunction-sections -fdata-sections -Wall -fstack-usage -fcyclomatic-complexity -MMD -MP -MF"Core/Src/motor_driver.d" -MT"Core/Src/motor_driver.o" --specs=nano.specs -mfpu=fpv4-sp-d16 -mfloat-abi=hard -mthumb -o "Core/Src/motor_driver.o"
../Core/Src/motor_driver.c: In function 'set_duty':
../Core/Src/motor_driver.c:12:42: warning: format '%d' expects argument of type 'int', but argument 2 has type 'int32_t' {aka 'long int'} [-Wformat=]
   12 |     printf("Setting Motor Duty Cycle to %d", duty);
      |                                         ~^   ~~~~
      |                                          |   |
      |                                          int int32_t {aka long int}
      |                                         %ld
../Core/Src/main.c: In function 'main':
../Core/Src/main.c:103:33: error: request for member 'ccr2' in something not a structure or union
  103 |                                 .ccr2 = 0};
      |                                 ^
../Core/Src/main.c:113:32: error: invalid type argument of '->' (have 'motor_t')
  113 |               TIM1->CCR1=(mot1)->ccr1;
      |                                ^~
../Core/Src/main.c:114:32: error: invalid type argument of '->' (have 'motor_t')
  114 |               TIM1->CCR2=(mot1)->ccr2;
      |                                ^~
make: *** [Core/Src/subdir.mk:37: Core/Src/main.o] Error 1
"make -j8 all" terminated with exit code 2. Build might be incomplete.
15:06:40 **** Incremental Build of configuration Debug for project Lab2 ****
make -j8 all 
arm-none-eabi-gcc "../Core/Src/main.c" -mcpu=cortex-m4 -std=gnu11 -g3 -DDEBUG -DUSE_HAL_DRIVER -DSTM32L476xx -c -I../Core/Inc -I../Drivers/STM32L4xx_HAL_Driver/Inc -I../Drivers/STM32L4xx_HAL_Driver/Inc/Legacy -I../Drivers/CMSIS/Device/ST/STM32L4xx/Include -I../Drivers/CMSIS/Include -O0 -ffunction-sections -fdata-sections -Wall -fstack-usage -fcyclomatic-complexity -MMD -MP -MF"Core/Src/main.d" -MT"Core/Src/main.o" --specs=nano.specs -mfpu=fpv4-sp-d16 -mfloat-abi=hard -mthumb -o "Core/Src/main.o"
arm-none-eabi-gcc "../Core/Src/motor_driver.c" -mcpu=cortex-m4 -std=gnu11 -g3 -DDEBUG -DUSE_HAL_DRIVER -DSTM32L476xx -c -I../Core/Inc -I../Drivers/STM32L4xx_HAL_Driver/Inc -I../Drivers/STM32L4xx_HAL_Driver/Inc/Legacy -I../Drivers/CMSIS/Device/ST/STM32L4xx/Include -I../Drivers/CMSIS/Include -O0 -ffunction-sections -fdata-sections -Wall -fstack-usage -fcyclomatic-complexity -MMD -MP -MF"Core/Src/motor_driver.d" -MT"Core/Src/motor_driver.o" --specs=nano.specs -mfpu=fpv4-sp-d16 -mfloat-abi=hard -mthumb -o "Core/Src/motor_driver.o"
In file included from ../Drivers/CMSIS/Device/ST/STM32L4xx/Include/stm32l4xx.h:149,
                 from ../Drivers/STM32L4xx_HAL_Driver/Inc/stm32l4xx_hal_def.h:29,
                 from ../Drivers/STM32L4xx_HAL_Driver/Inc/stm32l4xx_hal_rcc.h:27,
                 from ../Core/Inc/stm32l4xx_hal_conf.h:258,
                 from ../Drivers/STM32L4xx_HAL_Driver/Inc/stm32l4xx_hal.h:29,
                 from ../Core/Inc/main.h:30,
                 from ../Core/Src/main.c:20:
../Core/Src/main.c: In function 'main':
../Drivers/CMSIS/Device/ST/STM32L4xx/Include/stm32l476xx.h:1360:29: warning: initialization of 'long unsigned int' from 'TIM_TypeDef *' makes integer from pointer without a cast [-Wint-conversion]
 1360 | #define TIM1                ((TIM_TypeDef *) TIM1_BASE)
      |                             ^
../Core/Src/main.c:102:42: note: in expansion of macro 'TIM1'
  102 |                                 .timer = TIM1};
      |                                          ^~~~
../Drivers/CMSIS/Device/ST/STM32L4xx/Include/stm32l476xx.h:1360:29: note: (near initialization for 'mot1.timer.CR1')
 1360 | #define TIM1                ((TIM_TypeDef *) TIM1_BASE)
      |                             ^
../Core/Src/main.c:102:42: note: in expansion of macro 'TIM1'
  102 |                                 .timer = TIM1};
      |                                          ^~~~
../Core/Src/main.c:100:20: warning: missing braces around initializer [-Wmissing-braces]
  100 |     motor_t mot1 = {.duty    = 0,
      |                    ^
../Core/Src/main.c:112:32: error: invalid type argument of '->' (have 'motor_t')
  112 |               TIM1->CCR1=(mot1)->ccr1;
      |                                ^~
../Core/Src/main.c:113:32: error: invalid type argument of '->' (have 'motor_t')
  113 |               TIM1->CCR2=(mot1)->ccr2;
      |                                ^~
../Core/Src/motor_driver.c: In function 'set_duty':
../Core/Src/motor_driver.c:12:42: warning: format '%d' expects argument of type 'int', but argument 2 has type 'int32_t' {aka 'long int'} [-Wformat=]
   12 |     printf("Setting Motor Duty Cycle to %d", duty);
      |                                         ~^   ~~~~
      |                                          |   |
      |                                          int int32_t {aka long int}
      |                                         %ld
../Core/Src/motor_driver.c:18:29: error: invalid type argument of '->' (have 'TIM_TypeDef')
   18 |                 p_mot->timer->CCR1 = duty;
      |                             ^~
../Core/Src/motor_driver.c:19:29: error: invalid type argument of '->' (have 'TIM_TypeDef')
   19 |                 p_mot->timer->CCR2 = 0;
      |                             ^~
../Core/Src/motor_driver.c:23:29: error: invalid type argument of '->' (have 'TIM_TypeDef')
   23 |                 p_mot->timer->CCR1 = 0;
      |                             ^~
../Core/Src/motor_driver.c:24:29: error: invalid type argument of '->' (have 'TIM_TypeDef')
   24 |                 p_mot->timer->CCR2 = duty;
      |                             ^~
make: *** [Core/Src/subdir.mk:37: Core/Src/main.o] Error 1
make: *** Waiting for unfinished jobs....
make: *** [Core/Src/subdir.mk:37: Core/Src/motor_driver.o] Error 1
"make -j8 all" terminated with exit code 2. Build might be incomplete.
15:07:11 **** Incremental Build of configuration Debug for project Lab2 ****
make -j8 all 
arm-none-eabi-gcc "../Core/Src/main.c" -mcpu=cortex-m4 -std=gnu11 -g3 -DDEBUG -DUSE_HAL_DRIVER -DSTM32L476xx -c -I../Core/Inc -I../Drivers/STM32L4xx_HAL_Driver/Inc -I../Drivers/STM32L4xx_HAL_Driver/Inc/Legacy -I../Drivers/CMSIS/Device/ST/STM32L4xx/Include -I../Drivers/CMSIS/Include -O0 -ffunction-sections -fdata-sections -Wall -fstack-usage -fcyclomatic-complexity -MMD -MP -MF"Core/Src/main.d" -MT"Core/Src/main.o" --specs=nano.specs -mfpu=fpv4-sp-d16 -mfloat-abi=hard -mthumb -o "Core/Src/main.o"
arm-none-eabi-gcc "../Core/Src/motor_driver.c" -mcpu=cortex-m4 -std=gnu11 -g3 -DDEBUG -DUSE_HAL_DRIVER -DSTM32L476xx -c -I../Core/Inc -I../Drivers/STM32L4xx_HAL_Driver/Inc -I../Drivers/STM32L4xx_HAL_Driver/Inc/Legacy -I../Drivers/CMSIS/Device/ST/STM32L4xx/Include -I../Drivers/CMSIS/Include -O0 -ffunction-sections -fdata-sections -Wall -fstack-usage -fcyclomatic-complexity -MMD -MP -MF"Core/Src/motor_driver.d" -MT"Core/Src/motor_driver.o" --specs=nano.specs -mfpu=fpv4-sp-d16 -mfloat-abi=hard -mthumb -o "Core/Src/motor_driver.o"
In file included from ../Drivers/CMSIS/Device/ST/STM32L4xx/Include/stm32l4xx.h:149,
                 from ../Drivers/STM32L4xx_HAL_Driver/Inc/stm32l4xx_hal_def.h:29,
                 from ../Drivers/STM32L4xx_HAL_Driver/Inc/stm32l4xx_hal_rcc.h:27,
                 from ../Core/Inc/stm32l4xx_hal_conf.h:258,
                 from ../Drivers/STM32L4xx_HAL_Driver/Inc/stm32l4xx_hal.h:29,
                 from ../Core/Inc/main.h:30,
                 from ../Core/Src/main.c:20:
../Core/Src/main.c: In function 'main':
../Core/Src/motor_driver.c: In function 'set_duty':
../Core/Src/motor_driver.c:12:42: warning: format '%d' expects argument of type 'int', but argument 2 has type 'int32_t' {aka 'long int'} [-Wformat=]
   12 |     printf("Setting Motor Duty Cycle to %d", duty);
      |                                         ~^   ~~~~
      |                                          |   |
      |                                          int int32_t {aka long int}
      |                                         %ld
../Core/Src/motor_driver.c:18:29: error: invalid type argument of '->' (have 'TIM_TypeDef')
   18 |                 p_mot->timer->CCR1 = duty;
      |                             ^~
../Core/Src/motor_driver.c:19:29: error: invalid type argument of '->' (have 'TIM_TypeDef')
   19 |                 p_mot->timer->CCR2 = 0;
      |                             ^~
../Core/Src/motor_driver.c:23:29: error: invalid type argument of '->' (have 'TIM_TypeDef')
   23 |                 p_mot->timer->CCR1 = 0;
      |                             ^~
../Core/Src/motor_driver.c:24:29: error: invalid type argument of '->' (have 'TIM_TypeDef')
   24 |                 p_mot->timer->CCR2 = duty;
      |                             ^~
../Drivers/CMSIS/Device/ST/STM32L4xx/Include/stm32l476xx.h:1360:29: warning: initialization of 'long unsigned int' from 'TIM_TypeDef *' makes integer from pointer without a cast [-Wint-conversion]
 1360 | #define TIM1                ((TIM_TypeDef *) TIM1_BASE)
      |                             ^
../Core/Src/main.c:102:42: note: in expansion of macro 'TIM1'
  102 |                                 .timer = TIM1};
      |                                          ^~~~
../Drivers/CMSIS/Device/ST/STM32L4xx/Include/stm32l476xx.h:1360:29: note: (near initialization for 'mot1.timer.CR1')
 1360 | #define TIM1                ((TIM_TypeDef *) TIM1_BASE)
      |                             ^
../Core/Src/main.c:102:42: note: in expansion of macro 'TIM1'
  102 |                                 .timer = TIM1};
      |                                          ^~~~
../Core/Src/main.c:100:20: warning: missing braces around initializer [-Wmissing-braces]
  100 |     motor_t mot1 = {.duty    = 0,
      |                    ^
../Core/Src/main.c:113:32: error: invalid type argument of '->' (have 'motor_t')
  113 |               TIM1->CCR2=(mot1)->ccr2;
      |                                ^~
make: *** [Core/Src/subdir.mk:37: Core/Src/motor_driver.o] Error 1
make: *** Waiting for unfinished jobs....
make: *** [Core/Src/subdir.mk:37: Core/Src/main.o] Error 1
"make -j8 all" terminated with exit code 2. Build might be incomplete.
15:08:24 **** Incremental Build of configuration Debug for project Lab2 ****
make -j8 all 
arm-none-eabi-gcc "../Core/Src/main.c" -mcpu=cortex-m4 -std=gnu11 -g3 -DDEBUG -DUSE_HAL_DRIVER -DSTM32L476xx -c -I../Core/Inc -I../Drivers/STM32L4xx_HAL_Driver/Inc -I../Drivers/STM32L4xx_HAL_Driver/Inc/Legacy -I../Drivers/CMSIS/Device/ST/STM32L4xx/Include -I../Drivers/CMSIS/Include -O0 -ffunction-sections -fdata-sections -Wall -fstack-usage -fcyclomatic-complexity -MMD -MP -MF"Core/Src/main.d" -MT"Core/Src/main.o" --specs=nano.specs -mfpu=fpv4-sp-d16 -mfloat-abi=hard -mthumb -o "Core/Src/main.o"
arm-none-eabi-gcc "../Core/Src/motor_driver.c" -mcpu=cortex-m4 -std=gnu11 -g3 -DDEBUG -DUSE_HAL_DRIVER -DSTM32L476xx -c -I../Core/Inc -I../Drivers/STM32L4xx_HAL_Driver/Inc -I../Drivers/STM32L4xx_HAL_Driver/Inc/Legacy -I../Drivers/CMSIS/Device/ST/STM32L4xx/Include -I../Drivers/CMSIS/Include -O0 -ffunction-sections -fdata-sections -Wall -fstack-usage -fcyclomatic-complexity -MMD -MP -MF"Core/Src/motor_driver.d" -MT"Core/Src/motor_driver.o" --specs=nano.specs -mfpu=fpv4-sp-d16 -mfloat-abi=hard -mthumb -o "Core/Src/motor_driver.o"
../Core/Src/motor_driver.c: In function 'set_duty':
../Core/Src/motor_driver.c:12:42: warning: format '%d' expects argument of type 'int', but argument 2 has type 'int32_t' {aka 'long int'} [-Wformat=]
   12 |     printf("Setting Motor Duty Cycle to %d", duty);
      |                                         ~^   ~~~~
      |                                          |   |
      |                                          int int32_t {aka long int}
      |                                         %ld
../Core/Src/main.c: In function 'main':
../Core/Src/main.c:113:32: error: invalid type argument of '->' (have 'motor_t')
  113 |               TIM1->CCR2=(mot1)->ccr2;
      |                                ^~
make: *** [Core/Src/subdir.mk:37: Core/Src/main.o] Error 1
make: *** Waiting for unfinished jobs....
"make -j8 all" terminated with exit code 2. Build might be incomplete.
15:08:43 **** Incremental Build of configuration Debug for project Lab2 ****
make -j8 all 
arm-none-eabi-gcc "../Core/Src/main.c" -mcpu=cortex-m4 -std=gnu11 -g3 -DDEBUG -DUSE_HAL_DRIVER -DSTM32L476xx -c -I../Core/Inc -I../Drivers/STM32L4xx_HAL_Driver/Inc -I../Drivers/STM32L4xx_HAL_Driver/Inc/Legacy -I../Drivers/CMSIS/Device/ST/STM32L4xx/Include -I../Drivers/CMSIS/Include -O0 -ffunction-sections -fdata-sections -Wall -fstack-usage -fcyclomatic-complexity -MMD -MP -MF"Core/Src/main.d" -MT"Core/Src/main.o" --specs=nano.specs -mfpu=fpv4-sp-d16 -mfloat-abi=hard -mthumb -o "Core/Src/main.o"
arm-none-eabi-gcc -o "Lab2.elf" @"objects.list"   -mcpu=cortex-m4 -T"C:\Users\magoo\OneDrive\Documents\GitHub\ME-507-Mechatronics-Lab\Lab2\STM32L476RGTX_FLASH.ld" --specs=nosys.specs -Wl,-Map="Lab2.map" -Wl,--gc-sections -static --specs=nano.specs -mfpu=fpv4-sp-d16 -mfloat-abi=hard -mthumb -Wl,--start-group -lc -lm -Wl,--end-group
Finished building target: Lab2.elf
 
arm-none-eabi-size  Lab2.elf 
arm-none-eabi-objdump -h -S Lab2.elf  > "Lab2.list"
   text	   data	    bss	    dec	    hex	filename
  15600	    104	   2056	  17760	   4560	Lab2.elf
Finished building: default.size.stdout
 
Finished building: Lab2.list
 
15:09:03 **** Incremental Build of configuration Debug for project Lab2 ****
make -j8 all 
arm-none-eabi-size  Lab2.elf 
   text	   data	    bss	    dec	    hex	filename
  15600	    104	   2056	  17760	   4560	Lab2.elf
Finished building: default.size.stdout
 
